2021-10-05 13:45:04 [scrapy.utils.log] INFO: Scrapy 2.5.0 started (bot: tennis_explorer)
2021-10-05 13:45:04 [scrapy.utils.log] INFO: Versions: lxml 4.6.3.0, libxml2 2.9.10, cssselect 1.1.0, parsel 1.6.0, w3lib 1.22.0, Twisted 21.7.0, Python 3.8.12 (default, Sep  3 2021, 02:35:42) - [GCC 8.3.0], pyOpenSSL 20.0.1 (OpenSSL 1.1.1l  24 Aug 2021), cryptography 3.4.8, Platform Linux-5.10.47-linuxkit-x86_64-with-glibc2.2.5
2021-10-05 13:45:04 [scrapy.utils.log] DEBUG: Using reactor: twisted.internet.epollreactor.EPollReactor
2021-10-05 13:45:04 [scrapy.crawler] INFO: Overridden settings:
{'BOT_NAME': 'tennis_explorer',
 'LOG_FILE': 'temp.log',
 'NEWSPIDER_MODULE': 'tennis_explorer.spiders',
 'ROBOTSTXT_OBEY': True,
 'SPIDER_MODULES': ['tennis_explorer.spiders'],
 'USER_AGENT': 'Mozilla/5.0 (Macintosh; Intel Mac OS X 10_15_7) '
               'AppleWebKit/537.36 (KHTML, like Gecko) Chrome/92.0.4515.159 '
               'Safari/537.36'}
2021-10-05 13:45:04 [scrapy.extensions.telnet] INFO: Telnet Password: cc1d5c7d99c11d6d
2021-10-05 13:45:04 [scrapy.middleware] INFO: Enabled extensions:
['scrapy.extensions.corestats.CoreStats',
 'scrapy.extensions.telnet.TelnetConsole',
 'scrapy.extensions.memusage.MemoryUsage',
 'scrapy.extensions.logstats.LogStats']
2021-10-05 13:45:05 [scrapy.middleware] INFO: Enabled downloader middlewares:
['scrapy.downloadermiddlewares.robotstxt.RobotsTxtMiddleware',
 'scrapy.downloadermiddlewares.httpauth.HttpAuthMiddleware',
 'scrapy.downloadermiddlewares.downloadtimeout.DownloadTimeoutMiddleware',
 'scrapy.downloadermiddlewares.defaultheaders.DefaultHeadersMiddleware',
 'scrapy.downloadermiddlewares.useragent.UserAgentMiddleware',
 'scrapy.downloadermiddlewares.retry.RetryMiddleware',
 'scrapy.downloadermiddlewares.redirect.MetaRefreshMiddleware',
 'scrapy.downloadermiddlewares.httpcompression.HttpCompressionMiddleware',
 'scrapy.downloadermiddlewares.redirect.RedirectMiddleware',
 'scrapy.downloadermiddlewares.cookies.CookiesMiddleware',
 'scrapy.downloadermiddlewares.httpproxy.HttpProxyMiddleware',
 'scrapy.downloadermiddlewares.stats.DownloaderStats']
2021-10-05 13:45:05 [scrapy.middleware] INFO: Enabled spider middlewares:
['scrapy.spidermiddlewares.httperror.HttpErrorMiddleware',
 'scrapy.spidermiddlewares.offsite.OffsiteMiddleware',
 'scrapy.spidermiddlewares.referer.RefererMiddleware',
 'scrapy.spidermiddlewares.urllength.UrlLengthMiddleware',
 'scrapy.spidermiddlewares.depth.DepthMiddleware']
2021-10-05 13:45:05 [scrapy.middleware] INFO: Enabled item pipelines:
[]
2021-10-05 13:45:05 [scrapy.core.engine] INFO: Spider opened
2021-10-05 13:45:05 [scrapy.extensions.logstats] INFO: Crawled 0 pages (at 0 pages/min), scraped 0 items (at 0 items/min)
2021-10-05 13:45:05 [scrapy.extensions.telnet] INFO: Telnet console listening on 127.0.0.1:6023
2021-10-05 13:45:06 [scrapy.core.engine] DEBUG: Crawled (200) <GET https://www.tennisexplorer.com/robots.txt> (referer: None)
2021-10-05 13:45:06 [protego] DEBUG: Rule at line 1 without any user agent to enforce it on.
2021-10-05 13:45:06 [scrapy.core.engine] DEBUG: Crawled (200) <GET https://www.tennisexplorer.com/ranking/atp-men/> (referer: None)
2021-10-05 13:45:07 [scrapy.core.engine] DEBUG: Crawled (200) <GET https://www.tennisexplorer.com/ranking/atp-men/?page=4> (referer: None)
2021-10-05 13:45:07 [scrapy.core.engine] DEBUG: Crawled (200) <GET https://www.tennisexplorer.com/ranking/atp-men/?page=3> (referer: None)
2021-10-05 13:45:07 [scrapy.core.engine] DEBUG: Crawled (200) <GET https://www.tennisexplorer.com/ranking/atp-men/?page=2> (referer: None)
2021-10-05 13:45:07 [scrapy.core.engine] DEBUG: Crawled (200) <GET https://www.tennisexplorer.com/player/shapovalov/> (referer: https://www.tennisexplorer.com/ranking/atp-men/)
2021-10-05 13:45:07 [scrapy.core.engine] DEBUG: Crawled (200) <GET https://www.tennisexplorer.com/player/thiem-cd8bc/> (referer: https://www.tennisexplorer.com/ranking/atp-men/)
2021-10-05 13:45:07 [scrapy.core.engine] DEBUG: Crawled (200) <GET https://www.tennisexplorer.com/player/berrettini-707ad/> (referer: https://www.tennisexplorer.com/ranking/atp-men/)
2021-10-05 13:45:07 [scrapy.core.engine] DEBUG: Crawled (200) <GET https://www.tennisexplorer.com/player/nadal/> (referer: https://www.tennisexplorer.com/ranking/atp-men/)
2021-10-05 13:45:07 [scrapy.core.engine] DEBUG: Crawled (200) <GET https://www.tennisexplorer.com/player/federer/> (referer: https://www.tennisexplorer.com/ranking/atp-men/)
2021-10-05 13:45:07 [scrapy.core.engine] DEBUG: Crawled (200) <GET https://www.tennisexplorer.com/player/ruud-dfb38/> (referer: https://www.tennisexplorer.com/ranking/atp-men/)
2021-10-05 13:45:07 [scrapy.core.engine] DEBUG: Crawled (200) <GET https://www.tennisexplorer.com/player/rublev/> (referer: https://www.tennisexplorer.com/ranking/atp-men/)
2021-10-05 13:45:08 [scrapy.core.engine] DEBUG: Crawled (200) <GET https://www.tennisexplorer.com/player/auger-aliassime/> (referer: https://www.tennisexplorer.com/ranking/atp-men/)
2021-10-05 13:45:08 [scrapy.core.engine] DEBUG: Crawled (200) <GET https://www.tennisexplorer.com/player/hurkacz/> (referer: https://www.tennisexplorer.com/ranking/atp-men/)
2021-10-05 13:45:08 [scrapy.core.engine] DEBUG: Crawled (200) <GET https://www.tennisexplorer.com/player/zverev-6f768/> (referer: https://www.tennisexplorer.com/ranking/atp-men/)
2021-10-05 13:45:08 [scrapy.core.engine] DEBUG: Crawled (200) <GET https://www.tennisexplorer.com/player/tsitsipas-b526f/> (referer: https://www.tennisexplorer.com/ranking/atp-men/)
2021-10-05 13:45:08 [scrapy.core.engine] DEBUG: Crawled (200) <GET https://www.tennisexplorer.com/player/medvedev-e0d2d/> (referer: https://www.tennisexplorer.com/ranking/atp-men/)
2021-10-05 13:45:09 [scrapy.core.engine] DEBUG: Crawled (200) <GET https://www.tennisexplorer.com/player/paire-4a33b/> (referer: https://www.tennisexplorer.com/ranking/atp-men/)
2021-10-05 13:45:09 [scrapy.core.engine] DEBUG: Crawled (200) <GET https://www.tennisexplorer.com/player/djokovic/> (referer: https://www.tennisexplorer.com/ranking/atp-men/)
2021-10-05 13:45:09 [scrapy.core.engine] DEBUG: Crawled (200) <GET https://www.tennisexplorer.com/player/coric/> (referer: https://www.tennisexplorer.com/ranking/atp-men/)
2021-10-05 13:45:09 [scrapy.core.engine] DEBUG: Crawled (200) <GET https://www.tennisexplorer.com/player/herbert-fa5ad/> (referer: https://www.tennisexplorer.com/ranking/atp-men/?page=2)
2021-10-05 13:45:09 [scrapy.core.engine] DEBUG: Crawled (200) <GET https://www.tennisexplorer.com/player/cuevas-fe9b3/> (referer: https://www.tennisexplorer.com/ranking/atp-men/?page=2)
2021-10-05 13:45:09 [scrapy.core.engine] DEBUG: Crawled (200) <GET https://www.tennisexplorer.com/player/laaksonen/> (referer: https://www.tennisexplorer.com/ranking/atp-men/?page=2)
2021-10-05 13:45:09 [scrapy.core.engine] DEBUG: Crawled (200) <GET https://www.tennisexplorer.com/player/kyrgios/> (referer: https://www.tennisexplorer.com/ranking/atp-men/?page=2)
2021-10-05 13:45:10 [scrapy.core.engine] DEBUG: Crawled (200) <GET https://www.tennisexplorer.com/player/seppi/> (referer: https://www.tennisexplorer.com/ranking/atp-men/?page=2)
2021-10-05 13:45:10 [scrapy.core.engine] DEBUG: Crawled (200) <GET https://www.tennisexplorer.com/player/monteiro-f1500/> (referer: https://www.tennisexplorer.com/ranking/atp-men/?page=2)
2021-10-05 13:45:10 [scrapy.core.engine] DEBUG: Crawled (200) <GET https://www.tennisexplorer.com/player/ruusuvuori/> (referer: https://www.tennisexplorer.com/ranking/atp-men/?page=2)
2021-10-05 13:45:10 [scrapy.core.engine] DEBUG: Crawled (200) <GET https://www.tennisexplorer.com/player/millman/> (referer: https://www.tennisexplorer.com/ranking/atp-men/?page=2)
2021-10-05 13:45:10 [scrapy.core.engine] DEBUG: Crawled (200) <GET https://www.tennisexplorer.com/player/travaglia/> (referer: https://www.tennisexplorer.com/ranking/atp-men/?page=2)
2021-10-05 13:45:10 [scrapy.core.engine] DEBUG: Crawled (200) <GET https://www.tennisexplorer.com/player/gasquet/> (referer: https://www.tennisexplorer.com/ranking/atp-men/?page=2)
2021-10-05 13:45:10 [scrapy.core.engine] DEBUG: Crawled (200) <GET https://www.tennisexplorer.com/player/gojowczyk/> (referer: https://www.tennisexplorer.com/ranking/atp-men/?page=2)
2021-10-05 13:45:10 [scrapy.core.engine] DEBUG: Crawled (200) <GET https://www.tennisexplorer.com/player/querrey/> (referer: https://www.tennisexplorer.com/ranking/atp-men/?page=2)
2021-10-05 13:45:11 [scrapy.core.engine] DEBUG: Crawled (200) <GET https://www.tennisexplorer.com/player/moutet/> (referer: https://www.tennisexplorer.com/ranking/atp-men/?page=2)
2021-10-05 13:45:11 [scrapy.core.engine] DEBUG: Crawled (200) <GET https://www.tennisexplorer.com/player/ramos-vinolas/> (referer: https://www.tennisexplorer.com/ranking/atp-men/)
2021-10-05 13:45:11 [scrapy.core.engine] DEBUG: Crawled (200) <GET https://www.tennisexplorer.com/player/pospisil-9e7de/> (referer: https://www.tennisexplorer.com/ranking/atp-men/?page=2)
2021-10-05 13:45:11 [scrapy.core.engine] DEBUG: Crawled (200) <GET https://www.tennisexplorer.com/player/ymer-0a35a/> (referer: https://www.tennisexplorer.com/ranking/atp-men/?page=2)
2021-10-05 13:45:11 [scrapy.core.engine] DEBUG: Crawled (200) <GET https://www.tennisexplorer.com/player/johnson-61d6e/> (referer: https://www.tennisexplorer.com/ranking/atp-men/?page=2)
2021-10-05 13:45:11 [scrapy.core.engine] DEBUG: Crawled (200) <GET https://www.tennisexplorer.com/player/bedene/> (referer: https://www.tennisexplorer.com/ranking/atp-men/?page=2)
2021-10-05 13:45:11 [scrapy.core.engine] DEBUG: Crawled (200) <GET https://www.tennisexplorer.com/player/kudla/> (referer: https://www.tennisexplorer.com/ranking/atp-men/?page=2)
2021-10-05 13:45:11 [scrapy.core.engine] DEBUG: Crawled (200) <GET https://www.tennisexplorer.com/player/carballes-baena/> (referer: https://www.tennisexplorer.com/ranking/atp-men/?page=2)
2021-10-05 13:45:11 [scrapy.core.engine] DEBUG: Crawled (200) <GET https://www.tennisexplorer.com/player/andujar/> (referer: https://www.tennisexplorer.com/ranking/atp-men/?page=2)
2021-10-05 13:45:11 [scrapy.core.engine] DEBUG: Crawled (200) <GET https://www.tennisexplorer.com/player/vesely/> (referer: https://www.tennisexplorer.com/ranking/atp-men/?page=2)
2021-10-05 13:45:11 [scrapy.core.engine] DEBUG: Crawled (200) <GET https://www.tennisexplorer.com/player/nakashima-68876/> (referer: https://www.tennisexplorer.com/ranking/atp-men/?page=2)
2021-10-05 13:45:12 [scrapy.core.engine] DEBUG: Crawled (200) <GET https://www.tennisexplorer.com/player/cecchinato/> (referer: https://www.tennisexplorer.com/ranking/atp-men/?page=2)
2021-10-05 13:45:12 [scrapy.core.engine] DEBUG: Crawled (200) <GET https://www.tennisexplorer.com/player/pella/> (referer: https://www.tennisexplorer.com/ranking/atp-men/?page=2)
2021-10-05 13:45:12 [scrapy.core.engine] DEBUG: Crawled (200) <GET https://www.tennisexplorer.com/player/brooksby/> (referer: https://www.tennisexplorer.com/ranking/atp-men/?page=2)
2021-10-05 13:45:12 [scrapy.core.engine] DEBUG: Crawled (200) <GET https://www.tennisexplorer.com/player/chardy/> (referer: https://www.tennisexplorer.com/ranking/atp-men/?page=2)
2021-10-05 13:45:12 [scrapy.core.engine] DEBUG: Crawled (200) <GET https://www.tennisexplorer.com/player/thompson-46e89/> (referer: https://www.tennisexplorer.com/ranking/atp-men/?page=2)
2021-10-05 13:45:12 [scrapy.core.engine] DEBUG: Crawled (200) <GET https://www.tennisexplorer.com/player/nishioka/> (referer: https://www.tennisexplorer.com/ranking/atp-men/?page=2)
2021-10-05 13:45:12 [scrapy.core.engine] DEBUG: Crawled (200) <GET https://www.tennisexplorer.com/player/bagnis/> (referer: https://www.tennisexplorer.com/ranking/atp-men/?page=2)
2021-10-05 13:45:12 [scrapy.core.engine] DEBUG: Crawled (200) <GET https://www.tennisexplorer.com/player/mager/> (referer: https://www.tennisexplorer.com/ranking/atp-men/?page=2)
2021-10-05 13:45:13 [scrapy.core.engine] DEBUG: Crawled (200) <GET https://www.tennisexplorer.com/player/kolar-d6d52/> (referer: https://www.tennisexplorer.com/ranking/atp-men/?page=3)
2021-10-05 13:45:14 [scrapy.core.engine] DEBUG: Crawled (200) <GET https://www.tennisexplorer.com/player/caruso-7cfdb/> (referer: https://www.tennisexplorer.com/ranking/atp-men/?page=3)
2021-10-05 13:45:14 [scrapy.core.engine] DEBUG: Crawled (200) <GET https://www.tennisexplorer.com/player/uchiyama/> (referer: https://www.tennisexplorer.com/ranking/atp-men/?page=3)
2021-10-05 13:45:14 [scrapy.core.engine] DEBUG: Crawled (200) <GET https://www.tennisexplorer.com/player/cressy/> (referer: https://www.tennisexplorer.com/ranking/atp-men/?page=3)
2021-10-05 13:45:14 [scrapy.core.engine] DEBUG: Crawled (200) <GET https://www.tennisexplorer.com/player/rinderknech/> (referer: https://www.tennisexplorer.com/ranking/atp-men/?page=2)
2021-10-05 13:45:14 [scrapy.core.engine] DEBUG: Crawled (200) <GET https://www.tennisexplorer.com/player/popyrin/> (referer: https://www.tennisexplorer.com/ranking/atp-men/?page=2)
2021-10-05 13:45:14 [scrapy.core.engine] DEBUG: Crawled (200) <GET https://www.tennisexplorer.com/player/kukushkin/> (referer: https://www.tennisexplorer.com/ranking/atp-men/?page=3)
2021-10-05 13:45:15 [scrapy.core.engine] DEBUG: Crawled (200) <GET https://www.tennisexplorer.com/player/pouille/> (referer: https://www.tennisexplorer.com/ranking/atp-men/?page=3)
2021-10-05 13:45:15 [scrapy.core.engine] DEBUG: Crawled (200) <GET https://www.tennisexplorer.com/player/donskoy/> (referer: https://www.tennisexplorer.com/ranking/atp-men/?page=3)
2021-10-05 13:45:15 [scrapy.core.engine] DEBUG: Crawled (200) <GET https://www.tennisexplorer.com/player/munar-d1298/> (referer: https://www.tennisexplorer.com/ranking/atp-men/?page=2)
2021-10-05 13:45:15 [scrapy.core.engine] DEBUG: Crawled (200) <GET https://www.tennisexplorer.com/player/kovalik/> (referer: https://www.tennisexplorer.com/ranking/atp-men/?page=3)
2021-10-05 13:45:15 [scrapy.core.engine] DEBUG: Crawled (200) <GET https://www.tennisexplorer.com/player/etcheverry-7101a/> (referer: https://www.tennisexplorer.com/ranking/atp-men/?page=3)
2021-10-05 13:45:15 [scrapy.core.engine] DEBUG: Crawled (200) <GET https://www.tennisexplorer.com/player/rodionov-f5e38/> (referer: https://www.tennisexplorer.com/ranking/atp-men/?page=3)
2021-10-05 13:45:15 [scrapy.core.engine] DEBUG: Crawled (200) <GET https://www.tennisexplorer.com/player/verdasco/> (referer: https://www.tennisexplorer.com/ranking/atp-men/?page=3)
2021-10-05 13:45:15 [scrapy.core.engine] DEBUG: Crawled (200) <GET https://www.tennisexplorer.com/player/baez-a8fb1/> (referer: https://www.tennisexplorer.com/ranking/atp-men/?page=3)
2021-10-05 13:45:15 [scrapy.core.engine] DEBUG: Crawled (200) <GET https://www.tennisexplorer.com/player/otte/> (referer: https://www.tennisexplorer.com/ranking/atp-men/?page=3)
2021-10-05 13:45:15 [scrapy.core.engine] DEBUG: Crawled (200) <GET https://www.tennisexplorer.com/player/milojevic-adb7d/> (referer: https://www.tennisexplorer.com/ranking/atp-men/?page=3)
2021-10-05 13:45:15 [scrapy.core.engine] DEBUG: Crawled (200) <GET https://www.tennisexplorer.com/player/dzumhur/> (referer: https://www.tennisexplorer.com/ranking/atp-men/?page=3)
2021-10-05 13:45:15 [scrapy.core.engine] DEBUG: Crawled (200) <GET https://www.tennisexplorer.com/player/machac/> (referer: https://www.tennisexplorer.com/ranking/atp-men/?page=3)
2021-10-05 13:45:16 [scrapy.core.engine] DEBUG: Crawled (200) <GET https://www.tennisexplorer.com/player/sugita/> (referer: https://www.tennisexplorer.com/ranking/atp-men/?page=3)
2021-10-05 13:45:16 [scrapy.core.engine] DEBUG: Crawled (200) <GET https://www.tennisexplorer.com/player/o-connell-020b8/> (referer: https://www.tennisexplorer.com/ranking/atp-men/?page=3)
2021-10-05 13:45:16 [scrapy.core.engine] DEBUG: Crawled (200) <GET https://www.tennisexplorer.com/player/seyboth-wild/> (referer: https://www.tennisexplorer.com/ranking/atp-men/?page=3)
2021-10-05 13:45:16 [scrapy.core.engine] DEBUG: Crawled (200) <GET https://www.tennisexplorer.com/player/dellien/> (referer: https://www.tennisexplorer.com/ranking/atp-men/?page=3)
2021-10-05 13:45:16 [scrapy.core.engine] DEBUG: Crawled (200) <GET https://www.tennisexplorer.com/player/varillas/> (referer: https://www.tennisexplorer.com/ranking/atp-men/?page=3)
2021-10-05 13:45:16 [scrapy.core.engine] DEBUG: Crawled (200) <GET https://www.tennisexplorer.com/player/bolt-fa7eb/> (referer: https://www.tennisexplorer.com/ranking/atp-men/?page=3)
2021-10-05 13:45:17 [scrapy.core.engine] DEBUG: Crawled (200) <GET https://www.tennisexplorer.com/player/zapata-miralles/> (referer: https://www.tennisexplorer.com/ranking/atp-men/?page=3)
2021-10-05 13:45:17 [scrapy.core.engine] DEBUG: Crawled (200) <GET https://www.tennisexplorer.com/player/rune/> (referer: https://www.tennisexplorer.com/ranking/atp-men/?page=3)
2021-10-05 13:45:17 [scrapy.core.engine] DEBUG: Crawled (200) <GET https://www.tennisexplorer.com/player/daniel-2dd17/> (referer: https://www.tennisexplorer.com/ranking/atp-men/?page=3)
2021-10-05 13:45:17 [scrapy.core.engine] DEBUG: Crawled (200) <GET https://www.tennisexplorer.com/player/broady-9ff27/> (referer: https://www.tennisexplorer.com/ranking/atp-men/?page=3)
2021-10-05 13:45:17 [scrapy.core.engine] DEBUG: Crawled (200) <GET https://www.tennisexplorer.com/player/hanfmann/> (referer: https://www.tennisexplorer.com/ranking/atp-men/?page=3)
2021-10-05 13:45:22 [scrapy.downloadermiddlewares.retry] DEBUG: Retrying <GET https://www.tennisexplorer.com/player/balazs-a0908/> (failed 1 times): [<twisted.python.failure.Failure twisted.internet.error.ConnectionLost: Connection to the other side was lost in a non-clean fashion: Connection lost.>]
2021-10-05 13:45:22 [scrapy.downloadermiddlewares.retry] DEBUG: Retrying <GET https://www.tennisexplorer.com/player/sousa-41f7b/> (failed 1 times): [<twisted.python.failure.Failure twisted.internet.error.ConnectionLost: Connection to the other side was lost in a non-clean fashion: Connection lost.>]
2021-10-05 13:45:28 [scrapy.core.engine] DEBUG: Crawled (200) <GET https://www.tennisexplorer.com/player/majchrzak-905d8/> (referer: https://www.tennisexplorer.com/ranking/atp-men/?page=3)
2021-10-05 13:45:28 [scrapy.core.engine] DEBUG: Crawled (200) <GET https://www.tennisexplorer.com/player/van-de-zandschulp/> (referer: https://www.tennisexplorer.com/ranking/atp-men/?page=2)
2021-10-05 13:45:28 [scrapy.core.engine] DEBUG: Crawled (200) <GET https://www.tennisexplorer.com/player/griekspoor-d58ed/> (referer: https://www.tennisexplorer.com/ranking/atp-men/?page=3)
2021-10-05 13:45:28 [scrapy.core.engine] DEBUG: Crawled (200) <GET https://www.tennisexplorer.com/player/albot/> (referer: https://www.tennisexplorer.com/ranking/atp-men/?page=3)
2021-10-05 13:45:28 [scrapy.core.engine] DEBUG: Crawled (200) <GET https://www.tennisexplorer.com/player/murray/> (referer: https://www.tennisexplorer.com/ranking/atp-men/?page=3)
2021-10-05 13:45:28 [scrapy.core.engine] DEBUG: Crawled (200) <GET https://www.tennisexplorer.com/player/anderson-af8c3/> (referer: https://www.tennisexplorer.com/ranking/atp-men/?page=2)
2021-10-05 13:45:28 [scrapy.core.engine] DEBUG: Crawled (200) <GET https://www.tennisexplorer.com/player/coria-df292/> (referer: https://www.tennisexplorer.com/ranking/atp-men/?page=2)
2021-10-05 13:45:29 [scrapy.core.engine] DEBUG: Crawled (200) <GET https://www.tennisexplorer.com/player/mannarino-a7108/> (referer: https://www.tennisexplorer.com/ranking/atp-men/?page=2)
2021-10-05 13:45:29 [scrapy.core.engine] DEBUG: Crawled (200) <GET https://www.tennisexplorer.com/player/koepfer/> (referer: https://www.tennisexplorer.com/ranking/atp-men/?page=2)
2021-10-05 13:45:29 [scrapy.core.engine] DEBUG: Crawled (200) <GET https://www.tennisexplorer.com/player/bonzi-a38fa/> (referer: https://www.tennisexplorer.com/ranking/atp-men/?page=2)
2021-10-05 13:45:29 [scrapy.core.engine] DEBUG: Crawled (200) <GET https://www.tennisexplorer.com/player/kecmanovic/> (referer: https://www.tennisexplorer.com/ranking/atp-men/?page=2)
2021-10-05 13:45:29 [scrapy.core.engine] DEBUG: Crawled (200) <GET https://www.tennisexplorer.com/player/martin-3dfa5/> (referer: https://www.tennisexplorer.com/ranking/atp-men/?page=3)
2021-10-05 13:45:29 [scrapy.core.engine] DEBUG: Crawled (200) <GET https://www.tennisexplorer.com/player/musetti/> (referer: https://www.tennisexplorer.com/ranking/atp-men/?page=2)
2021-10-05 13:45:29 [scrapy.core.engine] DEBUG: Crawled (200) <GET https://www.tennisexplorer.com/player/paul-324c3/> (referer: https://www.tennisexplorer.com/ranking/atp-men/?page=2)
2021-10-05 13:45:29 [scrapy.core.engine] DEBUG: Crawled (200) <GET https://www.tennisexplorer.com/player/martinez-c0caf/> (referer: https://www.tennisexplorer.com/ranking/atp-men/?page=2)
2021-10-05 13:45:30 [scrapy.core.engine] DEBUG: Crawled (200) <GET https://www.tennisexplorer.com/player/giron-49e97/> (referer: https://www.tennisexplorer.com/ranking/atp-men/?page=2)
2021-10-05 13:45:30 [scrapy.core.engine] DEBUG: Crawled (200) <GET https://www.tennisexplorer.com/player/kwon-b3d34/> (referer: https://www.tennisexplorer.com/ranking/atp-men/?page=2)
2021-10-05 13:45:30 [scrapy.core.engine] DEBUG: Crawled (200) <GET https://www.tennisexplorer.com/player/duckworth/> (referer: https://www.tennisexplorer.com/ranking/atp-men/?page=2)
2021-10-05 13:45:30 [scrapy.core.engine] DEBUG: Crawled (200) <GET https://www.tennisexplorer.com/player/nishikori/> (referer: https://www.tennisexplorer.com/ranking/atp-men/?page=2)
2021-10-05 13:45:30 [scrapy.core.engine] DEBUG: Crawled (200) <GET https://www.tennisexplorer.com/player/molcan/> (referer: https://www.tennisexplorer.com/ranking/atp-men/?page=3)
2021-10-05 13:45:30 [scrapy.core.engine] DEBUG: Crawled (200) <GET https://www.tennisexplorer.com/player/tiafoe/> (referer: https://www.tennisexplorer.com/ranking/atp-men/?page=2)
2021-10-05 13:45:30 [scrapy.core.engine] DEBUG: Crawled (200) <GET https://www.tennisexplorer.com/player/mcdonald-4d935/> (referer: https://www.tennisexplorer.com/ranking/atp-men/?page=2)
2021-10-05 13:45:32 [scrapy.core.engine] DEBUG: Crawled (200) <GET https://www.tennisexplorer.com/player/struff/> (referer: https://www.tennisexplorer.com/ranking/atp-men/?page=2)
2021-10-05 13:45:32 [scrapy.core.engine] DEBUG: Crawled (200) <GET https://www.tennisexplorer.com/player/simon-04c62/> (referer: https://www.tennisexplorer.com/ranking/atp-men/?page=3)
2021-10-05 13:45:32 [scrapy.core.engine] DEBUG: Crawled (200) <GET https://www.tennisexplorer.com/player/gombos/> (referer: https://www.tennisexplorer.com/ranking/atp-men/?page=3)
2021-10-05 13:45:32 [scrapy.core.engine] DEBUG: Crawled (200) <GET https://www.tennisexplorer.com/player/taberner/> (referer: https://www.tennisexplorer.com/ranking/atp-men/?page=3)
2021-10-05 13:45:32 [scrapy.core.engine] DEBUG: Crawled (200) <GET https://www.tennisexplorer.com/player/cerundolo/> (referer: https://www.tennisexplorer.com/ranking/atp-men/?page=3)
2021-10-05 13:45:32 [scrapy.core.engine] DEBUG: Crawled (200) <GET https://www.tennisexplorer.com/player/altmaier/> (referer: https://www.tennisexplorer.com/ranking/atp-men/?page=3)
2021-10-05 13:45:32 [scrapy.core.engine] DEBUG: Crawled (200) <GET https://www.tennisexplorer.com/player/novak-77d05/> (referer: https://www.tennisexplorer.com/ranking/atp-men/?page=3)
2021-10-05 13:45:32 [scrapy.core.engine] DEBUG: Crawled (200) <GET https://www.tennisexplorer.com/player/gaston-e1fa4/> (referer: https://www.tennisexplorer.com/ranking/atp-men/?page=3)
2021-10-05 13:45:33 [scrapy.core.engine] DEBUG: Crawled (200) <GET https://www.tennisexplorer.com/player/lopez/> (referer: https://www.tennisexplorer.com/ranking/atp-men/?page=3)
2021-10-05 13:45:33 [scrapy.core.engine] DEBUG: Crawled (200) <GET https://www.tennisexplorer.com/player/kohlschreiber/> (referer: https://www.tennisexplorer.com/ranking/atp-men/?page=3)
2021-10-05 13:45:33 [scrapy.core.engine] DEBUG: Crawled (200) <GET https://www.tennisexplorer.com/player/berankis/> (referer: https://www.tennisexplorer.com/ranking/atp-men/?page=3)
2021-10-05 13:45:33 [scrapy.core.engine] DEBUG: Crawled (200) <GET https://www.tennisexplorer.com/player/edmund/> (referer: https://www.tennisexplorer.com/ranking/atp-men/?page=3)
2021-10-05 13:45:33 [scrapy.core.engine] DEBUG: Crawled (200) <GET https://www.tennisexplorer.com/player/galan-e4b30/> (referer: https://www.tennisexplorer.com/ranking/atp-men/?page=3)
2021-10-05 13:45:33 [scrapy.core.engine] DEBUG: Crawled (200) <GET https://www.tennisexplorer.com/player/cerundolo-08df6/> (referer: https://www.tennisexplorer.com/ranking/atp-men/?page=3)
2021-10-05 13:45:33 [scrapy.core.engine] DEBUG: Crawled (200) <GET https://www.tennisexplorer.com/player/sandgren-fb235/> (referer: https://www.tennisexplorer.com/ranking/atp-men/?page=3)
2021-10-05 13:45:33 [scrapy.core.engine] DEBUG: Crawled (200) <GET https://www.tennisexplorer.com/player/gerasimov/> (referer: https://www.tennisexplorer.com/ranking/atp-men/?page=3)
2021-10-05 13:45:33 [scrapy.core.scraper] ERROR: Spider error processing <GET https://www.tennisexplorer.com/player/edmund/> (referer: https://www.tennisexplorer.com/ranking/atp-men/?page=3)
Traceback (most recent call last):
  File "/usr/local/lib/python3.8/site-packages/twisted/internet/defer.py", line 858, in _runCallbacks
    current.result = callback(  # type: ignore[misc]
  File "/app/tennis_explorer/spiders/players.py", line 46, in parse_player_profile
    roi: roi
  File "/app/tennis_explorer/spiders/players.py", line 63, in calc_roi
    odds = 1.0
AttributeError: 'NoneType' object has no attribute 'find_all'
2021-10-05 13:45:34 [scrapy.core.engine] DEBUG: Crawled (200) <GET https://www.tennisexplorer.com/player/karlovic/> (referer: https://www.tennisexplorer.com/ranking/atp-men/?page=4)
2021-10-05 13:45:34 [scrapy.core.engine] DEBUG: Crawled (200) <GET https://www.tennisexplorer.com/player/olivo/> (referer: https://www.tennisexplorer.com/ranking/atp-men/?page=4)
2021-10-05 13:45:34 [scrapy.core.engine] DEBUG: Crawled (200) <GET https://www.tennisexplorer.com/player/kopriva/> (referer: https://www.tennisexplorer.com/ranking/atp-men/?page=4)
2021-10-05 13:45:34 [scrapy.core.engine] DEBUG: Crawled (200) <GET https://www.tennisexplorer.com/player/trungelliti/> (referer: https://www.tennisexplorer.com/ranking/atp-men/?page=4)
2021-10-05 13:45:34 [scrapy.core.engine] DEBUG: Crawled (200) <GET https://www.tennisexplorer.com/player/clarke-60a59/> (referer: https://www.tennisexplorer.com/ranking/atp-men/?page=4)
2021-10-05 13:45:34 [scrapy.core.engine] DEBUG: Crawled (200) <GET https://www.tennisexplorer.com/player/gulbis/> (referer: https://www.tennisexplorer.com/ranking/atp-men/?page=4)
2021-10-05 13:45:34 [scrapy.core.engine] DEBUG: Crawled (200) <GET https://www.tennisexplorer.com/player/eubanks-b3a89/> (referer: https://www.tennisexplorer.com/ranking/atp-men/?page=4)
2021-10-05 13:45:35 [scrapy.core.engine] DEBUG: Crawled (200) <GET https://www.tennisexplorer.com/player/marterer/> (referer: https://www.tennisexplorer.com/ranking/atp-men/?page=4)
2021-10-05 13:45:35 [scrapy.core.engine] DEBUG: Crawled (200) <GET https://www.tennisexplorer.com/player/wolf-e839f/> (referer: https://www.tennisexplorer.com/ranking/atp-men/?page=4)
2021-10-05 13:45:35 [scrapy.core.engine] DEBUG: Crawled (200) <GET https://www.tennisexplorer.com/player/ramanathan-8ace3/> (referer: https://www.tennisexplorer.com/ranking/atp-men/?page=4)
2021-10-05 13:45:35 [scrapy.core.engine] DEBUG: Crawled (200) <GET https://www.tennisexplorer.com/player/horansky/> (referer: https://www.tennisexplorer.com/ranking/atp-men/?page=4)
2021-10-05 13:45:35 [scrapy.core.engine] DEBUG: Crawled (200) <GET https://www.tennisexplorer.com/player/bergs/> (referer: https://www.tennisexplorer.com/ranking/atp-men/?page=4)
2021-10-05 13:45:35 [scrapy.core.engine] DEBUG: Crawled (200) <GET https://www.tennisexplorer.com/player/safwat/> (referer: https://www.tennisexplorer.com/ranking/atp-men/?page=4)
2021-10-05 13:45:35 [scrapy.core.engine] DEBUG: Crawled (200) <GET https://www.tennisexplorer.com/player/couacaud/> (referer: https://www.tennisexplorer.com/ranking/atp-men/?page=4)
2021-10-05 13:45:35 [scrapy.crawler] INFO: Received SIGINT, shutting down gracefully. Send again to force 
2021-10-05 13:45:36 [scrapy.core.engine] DEBUG: Crawled (200) <GET https://www.tennisexplorer.com/player/ilkel/> (referer: https://www.tennisexplorer.com/ranking/atp-men/?page=4)
2021-10-05 13:45:36 [scrapy.core.engine] INFO: Closing spider (shutdown)
2021-10-05 13:45:36 [scrapy.crawler] INFO: Received SIGINT twice, forcing unclean shutdown
2021-10-05 13:45:36 [scrapy.downloadermiddlewares.retry] DEBUG: Retrying <GET https://www.tennisexplorer.com/player/silva-cb43c/> (failed 1 times): [<twisted.python.failure.Failure twisted.internet.error.ConnectionLost: Connection to the other side was lost in a non-clean fashion: Connection lost.>]
2021-10-05 13:45:39 [scrapy.utils.log] INFO: Scrapy 2.5.0 started (bot: tennis_explorer)
2021-10-05 13:45:39 [scrapy.utils.log] INFO: Versions: lxml 4.6.3.0, libxml2 2.9.10, cssselect 1.1.0, parsel 1.6.0, w3lib 1.22.0, Twisted 21.7.0, Python 3.8.12 (default, Sep  3 2021, 02:35:42) - [GCC 8.3.0], pyOpenSSL 20.0.1 (OpenSSL 1.1.1l  24 Aug 2021), cryptography 3.4.8, Platform Linux-5.10.47-linuxkit-x86_64-with-glibc2.2.5
2021-10-05 13:45:39 [scrapy.utils.log] DEBUG: Using reactor: twisted.internet.epollreactor.EPollReactor
2021-10-05 13:45:39 [scrapy.crawler] INFO: Overridden settings:
{'BOT_NAME': 'tennis_explorer',
 'LOG_FILE': 'temp.log',
 'NEWSPIDER_MODULE': 'tennis_explorer.spiders',
 'ROBOTSTXT_OBEY': True,
 'SPIDER_MODULES': ['tennis_explorer.spiders'],
 'USER_AGENT': 'Mozilla/5.0 (Macintosh; Intel Mac OS X 10_15_7) '
               'AppleWebKit/537.36 (KHTML, like Gecko) Chrome/92.0.4515.159 '
               'Safari/537.36'}
2021-10-05 13:45:39 [scrapy.extensions.telnet] INFO: Telnet Password: 514953c0577c1d90
2021-10-05 13:45:39 [scrapy.middleware] INFO: Enabled extensions:
['scrapy.extensions.corestats.CoreStats',
 'scrapy.extensions.telnet.TelnetConsole',
 'scrapy.extensions.memusage.MemoryUsage',
 'scrapy.extensions.logstats.LogStats']
2021-10-05 13:45:39 [scrapy.middleware] INFO: Enabled downloader middlewares:
['scrapy.downloadermiddlewares.robotstxt.RobotsTxtMiddleware',
 'scrapy.downloadermiddlewares.httpauth.HttpAuthMiddleware',
 'scrapy.downloadermiddlewares.downloadtimeout.DownloadTimeoutMiddleware',
 'scrapy.downloadermiddlewares.defaultheaders.DefaultHeadersMiddleware',
 'scrapy.downloadermiddlewares.useragent.UserAgentMiddleware',
 'scrapy.downloadermiddlewares.retry.RetryMiddleware',
 'scrapy.downloadermiddlewares.redirect.MetaRefreshMiddleware',
 'scrapy.downloadermiddlewares.httpcompression.HttpCompressionMiddleware',
 'scrapy.downloadermiddlewares.redirect.RedirectMiddleware',
 'scrapy.downloadermiddlewares.cookies.CookiesMiddleware',
 'scrapy.downloadermiddlewares.httpproxy.HttpProxyMiddleware',
 'scrapy.downloadermiddlewares.stats.DownloaderStats']
2021-10-05 13:45:39 [scrapy.middleware] INFO: Enabled spider middlewares:
['scrapy.spidermiddlewares.httperror.HttpErrorMiddleware',
 'scrapy.spidermiddlewares.offsite.OffsiteMiddleware',
 'scrapy.spidermiddlewares.referer.RefererMiddleware',
 'scrapy.spidermiddlewares.urllength.UrlLengthMiddleware',
 'scrapy.spidermiddlewares.depth.DepthMiddleware']
2021-10-05 13:45:39 [scrapy.middleware] INFO: Enabled item pipelines:
[]
2021-10-05 13:45:39 [scrapy.core.engine] INFO: Spider opened
2021-10-05 13:45:39 [scrapy.extensions.logstats] INFO: Crawled 0 pages (at 0 pages/min), scraped 0 items (at 0 items/min)
2021-10-05 13:45:39 [scrapy.extensions.telnet] INFO: Telnet console listening on 127.0.0.1:6023
2021-10-05 13:45:40 [scrapy.core.engine] DEBUG: Crawled (200) <GET https://www.tennisexplorer.com/robots.txt> (referer: None)
2021-10-05 13:45:40 [protego] DEBUG: Rule at line 1 without any user agent to enforce it on.
2021-10-05 13:45:41 [scrapy.core.engine] DEBUG: Crawled (200) <GET https://www.tennisexplorer.com/ranking/atp-men/> (referer: None)
2021-10-05 13:45:41 [scrapy.core.engine] DEBUG: Crawled (200) <GET https://www.tennisexplorer.com/ranking/atp-men/?page=2> (referer: None)
2021-10-05 13:45:41 [scrapy.core.engine] DEBUG: Crawled (200) <GET https://www.tennisexplorer.com/ranking/atp-men/?page=3> (referer: None)
2021-10-05 13:45:41 [scrapy.core.engine] DEBUG: Crawled (200) <GET https://www.tennisexplorer.com/ranking/atp-men/?page=4> (referer: None)
2021-10-05 13:45:42 [scrapy.core.engine] DEBUG: Crawled (200) <GET https://www.tennisexplorer.com/player/schwartzman/> (referer: https://www.tennisexplorer.com/ranking/atp-men/)
2021-10-05 13:45:42 [scrapy.core.engine] DEBUG: Crawled (200) <GET https://www.tennisexplorer.com/player/ruud-dfb38/> (referer: https://www.tennisexplorer.com/ranking/atp-men/)
2021-10-05 13:45:42 [scrapy.core.engine] DEBUG: Crawled (200) <GET https://www.tennisexplorer.com/player/hurkacz/> (referer: https://www.tennisexplorer.com/ranking/atp-men/)
2021-10-05 13:45:42 [scrapy.core.engine] DEBUG: Crawled (200) <GET https://www.tennisexplorer.com/player/auger-aliassime/> (referer: https://www.tennisexplorer.com/ranking/atp-men/)
2021-10-05 13:45:42 [scrapy.core.engine] DEBUG: Crawled (200) <GET https://www.tennisexplorer.com/player/thiem-cd8bc/> (referer: https://www.tennisexplorer.com/ranking/atp-men/)
2021-10-05 13:45:42 [scrapy.core.engine] DEBUG: Crawled (200) <GET https://www.tennisexplorer.com/player/sinner-8b8e8/> (referer: https://www.tennisexplorer.com/ranking/atp-men/)
2021-10-05 13:45:42 [scrapy.core.engine] DEBUG: Crawled (200) <GET https://www.tennisexplorer.com/player/federer/> (referer: https://www.tennisexplorer.com/ranking/atp-men/)
2021-10-05 13:45:42 [scrapy.core.engine] DEBUG: Crawled (200) <GET https://www.tennisexplorer.com/player/shapovalov/> (referer: https://www.tennisexplorer.com/ranking/atp-men/)
2021-10-05 13:45:43 [scrapy.core.engine] DEBUG: Crawled (200) <GET https://www.tennisexplorer.com/player/berrettini-707ad/> (referer: https://www.tennisexplorer.com/ranking/atp-men/)
2021-10-05 13:45:43 [scrapy.core.engine] DEBUG: Crawled (200) <GET https://www.tennisexplorer.com/player/nadal/> (referer: https://www.tennisexplorer.com/ranking/atp-men/)
2021-10-05 13:45:43 [scrapy.core.engine] DEBUG: Crawled (200) <GET https://www.tennisexplorer.com/player/zverev-6f768/> (referer: https://www.tennisexplorer.com/ranking/atp-men/)
2021-10-05 13:45:43 [scrapy.core.engine] DEBUG: Crawled (200) <GET https://www.tennisexplorer.com/player/tsitsipas-b526f/> (referer: https://www.tennisexplorer.com/ranking/atp-men/)
2021-10-05 13:45:43 [scrapy.core.engine] DEBUG: Crawled (200) <GET https://www.tennisexplorer.com/player/coric/> (referer: https://www.tennisexplorer.com/ranking/atp-men/)
2021-10-05 13:45:43 [scrapy.core.engine] DEBUG: Crawled (200) <GET https://www.tennisexplorer.com/player/paire-4a33b/> (referer: https://www.tennisexplorer.com/ranking/atp-men/)
2021-10-05 13:45:43 [scrapy.core.engine] DEBUG: Crawled (200) <GET https://www.tennisexplorer.com/player/rublev/> (referer: https://www.tennisexplorer.com/ranking/atp-men/)
2021-10-05 13:45:43 [scrapy.core.engine] DEBUG: Crawled (200) <GET https://www.tennisexplorer.com/player/gulbis/> (referer: https://www.tennisexplorer.com/ranking/atp-men/?page=4)
2021-10-05 13:45:43 [scrapy.core.engine] DEBUG: Crawled (200) <GET https://www.tennisexplorer.com/player/clarke-60a59/> (referer: https://www.tennisexplorer.com/ranking/atp-men/?page=4)
2021-10-05 13:45:44 [scrapy.core.engine] DEBUG: Crawled (200) <GET https://www.tennisexplorer.com/player/trungelliti/> (referer: https://www.tennisexplorer.com/ranking/atp-men/?page=4)
2021-10-05 13:45:44 [scrapy.core.engine] DEBUG: Crawled (200) <GET https://www.tennisexplorer.com/player/kopriva/> (referer: https://www.tennisexplorer.com/ranking/atp-men/?page=4)
2021-10-05 13:45:44 [scrapy.core.engine] DEBUG: Crawled (200) <GET https://www.tennisexplorer.com/player/olivo/> (referer: https://www.tennisexplorer.com/ranking/atp-men/?page=4)
2021-10-05 13:45:44 [scrapy.core.engine] DEBUG: Crawled (200) <GET https://www.tennisexplorer.com/player/marterer/> (referer: https://www.tennisexplorer.com/ranking/atp-men/?page=4)
2021-10-05 13:45:44 [scrapy.core.engine] DEBUG: Crawled (200) <GET https://www.tennisexplorer.com/player/silva-cb43c/> (referer: https://www.tennisexplorer.com/ranking/atp-men/?page=4)
2021-10-05 13:45:44 [scrapy.core.engine] DEBUG: Crawled (200) <GET https://www.tennisexplorer.com/player/couacaud/> (referer: https://www.tennisexplorer.com/ranking/atp-men/?page=4)
2021-10-05 13:45:44 [scrapy.core.engine] DEBUG: Crawled (200) <GET https://www.tennisexplorer.com/player/horansky/> (referer: https://www.tennisexplorer.com/ranking/atp-men/?page=4)
2021-10-05 13:45:45 [scrapy.core.engine] DEBUG: Crawled (200) <GET https://www.tennisexplorer.com/player/ramanathan-8ace3/> (referer: https://www.tennisexplorer.com/ranking/atp-men/?page=4)
2021-10-05 13:45:45 [scrapy.core.engine] DEBUG: Crawled (200) <GET https://www.tennisexplorer.com/player/bergs/> (referer: https://www.tennisexplorer.com/ranking/atp-men/?page=4)
2021-10-05 13:45:45 [scrapy.core.engine] DEBUG: Crawled (200) <GET https://www.tennisexplorer.com/player/giannessi/> (referer: https://www.tennisexplorer.com/ranking/atp-men/?page=4)
2021-10-05 13:45:45 [scrapy.core.engine] DEBUG: Crawled (200) <GET https://www.tennisexplorer.com/player/wolf-e839f/> (referer: https://www.tennisexplorer.com/ranking/atp-men/?page=4)
2021-10-05 13:45:45 [scrapy.core.engine] DEBUG: Crawled (200) <GET https://www.tennisexplorer.com/player/karlovic/> (referer: https://www.tennisexplorer.com/ranking/atp-men/?page=4)
2021-10-05 13:45:45 [scrapy.core.engine] DEBUG: Crawled (200) <GET https://www.tennisexplorer.com/player/ramos-vinolas/> (referer: https://www.tennisexplorer.com/ranking/atp-men/)
2021-10-05 13:45:45 [scrapy.core.engine] DEBUG: Crawled (200) <GET https://www.tennisexplorer.com/player/safwat/> (referer: https://www.tennisexplorer.com/ranking/atp-men/?page=4)
2021-10-05 13:45:46 [scrapy.core.engine] DEBUG: Crawled (200) <GET https://www.tennisexplorer.com/player/eubanks-b3a89/> (referer: https://www.tennisexplorer.com/ranking/atp-men/?page=4)
2021-10-05 13:45:46 [scrapy.core.engine] DEBUG: Crawled (200) <GET https://www.tennisexplorer.com/player/tabilo/> (referer: https://www.tennisexplorer.com/ranking/atp-men/?page=4)
2021-10-05 13:45:46 [scrapy.core.engine] DEBUG: Crawled (200) <GET https://www.tennisexplorer.com/player/kokkinakis-7b2e6/> (referer: https://www.tennisexplorer.com/ranking/atp-men/?page=4)
2021-10-05 13:45:46 [scrapy.core.engine] DEBUG: Crawled (200) <GET https://www.tennisexplorer.com/player/sousa-16efd/> (referer: https://www.tennisexplorer.com/ranking/atp-men/?page=4)
2021-10-05 13:45:46 [scrapy.core.engine] DEBUG: Crawled (200) <GET https://www.tennisexplorer.com/player/ilkel/> (referer: https://www.tennisexplorer.com/ranking/atp-men/?page=4)
2021-10-05 13:45:46 [scrapy.core.engine] DEBUG: Crawled (200) <GET https://www.tennisexplorer.com/player/lacko/> (referer: https://www.tennisexplorer.com/ranking/atp-men/?page=4)
2021-10-05 13:45:46 [scrapy.core.engine] DEBUG: Crawled (200) <GET https://www.tennisexplorer.com/player/purcell-e05cf/> (referer: https://www.tennisexplorer.com/ranking/atp-men/?page=4)
2021-10-05 13:45:46 [scrapy.core.engine] DEBUG: Crawled (200) <GET https://www.tennisexplorer.com/player/escobedo-2bf83/> (referer: https://www.tennisexplorer.com/ranking/atp-men/?page=4)
2021-10-05 13:45:46 [scrapy.core.engine] DEBUG: Crawled (200) <GET https://www.tennisexplorer.com/player/rola/> (referer: https://www.tennisexplorer.com/ranking/atp-men/?page=4)
2021-10-05 13:45:46 [scrapy.core.engine] DEBUG: Crawled (200) <GET https://www.tennisexplorer.com/player/lehecka/> (referer: https://www.tennisexplorer.com/ranking/atp-men/?page=4)
2021-10-05 13:45:46 [scrapy.core.engine] DEBUG: Crawled (200) <GET https://www.tennisexplorer.com/player/fratangelo/> (referer: https://www.tennisexplorer.com/ranking/atp-men/?page=4)
2021-10-05 13:45:47 [scrapy.core.engine] DEBUG: Crawled (200) <GET https://www.tennisexplorer.com/player/gomez-eb573/> (referer: https://www.tennisexplorer.com/ranking/atp-men/?page=4)
2021-10-05 13:45:47 [scrapy.core.engine] DEBUG: Crawled (200) <GET https://www.tennisexplorer.com/player/moraing/> (referer: https://www.tennisexplorer.com/ranking/atp-men/?page=4)
2021-10-05 13:45:47 [scrapy.core.engine] DEBUG: Crawled (200) <GET https://www.tennisexplorer.com/player/zuk/> (referer: https://www.tennisexplorer.com/ranking/atp-men/?page=4)
2021-10-05 13:45:47 [scrapy.core.engine] DEBUG: Crawled (200) <GET https://www.tennisexplorer.com/player/vilella-martinez/> (referer: https://www.tennisexplorer.com/ranking/atp-men/?page=4)
2021-10-05 13:45:47 [scrapy.core.engine] DEBUG: Crawled (200) <GET https://www.tennisexplorer.com/player/huesler/> (referer: https://www.tennisexplorer.com/ranking/atp-men/?page=4)
2021-10-05 13:45:48 [scrapy.core.engine] DEBUG: Crawled (200) <GET https://www.tennisexplorer.com/player/kolar-d6d52/> (referer: https://www.tennisexplorer.com/ranking/atp-men/?page=3)
2021-10-05 13:45:48 [scrapy.core.engine] DEBUG: Crawled (200) <GET https://www.tennisexplorer.com/player/uchiyama/> (referer: https://www.tennisexplorer.com/ranking/atp-men/?page=3)
2021-10-05 13:45:48 [scrapy.core.engine] DEBUG: Crawled (200) <GET https://www.tennisexplorer.com/player/caruso-7cfdb/> (referer: https://www.tennisexplorer.com/ranking/atp-men/?page=3)
2021-10-05 13:45:48 [scrapy.core.engine] DEBUG: Crawled (200) <GET https://www.tennisexplorer.com/player/kukushkin/> (referer: https://www.tennisexplorer.com/ranking/atp-men/?page=3)
2021-10-05 13:45:48 [scrapy.core.engine] DEBUG: Crawled (200) <GET https://www.tennisexplorer.com/player/donskoy/> (referer: https://www.tennisexplorer.com/ranking/atp-men/?page=3)
2021-10-05 13:45:49 [scrapy.core.engine] DEBUG: Crawled (200) <GET https://www.tennisexplorer.com/player/kovalik/> (referer: https://www.tennisexplorer.com/ranking/atp-men/?page=3)
2021-10-05 13:45:49 [scrapy.core.engine] DEBUG: Crawled (200) <GET https://www.tennisexplorer.com/player/cressy/> (referer: https://www.tennisexplorer.com/ranking/atp-men/?page=3)
2021-10-05 13:45:49 [scrapy.core.engine] DEBUG: Crawled (200) <GET https://www.tennisexplorer.com/player/rodionov-f5e38/> (referer: https://www.tennisexplorer.com/ranking/atp-men/?page=3)
2021-10-05 13:45:49 [scrapy.core.engine] DEBUG: Crawled (200) <GET https://www.tennisexplorer.com/player/etcheverry-7101a/> (referer: https://www.tennisexplorer.com/ranking/atp-men/?page=3)
2021-10-05 13:45:49 [scrapy.core.engine] DEBUG: Crawled (200) <GET https://www.tennisexplorer.com/player/bolt-fa7eb/> (referer: https://www.tennisexplorer.com/ranking/atp-men/?page=3)
2021-10-05 13:45:49 [scrapy.core.engine] DEBUG: Crawled (200) <GET https://www.tennisexplorer.com/player/verdasco/> (referer: https://www.tennisexplorer.com/ranking/atp-men/?page=3)
2021-10-05 13:45:49 [scrapy.core.engine] DEBUG: Crawled (200) <GET https://www.tennisexplorer.com/player/baez-a8fb1/> (referer: https://www.tennisexplorer.com/ranking/atp-men/?page=3)
2021-10-05 13:45:49 [scrapy.core.engine] DEBUG: Crawled (200) <GET https://www.tennisexplorer.com/player/machac/> (referer: https://www.tennisexplorer.com/ranking/atp-men/?page=3)
2021-10-05 13:45:49 [scrapy.core.engine] DEBUG: Crawled (200) <GET https://www.tennisexplorer.com/player/otte/> (referer: https://www.tennisexplorer.com/ranking/atp-men/?page=3)
2021-10-05 13:45:50 [scrapy.core.engine] DEBUG: Crawled (200) <GET https://www.tennisexplorer.com/player/celikbilek/> (referer: https://www.tennisexplorer.com/ranking/atp-men/?page=4)
2021-10-05 13:45:50 [scrapy.core.engine] DEBUG: Crawled (200) <GET https://www.tennisexplorer.com/player/balazs-a0908/> (referer: https://www.tennisexplorer.com/ranking/atp-men/?page=3)
2021-10-05 13:45:50 [scrapy.core.engine] DEBUG: Crawled (200) <GET https://www.tennisexplorer.com/player/milojevic-adb7d/> (referer: https://www.tennisexplorer.com/ranking/atp-men/?page=3)
2021-10-05 13:45:50 [scrapy.core.engine] DEBUG: Crawled (200) <GET https://www.tennisexplorer.com/player/barrere-ea847/> (referer: https://www.tennisexplorer.com/ranking/atp-men/?page=4)
2021-10-05 13:45:50 [scrapy.core.engine] DEBUG: Crawled (200) <GET https://www.tennisexplorer.com/player/pouille/> (referer: https://www.tennisexplorer.com/ranking/atp-men/?page=3)
2021-10-05 13:45:50 [scrapy.core.engine] DEBUG: Crawled (200) <GET https://www.tennisexplorer.com/player/dzumhur/> (referer: https://www.tennisexplorer.com/ranking/atp-men/?page=3)
2021-10-05 13:45:50 [scrapy.core.engine] DEBUG: Crawled (200) <GET https://www.tennisexplorer.com/player/dellien/> (referer: https://www.tennisexplorer.com/ranking/atp-men/?page=3)
2021-10-05 13:45:50 [scrapy.core.engine] DEBUG: Crawled (200) <GET https://www.tennisexplorer.com/player/sugita/> (referer: https://www.tennisexplorer.com/ranking/atp-men/?page=3)
2021-10-05 13:45:50 [scrapy.core.engine] DEBUG: Crawled (200) <GET https://www.tennisexplorer.com/player/sousa-41f7b/> (referer: https://www.tennisexplorer.com/ranking/atp-men/?page=3)
2021-10-05 13:45:51 [scrapy.core.engine] DEBUG: Crawled (200) <GET https://www.tennisexplorer.com/player/o-connell-020b8/> (referer: https://www.tennisexplorer.com/ranking/atp-men/?page=3)
2021-10-05 13:45:51 [scrapy.core.engine] DEBUG: Crawled (200) <GET https://www.tennisexplorer.com/player/seyboth-wild/> (referer: https://www.tennisexplorer.com/ranking/atp-men/?page=3)
2021-10-05 13:45:51 [scrapy.core.engine] DEBUG: Crawled (200) <GET https://www.tennisexplorer.com/player/varillas/> (referer: https://www.tennisexplorer.com/ranking/atp-men/?page=3)
2021-10-05 13:45:51 [scrapy.core.engine] DEBUG: Crawled (200) <GET https://www.tennisexplorer.com/player/broady-9ff27/> (referer: https://www.tennisexplorer.com/ranking/atp-men/?page=3)
2021-10-05 13:45:51 [scrapy.core.engine] DEBUG: Crawled (200) <GET https://www.tennisexplorer.com/player/zapata-miralles/> (referer: https://www.tennisexplorer.com/ranking/atp-men/?page=3)
2021-10-05 13:45:51 [scrapy.core.engine] DEBUG: Crawled (200) <GET https://www.tennisexplorer.com/player/rune/> (referer: https://www.tennisexplorer.com/ranking/atp-men/?page=3)
2021-10-05 13:45:51 [scrapy.core.engine] DEBUG: Crawled (200) <GET https://www.tennisexplorer.com/player/daniel-2dd17/> (referer: https://www.tennisexplorer.com/ranking/atp-men/?page=3)
2021-10-05 13:45:51 [scrapy.core.engine] DEBUG: Crawled (200) <GET https://www.tennisexplorer.com/player/martin-3dfa5/> (referer: https://www.tennisexplorer.com/ranking/atp-men/?page=3)
2021-10-05 13:45:51 [scrapy.core.engine] DEBUG: Crawled (200) <GET https://www.tennisexplorer.com/player/majchrzak-905d8/> (referer: https://www.tennisexplorer.com/ranking/atp-men/?page=3)
2021-10-05 13:45:52 [scrapy.core.engine] DEBUG: Crawled (200) <GET https://www.tennisexplorer.com/player/murray/> (referer: https://www.tennisexplorer.com/ranking/atp-men/?page=3)
2021-10-05 13:45:52 [scrapy.crawler] INFO: Received SIGINT, shutting down gracefully. Send again to force 
2021-10-05 13:45:52 [scrapy.core.engine] INFO: Closing spider (shutdown)
2021-10-05 13:45:52 [scrapy.core.engine] DEBUG: Crawled (200) <GET https://www.tennisexplorer.com/player/albot/> (referer: https://www.tennisexplorer.com/ranking/atp-men/?page=3)
2021-10-05 13:45:52 [scrapy.core.engine] DEBUG: Crawled (200) <GET https://www.tennisexplorer.com/player/molcan/> (referer: https://www.tennisexplorer.com/ranking/atp-men/?page=3)
2021-10-05 13:45:52 [scrapy.crawler] INFO: Received SIGINT twice, forcing unclean shutdown
2021-10-05 13:45:52 [scrapy.core.engine] DEBUG: Crawled (200) <GET https://www.tennisexplorer.com/player/taberner/> (referer: https://www.tennisexplorer.com/ranking/atp-men/?page=3)
2021-10-05 13:45:52 [scrapy.core.engine] DEBUG: Crawled (200) <GET https://www.tennisexplorer.com/player/tsonga/> (referer: https://www.tennisexplorer.com/ranking/atp-men/?page=4)
2021-10-05 13:45:52 [scrapy.core.engine] DEBUG: Crawled (200) <GET https://www.tennisexplorer.com/player/jung-270ad/> (referer: https://www.tennisexplorer.com/ranking/atp-men/?page=4)
2021-10-05 13:45:52 [scrapy.downloadermiddlewares.retry] DEBUG: Retrying <GET https://www.tennisexplorer.com/player/hanfmann/> (failed 1 times): [<twisted.python.failure.Failure twisted.internet.error.ConnectionLost: Connection to the other side was lost in a non-clean fashion: Connection lost.>]
2021-10-05 13:45:52 [scrapy.core.downloader.handlers.http11] WARNING: Got data loss in https://www.tennisexplorer.com/player/gombos/. If you want to process broken responses set the setting DOWNLOAD_FAIL_ON_DATALOSS = False -- This message won't be shown in further requests
2021-10-05 13:45:52 [scrapy.downloadermiddlewares.retry] DEBUG: Retrying <GET https://www.tennisexplorer.com/player/gombos/> (failed 1 times): [<twisted.python.failure.Failure twisted.internet.error.ConnectionLost: Connection to the other side was lost in a non-clean fashion: Connection lost.>, <twisted.python.failure.Failure twisted.web.http._DataLoss: >]
2021-10-05 13:45:52 [scrapy.core.downloader.handlers.http11] WARNING: Got data loss in https://www.tennisexplorer.com/player/marchenko/. If you want to process broken responses set the setting DOWNLOAD_FAIL_ON_DATALOSS = False -- This message won't be shown in further requests
2021-10-05 13:45:52 [scrapy.downloadermiddlewares.retry] DEBUG: Retrying <GET https://www.tennisexplorer.com/player/marchenko/> (failed 1 times): [<twisted.python.failure.Failure twisted.internet.error.ConnectionLost: Connection to the other side was lost in a non-clean fashion: Connection lost.>, <twisted.python.failure.Failure twisted.web.http._DataLoss: >]
2021-10-05 13:45:52 [scrapy.downloadermiddlewares.retry] DEBUG: Retrying <GET https://www.tennisexplorer.com/player/griekspoor-d58ed/> (failed 1 times): [<twisted.python.failure.Failure twisted.internet.error.ConnectionLost: Connection to the other side was lost in a non-clean fashion: Connection lost.>]
2021-10-05 13:45:59 [scrapy.utils.log] INFO: Scrapy 2.5.0 started (bot: tennis_explorer)
2021-10-05 13:45:59 [scrapy.utils.log] INFO: Versions: lxml 4.6.3.0, libxml2 2.9.10, cssselect 1.1.0, parsel 1.6.0, w3lib 1.22.0, Twisted 21.7.0, Python 3.8.12 (default, Sep  3 2021, 02:35:42) - [GCC 8.3.0], pyOpenSSL 20.0.1 (OpenSSL 1.1.1l  24 Aug 2021), cryptography 3.4.8, Platform Linux-5.10.47-linuxkit-x86_64-with-glibc2.2.5
2021-10-05 13:45:59 [scrapy.utils.log] DEBUG: Using reactor: twisted.internet.epollreactor.EPollReactor
2021-10-05 13:45:59 [scrapy.crawler] INFO: Overridden settings:
{'BOT_NAME': 'tennis_explorer',
 'LOG_FILE': 'temp.log',
 'NEWSPIDER_MODULE': 'tennis_explorer.spiders',
 'ROBOTSTXT_OBEY': True,
 'SPIDER_MODULES': ['tennis_explorer.spiders'],
 'USER_AGENT': 'Mozilla/5.0 (Macintosh; Intel Mac OS X 10_15_7) '
               'AppleWebKit/537.36 (KHTML, like Gecko) Chrome/92.0.4515.159 '
               'Safari/537.36'}
2021-10-05 13:45:59 [scrapy.extensions.telnet] INFO: Telnet Password: 35d010ad0eb19145
2021-10-05 13:45:59 [scrapy.middleware] INFO: Enabled extensions:
['scrapy.extensions.corestats.CoreStats',
 'scrapy.extensions.telnet.TelnetConsole',
 'scrapy.extensions.memusage.MemoryUsage',
 'scrapy.extensions.logstats.LogStats']
2021-10-05 13:45:59 [scrapy.middleware] INFO: Enabled downloader middlewares:
['scrapy.downloadermiddlewares.robotstxt.RobotsTxtMiddleware',
 'scrapy.downloadermiddlewares.httpauth.HttpAuthMiddleware',
 'scrapy.downloadermiddlewares.downloadtimeout.DownloadTimeoutMiddleware',
 'scrapy.downloadermiddlewares.defaultheaders.DefaultHeadersMiddleware',
 'scrapy.downloadermiddlewares.useragent.UserAgentMiddleware',
 'scrapy.downloadermiddlewares.retry.RetryMiddleware',
 'scrapy.downloadermiddlewares.redirect.MetaRefreshMiddleware',
 'scrapy.downloadermiddlewares.httpcompression.HttpCompressionMiddleware',
 'scrapy.downloadermiddlewares.redirect.RedirectMiddleware',
 'scrapy.downloadermiddlewares.cookies.CookiesMiddleware',
 'scrapy.downloadermiddlewares.httpproxy.HttpProxyMiddleware',
 'scrapy.downloadermiddlewares.stats.DownloaderStats']
2021-10-05 13:45:59 [scrapy.middleware] INFO: Enabled spider middlewares:
['scrapy.spidermiddlewares.httperror.HttpErrorMiddleware',
 'scrapy.spidermiddlewares.offsite.OffsiteMiddleware',
 'scrapy.spidermiddlewares.referer.RefererMiddleware',
 'scrapy.spidermiddlewares.urllength.UrlLengthMiddleware',
 'scrapy.spidermiddlewares.depth.DepthMiddleware']
2021-10-05 13:45:59 [scrapy.middleware] INFO: Enabled item pipelines:
[]
2021-10-05 13:45:59 [scrapy.core.engine] INFO: Spider opened
2021-10-05 13:45:59 [scrapy.extensions.logstats] INFO: Crawled 0 pages (at 0 pages/min), scraped 0 items (at 0 items/min)
2021-10-05 13:45:59 [scrapy.extensions.telnet] INFO: Telnet console listening on 127.0.0.1:6023
2021-10-05 13:46:00 [scrapy.core.engine] DEBUG: Crawled (200) <GET https://www.tennisexplorer.com/robots.txt> (referer: None)
2021-10-05 13:46:00 [protego] DEBUG: Rule at line 1 without any user agent to enforce it on.
2021-10-05 13:46:00 [scrapy.core.engine] DEBUG: Crawled (200) <GET https://www.tennisexplorer.com/ranking/atp-men/> (referer: None)
2021-10-05 13:46:01 [scrapy.core.engine] DEBUG: Crawled (200) <GET https://www.tennisexplorer.com/ranking/atp-men/?page=3> (referer: None)
2021-10-05 13:46:01 [scrapy.core.engine] DEBUG: Crawled (200) <GET https://www.tennisexplorer.com/ranking/atp-men/?page=4> (referer: None)
2021-10-05 13:46:01 [scrapy.core.engine] DEBUG: Crawled (200) <GET https://www.tennisexplorer.com/ranking/atp-men/?page=2> (referer: None)
2021-10-05 13:46:01 [scrapy.core.engine] DEBUG: Crawled (200) <GET https://www.tennisexplorer.com/player/sinner-8b8e8/> (referer: https://www.tennisexplorer.com/ranking/atp-men/)
2021-10-05 13:46:01 [scrapy.core.engine] DEBUG: Crawled (200) <GET https://www.tennisexplorer.com/player/federer/> (referer: https://www.tennisexplorer.com/ranking/atp-men/)
2021-10-05 13:46:01 [scrapy.core.engine] DEBUG: Crawled (200) <GET https://www.tennisexplorer.com/player/thiem-cd8bc/> (referer: https://www.tennisexplorer.com/ranking/atp-men/)
2021-10-05 13:46:01 [scrapy.core.engine] DEBUG: Crawled (200) <GET https://www.tennisexplorer.com/player/berrettini-707ad/> (referer: https://www.tennisexplorer.com/ranking/atp-men/)
2021-10-05 13:46:02 [scrapy.core.engine] DEBUG: Crawled (200) <GET https://www.tennisexplorer.com/player/ruud-dfb38/> (referer: https://www.tennisexplorer.com/ranking/atp-men/)
2021-10-05 13:46:02 [scrapy.core.engine] DEBUG: Crawled (200) <GET https://www.tennisexplorer.com/player/shapovalov/> (referer: https://www.tennisexplorer.com/ranking/atp-men/)
2021-10-05 13:46:02 [scrapy.core.engine] DEBUG: Crawled (200) <GET https://www.tennisexplorer.com/player/hurkacz/> (referer: https://www.tennisexplorer.com/ranking/atp-men/)
2021-10-05 13:46:02 [scrapy.core.engine] DEBUG: Crawled (200) <GET https://www.tennisexplorer.com/player/nadal/> (referer: https://www.tennisexplorer.com/ranking/atp-men/)
2021-10-05 13:46:02 [scrapy.core.engine] DEBUG: Crawled (200) <GET https://www.tennisexplorer.com/player/auger-aliassime/> (referer: https://www.tennisexplorer.com/ranking/atp-men/)
2021-10-05 13:46:02 [scrapy.core.engine] DEBUG: Crawled (200) <GET https://www.tennisexplorer.com/player/medvedev-e0d2d/> (referer: https://www.tennisexplorer.com/ranking/atp-men/)
2021-10-05 13:46:02 [scrapy.core.engine] DEBUG: Crawled (200) <GET https://www.tennisexplorer.com/player/paire-4a33b/> (referer: https://www.tennisexplorer.com/ranking/atp-men/)
2021-10-05 13:46:02 [scrapy.core.engine] DEBUG: Crawled (200) <GET https://www.tennisexplorer.com/player/ramos-vinolas/> (referer: https://www.tennisexplorer.com/ranking/atp-men/)
2021-10-05 13:46:02 [scrapy.core.engine] DEBUG: Crawled (200) <GET https://www.tennisexplorer.com/player/karlovic/> (referer: https://www.tennisexplorer.com/ranking/atp-men/?page=4)
2021-10-05 13:46:02 [scrapy.core.engine] DEBUG: Crawled (200) <GET https://www.tennisexplorer.com/player/rublev/> (referer: https://www.tennisexplorer.com/ranking/atp-men/)
2021-10-05 13:46:02 [scrapy.core.engine] DEBUG: Crawled (200) <GET https://www.tennisexplorer.com/player/zverev-6f768/> (referer: https://www.tennisexplorer.com/ranking/atp-men/)
2021-10-05 13:46:02 [scrapy.core.engine] DEBUG: Crawled (200) <GET https://www.tennisexplorer.com/player/tsitsipas-b526f/> (referer: https://www.tennisexplorer.com/ranking/atp-men/)
2021-10-05 13:46:04 [scrapy.core.engine] DEBUG: Crawled (200) <GET https://www.tennisexplorer.com/player/coric/> (referer: https://www.tennisexplorer.com/ranking/atp-men/)
2021-10-05 13:46:04 [scrapy.core.engine] DEBUG: Crawled (200) <GET https://www.tennisexplorer.com/player/herbert-fa5ad/> (referer: https://www.tennisexplorer.com/ranking/atp-men/?page=2)
2021-10-05 13:46:04 [scrapy.core.engine] DEBUG: Crawled (200) <GET https://www.tennisexplorer.com/player/laaksonen/> (referer: https://www.tennisexplorer.com/ranking/atp-men/?page=2)
2021-10-05 13:46:04 [scrapy.core.engine] DEBUG: Crawled (200) <GET https://www.tennisexplorer.com/player/kyrgios/> (referer: https://www.tennisexplorer.com/ranking/atp-men/?page=2)
2021-10-05 13:46:04 [scrapy.core.engine] DEBUG: Crawled (200) <GET https://www.tennisexplorer.com/player/bedene/> (referer: https://www.tennisexplorer.com/ranking/atp-men/?page=2)
2021-10-05 13:46:05 [scrapy.core.engine] DEBUG: Crawled (200) <GET https://www.tennisexplorer.com/player/monteiro-f1500/> (referer: https://www.tennisexplorer.com/ranking/atp-men/?page=2)
2021-10-05 13:46:05 [scrapy.core.engine] DEBUG: Crawled (200) <GET https://www.tennisexplorer.com/player/ruusuvuori/> (referer: https://www.tennisexplorer.com/ranking/atp-men/?page=2)
2021-10-05 13:46:05 [scrapy.core.engine] DEBUG: Crawled (200) <GET https://www.tennisexplorer.com/player/andujar/> (referer: https://www.tennisexplorer.com/ranking/atp-men/?page=2)
2021-10-05 13:46:05 [scrapy.core.engine] DEBUG: Crawled (200) <GET https://www.tennisexplorer.com/player/kudla/> (referer: https://www.tennisexplorer.com/ranking/atp-men/?page=2)
2021-10-05 13:46:06 [scrapy.core.engine] DEBUG: Crawled (200) <GET https://www.tennisexplorer.com/player/millman/> (referer: https://www.tennisexplorer.com/ranking/atp-men/?page=2)
2021-10-05 13:46:06 [scrapy.core.engine] DEBUG: Crawled (200) <GET https://www.tennisexplorer.com/player/seppi/> (referer: https://www.tennisexplorer.com/ranking/atp-men/?page=2)
2021-10-05 13:46:06 [scrapy.core.engine] DEBUG: Crawled (200) <GET https://www.tennisexplorer.com/player/gasquet/> (referer: https://www.tennisexplorer.com/ranking/atp-men/?page=2)
2021-10-05 13:46:06 [scrapy.core.engine] DEBUG: Crawled (200) <GET https://www.tennisexplorer.com/player/gojowczyk/> (referer: https://www.tennisexplorer.com/ranking/atp-men/?page=2)
2021-10-05 13:46:07 [scrapy.core.engine] DEBUG: Crawled (200) <GET https://www.tennisexplorer.com/player/querrey/> (referer: https://www.tennisexplorer.com/ranking/atp-men/?page=2)
2021-10-05 13:46:07 [scrapy.core.engine] DEBUG: Crawled (200) <GET https://www.tennisexplorer.com/player/ymer-0a35a/> (referer: https://www.tennisexplorer.com/ranking/atp-men/?page=2)
2021-10-05 13:46:07 [scrapy.core.engine] DEBUG: Crawled (200) <GET https://www.tennisexplorer.com/player/pospisil-9e7de/> (referer: https://www.tennisexplorer.com/ranking/atp-men/?page=2)
2021-10-05 13:46:07 [scrapy.core.engine] DEBUG: Crawled (200) <GET https://www.tennisexplorer.com/player/johnson-61d6e/> (referer: https://www.tennisexplorer.com/ranking/atp-men/?page=2)
2021-10-05 13:46:07 [scrapy.core.engine] DEBUG: Crawled (200) <GET https://www.tennisexplorer.com/player/cuevas-fe9b3/> (referer: https://www.tennisexplorer.com/ranking/atp-men/?page=2)
2021-10-05 13:46:08 [scrapy.core.engine] DEBUG: Crawled (200) <GET https://www.tennisexplorer.com/player/carballes-baena/> (referer: https://www.tennisexplorer.com/ranking/atp-men/?page=2)
2021-10-05 13:46:08 [scrapy.core.engine] DEBUG: Crawled (200) <GET https://www.tennisexplorer.com/player/vesely/> (referer: https://www.tennisexplorer.com/ranking/atp-men/?page=2)
2021-10-05 13:46:09 [scrapy.core.engine] DEBUG: Crawled (200) <GET https://www.tennisexplorer.com/player/moutet/> (referer: https://www.tennisexplorer.com/ranking/atp-men/?page=2)
2021-10-05 13:46:09 [scrapy.core.engine] DEBUG: Crawled (200) <GET https://www.tennisexplorer.com/player/travaglia/> (referer: https://www.tennisexplorer.com/ranking/atp-men/?page=2)
2021-10-05 13:46:10 [scrapy.core.engine] DEBUG: Crawled (200) <GET https://www.tennisexplorer.com/player/brooksby/> (referer: https://www.tennisexplorer.com/ranking/atp-men/?page=2)
2021-10-05 13:46:11 [scrapy.core.engine] DEBUG: Crawled (200) <GET https://www.tennisexplorer.com/player/nakashima-68876/> (referer: https://www.tennisexplorer.com/ranking/atp-men/?page=2)
2021-10-05 13:46:11 [scrapy.core.engine] DEBUG: Crawled (200) <GET https://www.tennisexplorer.com/player/mager/> (referer: https://www.tennisexplorer.com/ranking/atp-men/?page=2)
2021-10-05 13:46:12 [scrapy.core.engine] DEBUG: Crawled (200) <GET https://www.tennisexplorer.com/player/popyrin/> (referer: https://www.tennisexplorer.com/ranking/atp-men/?page=2)
2021-10-05 13:46:12 [scrapy.core.engine] DEBUG: Crawled (200) <GET https://www.tennisexplorer.com/player/munar-d1298/> (referer: https://www.tennisexplorer.com/ranking/atp-men/?page=2)
2021-10-05 13:46:13 [scrapy.core.engine] DEBUG: Crawled (200) <GET https://www.tennisexplorer.com/player/anderson-af8c3/> (referer: https://www.tennisexplorer.com/ranking/atp-men/?page=2)
2021-10-05 13:46:13 [scrapy.core.engine] DEBUG: Crawled (200) <GET https://www.tennisexplorer.com/player/coria-df292/> (referer: https://www.tennisexplorer.com/ranking/atp-men/?page=2)
2021-10-05 13:46:14 [scrapy.core.engine] DEBUG: Crawled (200) <GET https://www.tennisexplorer.com/player/van-de-zandschulp/> (referer: https://www.tennisexplorer.com/ranking/atp-men/?page=2)
2021-10-05 13:46:14 [scrapy.core.engine] DEBUG: Crawled (200) <GET https://www.tennisexplorer.com/player/koepfer/> (referer: https://www.tennisexplorer.com/ranking/atp-men/?page=2)
2021-10-05 13:46:14 [scrapy.core.engine] DEBUG: Crawled (200) <GET https://www.tennisexplorer.com/player/cecchinato/> (referer: https://www.tennisexplorer.com/ranking/atp-men/?page=2)
2021-10-05 13:46:14 [scrapy.core.engine] DEBUG: Crawled (200) <GET https://www.tennisexplorer.com/player/thompson-46e89/> (referer: https://www.tennisexplorer.com/ranking/atp-men/?page=2)
2021-10-05 13:46:14 [scrapy.core.engine] DEBUG: Crawled (200) <GET https://www.tennisexplorer.com/player/nishioka/> (referer: https://www.tennisexplorer.com/ranking/atp-men/?page=2)
2021-10-05 13:46:15 [scrapy.core.engine] DEBUG: Crawled (200) <GET https://www.tennisexplorer.com/player/kecmanovic/> (referer: https://www.tennisexplorer.com/ranking/atp-men/?page=2)
2021-10-05 13:46:15 [scrapy.core.engine] DEBUG: Crawled (200) <GET https://www.tennisexplorer.com/player/musetti/> (referer: https://www.tennisexplorer.com/ranking/atp-men/?page=2)
2021-10-05 13:46:15 [scrapy.core.engine] DEBUG: Crawled (200) <GET https://www.tennisexplorer.com/player/rinderknech/> (referer: https://www.tennisexplorer.com/ranking/atp-men/?page=2)
2021-10-05 13:46:16 [scrapy.core.engine] DEBUG: Crawled (200) <GET https://www.tennisexplorer.com/player/pella/> (referer: https://www.tennisexplorer.com/ranking/atp-men/?page=2)
2021-10-05 13:46:16 [scrapy.core.engine] DEBUG: Crawled (200) <GET https://www.tennisexplorer.com/player/bagnis/> (referer: https://www.tennisexplorer.com/ranking/atp-men/?page=2)
2021-10-05 13:46:16 [scrapy.core.engine] DEBUG: Crawled (200) <GET https://www.tennisexplorer.com/player/paul-324c3/> (referer: https://www.tennisexplorer.com/ranking/atp-men/?page=2)
2021-10-05 13:46:16 [scrapy.core.engine] DEBUG: Crawled (200) <GET https://www.tennisexplorer.com/player/bonzi-a38fa/> (referer: https://www.tennisexplorer.com/ranking/atp-men/?page=2)
2021-10-05 13:46:16 [scrapy.core.engine] DEBUG: Crawled (200) <GET https://www.tennisexplorer.com/player/chardy/> (referer: https://www.tennisexplorer.com/ranking/atp-men/?page=2)
2021-10-05 13:46:16 [scrapy.core.engine] DEBUG: Crawled (200) <GET https://www.tennisexplorer.com/player/martinez-c0caf/> (referer: https://www.tennisexplorer.com/ranking/atp-men/?page=2)
2021-10-05 13:46:17 [scrapy.core.engine] DEBUG: Crawled (200) <GET https://www.tennisexplorer.com/player/mannarino-a7108/> (referer: https://www.tennisexplorer.com/ranking/atp-men/?page=2)
2021-10-05 13:46:17 [scrapy.core.engine] DEBUG: Crawled (200) <GET https://www.tennisexplorer.com/player/mcdonald-4d935/> (referer: https://www.tennisexplorer.com/ranking/atp-men/?page=2)
2021-10-05 13:46:17 [scrapy.core.engine] DEBUG: Crawled (200) <GET https://www.tennisexplorer.com/player/kwon-b3d34/> (referer: https://www.tennisexplorer.com/ranking/atp-men/?page=2)
2021-10-05 13:46:17 [scrapy.core.engine] DEBUG: Crawled (200) <GET https://www.tennisexplorer.com/player/giron-49e97/> (referer: https://www.tennisexplorer.com/ranking/atp-men/?page=2)
2021-10-05 13:46:17 [scrapy.core.engine] DEBUG: Crawled (200) <GET https://www.tennisexplorer.com/player/tiafoe/> (referer: https://www.tennisexplorer.com/ranking/atp-men/?page=2)
2021-10-05 13:46:17 [scrapy.core.engine] DEBUG: Crawled (200) <GET https://www.tennisexplorer.com/player/olivo/> (referer: https://www.tennisexplorer.com/ranking/atp-men/?page=4)
2021-10-05 13:46:17 [scrapy.core.engine] DEBUG: Crawled (200) <GET https://www.tennisexplorer.com/player/kopriva/> (referer: https://www.tennisexplorer.com/ranking/atp-men/?page=4)
2021-10-05 13:46:17 [scrapy.core.engine] DEBUG: Crawled (200) <GET https://www.tennisexplorer.com/player/trungelliti/> (referer: https://www.tennisexplorer.com/ranking/atp-men/?page=4)
2021-10-05 13:46:17 [scrapy.core.engine] DEBUG: Crawled (200) <GET https://www.tennisexplorer.com/player/duckworth/> (referer: https://www.tennisexplorer.com/ranking/atp-men/?page=2)
2021-10-05 13:46:17 [scrapy.core.engine] DEBUG: Crawled (200) <GET https://www.tennisexplorer.com/player/nishikori/> (referer: https://www.tennisexplorer.com/ranking/atp-men/?page=2)
2021-10-05 13:46:17 [scrapy.core.engine] DEBUG: Crawled (200) <GET https://www.tennisexplorer.com/player/struff/> (referer: https://www.tennisexplorer.com/ranking/atp-men/?page=2)
2021-10-05 13:46:18 [scrapy.core.engine] DEBUG: Crawled (200) <GET https://www.tennisexplorer.com/player/horansky/> (referer: https://www.tennisexplorer.com/ranking/atp-men/?page=4)
2021-10-05 13:46:18 [scrapy.core.engine] DEBUG: Crawled (200) <GET https://www.tennisexplorer.com/player/couacaud/> (referer: https://www.tennisexplorer.com/ranking/atp-men/?page=4)
2021-10-05 13:46:19 [scrapy.core.engine] DEBUG: Crawled (200) <GET https://www.tennisexplorer.com/player/bergs/> (referer: https://www.tennisexplorer.com/ranking/atp-men/?page=4)
2021-10-05 13:46:19 [scrapy.core.engine] DEBUG: Crawled (200) <GET https://www.tennisexplorer.com/player/wolf-e839f/> (referer: https://www.tennisexplorer.com/ranking/atp-men/?page=4)
2021-10-05 13:46:19 [scrapy.core.engine] DEBUG: Crawled (200) <GET https://www.tennisexplorer.com/player/giannessi/> (referer: https://www.tennisexplorer.com/ranking/atp-men/?page=4)
2021-10-05 13:46:19 [scrapy.core.engine] DEBUG: Crawled (200) <GET https://www.tennisexplorer.com/player/safwat/> (referer: https://www.tennisexplorer.com/ranking/atp-men/?page=4)
2021-10-05 13:46:19 [scrapy.core.engine] DEBUG: Crawled (200) <GET https://www.tennisexplorer.com/player/gulbis/> (referer: https://www.tennisexplorer.com/ranking/atp-men/?page=4)
2021-10-05 13:46:20 [scrapy.core.engine] DEBUG: Crawled (200) <GET https://www.tennisexplorer.com/player/tabilo/> (referer: https://www.tennisexplorer.com/ranking/atp-men/?page=4)
2021-10-05 13:46:20 [scrapy.core.engine] DEBUG: Crawled (200) <GET https://www.tennisexplorer.com/player/kokkinakis-7b2e6/> (referer: https://www.tennisexplorer.com/ranking/atp-men/?page=4)
2021-10-05 13:46:20 [scrapy.core.engine] DEBUG: Crawled (200) <GET https://www.tennisexplorer.com/player/silva-cb43c/> (referer: https://www.tennisexplorer.com/ranking/atp-men/?page=4)
2021-10-05 13:46:20 [scrapy.core.engine] DEBUG: Crawled (200) <GET https://www.tennisexplorer.com/player/clarke-60a59/> (referer: https://www.tennisexplorer.com/ranking/atp-men/?page=4)
2021-10-05 13:46:20 [scrapy.core.engine] DEBUG: Crawled (200) <GET https://www.tennisexplorer.com/player/marterer/> (referer: https://www.tennisexplorer.com/ranking/atp-men/?page=4)
2021-10-05 13:46:20 [scrapy.core.engine] DEBUG: Crawled (200) <GET https://www.tennisexplorer.com/player/eubanks-b3a89/> (referer: https://www.tennisexplorer.com/ranking/atp-men/?page=4)
2021-10-05 13:46:20 [scrapy.core.engine] DEBUG: Crawled (200) <GET https://www.tennisexplorer.com/player/sousa-16efd/> (referer: https://www.tennisexplorer.com/ranking/atp-men/?page=4)
2021-10-05 13:46:20 [scrapy.core.engine] DEBUG: Crawled (200) <GET https://www.tennisexplorer.com/player/ramanathan-8ace3/> (referer: https://www.tennisexplorer.com/ranking/atp-men/?page=4)
2021-10-05 13:46:20 [scrapy.core.engine] DEBUG: Crawled (200) <GET https://www.tennisexplorer.com/player/ilkel/> (referer: https://www.tennisexplorer.com/ranking/atp-men/?page=4)
2021-10-05 13:46:20 [scrapy.core.engine] DEBUG: Crawled (200) <GET https://www.tennisexplorer.com/player/escobedo-2bf83/> (referer: https://www.tennisexplorer.com/ranking/atp-men/?page=4)
2021-10-05 13:46:20 [scrapy.core.engine] DEBUG: Crawled (200) <GET https://www.tennisexplorer.com/player/lacko/> (referer: https://www.tennisexplorer.com/ranking/atp-men/?page=4)
2021-10-05 13:46:20 [scrapy.core.engine] DEBUG: Crawled (200) <GET https://www.tennisexplorer.com/player/rola/> (referer: https://www.tennisexplorer.com/ranking/atp-men/?page=4)
2021-10-05 13:46:20 [scrapy.core.engine] DEBUG: Crawled (200) <GET https://www.tennisexplorer.com/player/purcell-e05cf/> (referer: https://www.tennisexplorer.com/ranking/atp-men/?page=4)
2021-10-05 13:46:20 [scrapy.core.engine] DEBUG: Crawled (200) <GET https://www.tennisexplorer.com/player/fratangelo/> (referer: https://www.tennisexplorer.com/ranking/atp-men/?page=4)
2021-10-05 13:46:23 [scrapy.core.engine] DEBUG: Crawled (200) <GET https://www.tennisexplorer.com/player/celikbilek/> (referer: https://www.tennisexplorer.com/ranking/atp-men/?page=4)
2021-10-05 13:46:23 [scrapy.core.engine] DEBUG: Crawled (200) <GET https://www.tennisexplorer.com/player/vilella-martinez/> (referer: https://www.tennisexplorer.com/ranking/atp-men/?page=4)
2021-10-05 13:46:23 [scrapy.core.engine] DEBUG: Crawled (200) <GET https://www.tennisexplorer.com/player/gomez-eb573/> (referer: https://www.tennisexplorer.com/ranking/atp-men/?page=4)
2021-10-05 13:46:23 [scrapy.core.engine] DEBUG: Crawled (200) <GET https://www.tennisexplorer.com/player/lehecka/> (referer: https://www.tennisexplorer.com/ranking/atp-men/?page=4)
2021-10-05 13:46:23 [scrapy.core.engine] DEBUG: Crawled (200) <GET https://www.tennisexplorer.com/player/zuk/> (referer: https://www.tennisexplorer.com/ranking/atp-men/?page=4)
2021-10-05 13:46:23 [scrapy.core.engine] DEBUG: Crawled (200) <GET https://www.tennisexplorer.com/player/moraing/> (referer: https://www.tennisexplorer.com/ranking/atp-men/?page=4)
2021-10-05 13:46:23 [scrapy.core.engine] DEBUG: Crawled (200) <GET https://www.tennisexplorer.com/player/barrere-ea847/> (referer: https://www.tennisexplorer.com/ranking/atp-men/?page=4)
2021-10-05 13:46:24 [scrapy.core.engine] DEBUG: Crawled (200) <GET https://www.tennisexplorer.com/player/huesler/> (referer: https://www.tennisexplorer.com/ranking/atp-men/?page=4)
2021-10-05 13:46:24 [scrapy.core.engine] DEBUG: Crawled (200) <GET https://www.tennisexplorer.com/player/tsonga/> (referer: https://www.tennisexplorer.com/ranking/atp-men/?page=4)
2021-10-05 13:46:24 [scrapy.core.engine] DEBUG: Crawled (200) <GET https://www.tennisexplorer.com/player/marchenko/> (referer: https://www.tennisexplorer.com/ranking/atp-men/?page=4)
2021-10-05 13:46:24 [scrapy.core.engine] DEBUG: Crawled (200) <GET https://www.tennisexplorer.com/player/jung-270ad/> (referer: https://www.tennisexplorer.com/ranking/atp-men/?page=4)
2021-10-05 13:46:24 [scrapy.core.engine] DEBUG: Crawled (200) <GET https://www.tennisexplorer.com/player/gunneswaran/> (referer: https://www.tennisexplorer.com/ranking/atp-men/?page=4)
2021-10-05 13:46:24 [scrapy.core.engine] DEBUG: Crawled (200) <GET https://www.tennisexplorer.com/player/popko/> (referer: https://www.tennisexplorer.com/ranking/atp-men/?page=4)
2021-10-05 13:46:24 [scrapy.core.engine] DEBUG: Crawled (200) <GET https://www.tennisexplorer.com/player/ymer/> (referer: https://www.tennisexplorer.com/ranking/atp-men/?page=4)
2021-10-05 13:46:25 [scrapy.core.engine] DEBUG: Crawled (200) <GET https://www.tennisexplorer.com/player/barrios-vera/> (referer: https://www.tennisexplorer.com/ranking/atp-men/?page=4)
2021-10-05 13:46:25 [scrapy.core.engine] DEBUG: Crawled (200) <GET https://www.tennisexplorer.com/player/krueger-d6035/> (referer: https://www.tennisexplorer.com/ranking/atp-men/?page=4)
2021-10-05 13:46:26 [scrapy.core.engine] DEBUG: Crawled (200) <GET https://www.tennisexplorer.com/player/sock/> (referer: https://www.tennisexplorer.com/ranking/atp-men/?page=4)
2021-10-05 13:46:26 [scrapy.core.engine] DEBUG: Crawled (200) <GET https://www.tennisexplorer.com/player/stebe/> (referer: https://www.tennisexplorer.com/ranking/atp-men/?page=4)
2021-10-05 13:46:26 [scrapy.core.engine] DEBUG: Crawled (200) <GET https://www.tennisexplorer.com/player/londero/> (referer: https://www.tennisexplorer.com/ranking/atp-men/?page=4)
2021-10-05 13:46:26 [scrapy.core.engine] DEBUG: Crawled (200) <GET https://www.tennisexplorer.com/player/ofner-44428/> (referer: https://www.tennisexplorer.com/ranking/atp-men/?page=4)
2021-10-05 13:46:26 [scrapy.core.engine] DEBUG: Crawled (200) <GET https://www.tennisexplorer.com/player/gaio/> (referer: https://www.tennisexplorer.com/ranking/atp-men/?page=4)
2021-10-05 13:46:26 [scrapy.core.engine] DEBUG: Crawled (200) <GET https://www.tennisexplorer.com/player/polmans/> (referer: https://www.tennisexplorer.com/ranking/atp-men/?page=4)
2021-10-05 13:46:26 [scrapy.core.engine] DEBUG: Crawled (200) <GET https://www.tennisexplorer.com/player/halys/> (referer: https://www.tennisexplorer.com/ranking/atp-men/?page=4)
2021-10-05 13:46:26 [scrapy.core.engine] DEBUG: Crawled (200) <GET https://www.tennisexplorer.com/player/safiullin/> (referer: https://www.tennisexplorer.com/ranking/atp-men/?page=4)
2021-10-05 13:46:26 [scrapy.core.engine] DEBUG: Crawled (200) <GET https://www.tennisexplorer.com/player/hoang-545b3/> (referer: https://www.tennisexplorer.com/ranking/atp-men/?page=4)
2021-10-05 13:46:27 [scrapy.core.engine] DEBUG: Crawled (200) <GET https://www.tennisexplorer.com/player/pouille/> (referer: https://www.tennisexplorer.com/ranking/atp-men/?page=3)
2021-10-05 13:46:27 [scrapy.core.engine] DEBUG: Crawled (200) <GET https://www.tennisexplorer.com/player/kukushkin/> (referer: https://www.tennisexplorer.com/ranking/atp-men/?page=3)
2021-10-05 13:46:27 [scrapy.core.engine] DEBUG: Crawled (200) <GET https://www.tennisexplorer.com/player/donskoy/> (referer: https://www.tennisexplorer.com/ranking/atp-men/?page=3)
2021-10-05 13:46:27 [scrapy.core.engine] DEBUG: Crawled (200) <GET https://www.tennisexplorer.com/player/kolar-d6d52/> (referer: https://www.tennisexplorer.com/ranking/atp-men/?page=3)
2021-10-05 13:46:27 [scrapy.core.engine] DEBUG: Crawled (200) <GET https://www.tennisexplorer.com/player/cressy/> (referer: https://www.tennisexplorer.com/ranking/atp-men/?page=3)
2021-10-05 13:46:28 [scrapy.core.engine] DEBUG: Crawled (200) <GET https://www.tennisexplorer.com/player/baez-a8fb1/> (referer: https://www.tennisexplorer.com/ranking/atp-men/?page=3)
2021-10-05 13:46:28 [scrapy.core.engine] DEBUG: Crawled (200) <GET https://www.tennisexplorer.com/player/uchiyama/> (referer: https://www.tennisexplorer.com/ranking/atp-men/?page=3)
2021-10-05 13:46:29 [scrapy.core.engine] DEBUG: Crawled (200) <GET https://www.tennisexplorer.com/player/caruso-7cfdb/> (referer: https://www.tennisexplorer.com/ranking/atp-men/?page=3)
2021-10-05 13:46:29 [scrapy.core.engine] DEBUG: Crawled (200) <GET https://www.tennisexplorer.com/player/bolt-fa7eb/> (referer: https://www.tennisexplorer.com/ranking/atp-men/?page=3)
2021-10-05 13:46:29 [scrapy.core.engine] DEBUG: Crawled (200) <GET https://www.tennisexplorer.com/player/etcheverry-7101a/> (referer: https://www.tennisexplorer.com/ranking/atp-men/?page=3)
2021-10-05 13:46:29 [scrapy.core.engine] DEBUG: Crawled (200) <GET https://www.tennisexplorer.com/player/verdasco/> (referer: https://www.tennisexplorer.com/ranking/atp-men/?page=3)
2021-10-05 13:46:29 [scrapy.core.engine] DEBUG: Crawled (200) <GET https://www.tennisexplorer.com/player/rodionov-f5e38/> (referer: https://www.tennisexplorer.com/ranking/atp-men/?page=3)
2021-10-05 13:46:29 [scrapy.core.engine] DEBUG: Crawled (200) <GET https://www.tennisexplorer.com/player/machac/> (referer: https://www.tennisexplorer.com/ranking/atp-men/?page=3)
2021-10-05 13:46:29 [scrapy.core.engine] DEBUG: Crawled (200) <GET https://www.tennisexplorer.com/player/kovalik/> (referer: https://www.tennisexplorer.com/ranking/atp-men/?page=3)
2021-10-05 13:46:29 [scrapy.core.engine] DEBUG: Crawled (200) <GET https://www.tennisexplorer.com/player/milojevic-adb7d/> (referer: https://www.tennisexplorer.com/ranking/atp-men/?page=3)
2021-10-05 13:46:29 [scrapy.core.engine] DEBUG: Crawled (200) <GET https://www.tennisexplorer.com/player/otte/> (referer: https://www.tennisexplorer.com/ranking/atp-men/?page=3)
2021-10-05 13:46:29 [scrapy.core.engine] DEBUG: Crawled (200) <GET https://www.tennisexplorer.com/player/dzumhur/> (referer: https://www.tennisexplorer.com/ranking/atp-men/?page=3)
2021-10-05 13:46:29 [scrapy.core.engine] DEBUG: Crawled (200) <GET https://www.tennisexplorer.com/player/balazs-a0908/> (referer: https://www.tennisexplorer.com/ranking/atp-men/?page=3)
2021-10-05 13:46:30 [scrapy.core.engine] DEBUG: Crawled (200) <GET https://www.tennisexplorer.com/player/broady-9ff27/> (referer: https://www.tennisexplorer.com/ranking/atp-men/?page=3)
2021-10-05 13:46:30 [scrapy.core.engine] DEBUG: Crawled (200) <GET https://www.tennisexplorer.com/player/dellien/> (referer: https://www.tennisexplorer.com/ranking/atp-men/?page=3)
2021-10-05 13:46:30 [scrapy.core.engine] DEBUG: Crawled (200) <GET https://www.tennisexplorer.com/player/sousa-41f7b/> (referer: https://www.tennisexplorer.com/ranking/atp-men/?page=3)
2021-10-05 13:46:30 [scrapy.core.engine] DEBUG: Crawled (200) <GET https://www.tennisexplorer.com/player/sugita/> (referer: https://www.tennisexplorer.com/ranking/atp-men/?page=3)
2021-10-05 13:46:30 [scrapy.core.engine] DEBUG: Crawled (200) <GET https://www.tennisexplorer.com/player/o-connell-020b8/> (referer: https://www.tennisexplorer.com/ranking/atp-men/?page=3)
2021-10-05 13:46:30 [scrapy.core.engine] DEBUG: Crawled (200) <GET https://www.tennisexplorer.com/player/varillas/> (referer: https://www.tennisexplorer.com/ranking/atp-men/?page=3)
2021-10-05 13:46:30 [scrapy.core.engine] DEBUG: Crawled (200) <GET https://www.tennisexplorer.com/player/seyboth-wild/> (referer: https://www.tennisexplorer.com/ranking/atp-men/?page=3)
2021-10-05 13:46:31 [scrapy.core.engine] DEBUG: Crawled (200) <GET https://www.tennisexplorer.com/player/rune/> (referer: https://www.tennisexplorer.com/ranking/atp-men/?page=3)
2021-10-05 13:46:32 [scrapy.core.engine] DEBUG: Crawled (200) <GET https://www.tennisexplorer.com/player/albot/> (referer: https://www.tennisexplorer.com/ranking/atp-men/?page=3)
2021-10-05 13:46:32 [scrapy.crawler] INFO: Received SIGINT, shutting down gracefully. Send again to force 
2021-10-05 13:46:32 [scrapy.core.engine] INFO: Closing spider (shutdown)
2021-10-05 13:46:32 [scrapy.core.engine] DEBUG: Crawled (200) <GET https://www.tennisexplorer.com/player/hanfmann/> (referer: https://www.tennisexplorer.com/ranking/atp-men/?page=3)
2021-10-05 13:46:32 [scrapy.core.engine] DEBUG: Crawled (200) <GET https://www.tennisexplorer.com/player/majchrzak-905d8/> (referer: https://www.tennisexplorer.com/ranking/atp-men/?page=3)
2021-10-05 13:46:32 [scrapy.core.engine] DEBUG: Crawled (200) <GET https://www.tennisexplorer.com/player/daniel-2dd17/> (referer: https://www.tennisexplorer.com/ranking/atp-men/?page=3)
2021-10-05 13:46:32 [scrapy.core.engine] DEBUG: Crawled (200) <GET https://www.tennisexplorer.com/player/molcan/> (referer: https://www.tennisexplorer.com/ranking/atp-men/?page=3)
2021-10-05 13:46:32 [scrapy.core.engine] DEBUG: Crawled (200) <GET https://www.tennisexplorer.com/player/murray/> (referer: https://www.tennisexplorer.com/ranking/atp-men/?page=3)
2021-10-05 13:46:32 [scrapy.core.engine] DEBUG: Crawled (200) <GET https://www.tennisexplorer.com/player/zapata-miralles/> (referer: https://www.tennisexplorer.com/ranking/atp-men/?page=3)
2021-10-05 13:46:32 [scrapy.crawler] INFO: Received SIGINT twice, forcing unclean shutdown
2021-10-05 13:46:33 [scrapy.core.engine] DEBUG: Crawled (200) <GET https://www.tennisexplorer.com/player/griekspoor-d58ed/> (referer: https://www.tennisexplorer.com/ranking/atp-men/?page=3)
2021-10-05 13:46:33 [scrapy.core.engine] DEBUG: Crawled (200) <GET https://www.tennisexplorer.com/player/gombos/> (referer: https://www.tennisexplorer.com/ranking/atp-men/?page=3)
2021-10-05 13:46:33 [scrapy.core.engine] DEBUG: Crawled (200) <GET https://www.tennisexplorer.com/player/martin-3dfa5/> (referer: https://www.tennisexplorer.com/ranking/atp-men/?page=3)
2021-10-05 13:46:33 [scrapy.core.engine] DEBUG: Crawled (200) <GET https://www.tennisexplorer.com/player/taberner/> (referer: https://www.tennisexplorer.com/ranking/atp-men/?page=3)
2021-10-05 13:46:33 [scrapy.core.engine] DEBUG: Crawled (200) <GET https://www.tennisexplorer.com/player/altmaier/> (referer: https://www.tennisexplorer.com/ranking/atp-men/?page=3)
2021-10-05 13:46:33 [scrapy.core.engine] DEBUG: Crawled (200) <GET https://www.tennisexplorer.com/player/gaston-e1fa4/> (referer: https://www.tennisexplorer.com/ranking/atp-men/?page=3)
2021-10-05 13:46:33 [scrapy.core.engine] DEBUG: Crawled (200) <GET https://www.tennisexplorer.com/player/simon-04c62/> (referer: https://www.tennisexplorer.com/ranking/atp-men/?page=3)
2021-10-05 13:46:33 [scrapy.core.downloader.handlers.http11] WARNING: Got data loss in https://www.tennisexplorer.com/player/novak-77d05/. If you want to process broken responses set the setting DOWNLOAD_FAIL_ON_DATALOSS = False -- This message won't be shown in further requests
2021-10-05 13:46:33 [scrapy.downloadermiddlewares.retry] DEBUG: Retrying <GET https://www.tennisexplorer.com/player/novak-77d05/> (failed 1 times): [<twisted.python.failure.Failure twisted.internet.error.ConnectionLost: Connection to the other side was lost in a non-clean fashion: Connection lost.>, <twisted.python.failure.Failure twisted.web.http._DataLoss: >]
2021-10-05 13:46:39 [scrapy.utils.log] INFO: Scrapy 2.5.0 started (bot: tennis_explorer)
2021-10-05 13:46:39 [scrapy.utils.log] INFO: Versions: lxml 4.6.3.0, libxml2 2.9.10, cssselect 1.1.0, parsel 1.6.0, w3lib 1.22.0, Twisted 21.7.0, Python 3.8.12 (default, Sep  3 2021, 02:35:42) - [GCC 8.3.0], pyOpenSSL 20.0.1 (OpenSSL 1.1.1l  24 Aug 2021), cryptography 3.4.8, Platform Linux-5.10.47-linuxkit-x86_64-with-glibc2.2.5
2021-10-05 13:46:39 [scrapy.utils.log] DEBUG: Using reactor: twisted.internet.epollreactor.EPollReactor
2021-10-05 13:46:39 [scrapy.crawler] INFO: Overridden settings:
{'BOT_NAME': 'tennis_explorer',
 'LOG_FILE': 'temp.log',
 'NEWSPIDER_MODULE': 'tennis_explorer.spiders',
 'ROBOTSTXT_OBEY': True,
 'SPIDER_MODULES': ['tennis_explorer.spiders'],
 'USER_AGENT': 'Mozilla/5.0 (Macintosh; Intel Mac OS X 10_15_7) '
               'AppleWebKit/537.36 (KHTML, like Gecko) Chrome/92.0.4515.159 '
               'Safari/537.36'}
2021-10-05 13:46:39 [scrapy.extensions.telnet] INFO: Telnet Password: 9cd8b16f8d91a785
2021-10-05 13:46:39 [scrapy.middleware] INFO: Enabled extensions:
['scrapy.extensions.corestats.CoreStats',
 'scrapy.extensions.telnet.TelnetConsole',
 'scrapy.extensions.memusage.MemoryUsage',
 'scrapy.extensions.logstats.LogStats']
2021-10-05 13:46:39 [scrapy.middleware] INFO: Enabled downloader middlewares:
['scrapy.downloadermiddlewares.robotstxt.RobotsTxtMiddleware',
 'scrapy.downloadermiddlewares.httpauth.HttpAuthMiddleware',
 'scrapy.downloadermiddlewares.downloadtimeout.DownloadTimeoutMiddleware',
 'scrapy.downloadermiddlewares.defaultheaders.DefaultHeadersMiddleware',
 'scrapy.downloadermiddlewares.useragent.UserAgentMiddleware',
 'scrapy.downloadermiddlewares.retry.RetryMiddleware',
 'scrapy.downloadermiddlewares.redirect.MetaRefreshMiddleware',
 'scrapy.downloadermiddlewares.httpcompression.HttpCompressionMiddleware',
 'scrapy.downloadermiddlewares.redirect.RedirectMiddleware',
 'scrapy.downloadermiddlewares.cookies.CookiesMiddleware',
 'scrapy.downloadermiddlewares.httpproxy.HttpProxyMiddleware',
 'scrapy.downloadermiddlewares.stats.DownloaderStats']
2021-10-05 13:46:39 [scrapy.middleware] INFO: Enabled spider middlewares:
['scrapy.spidermiddlewares.httperror.HttpErrorMiddleware',
 'scrapy.spidermiddlewares.offsite.OffsiteMiddleware',
 'scrapy.spidermiddlewares.referer.RefererMiddleware',
 'scrapy.spidermiddlewares.urllength.UrlLengthMiddleware',
 'scrapy.spidermiddlewares.depth.DepthMiddleware']
2021-10-05 13:46:39 [scrapy.middleware] INFO: Enabled item pipelines:
[]
2021-10-05 13:46:39 [scrapy.core.engine] INFO: Spider opened
2021-10-05 13:46:39 [scrapy.extensions.logstats] INFO: Crawled 0 pages (at 0 pages/min), scraped 0 items (at 0 items/min)
2021-10-05 13:46:39 [scrapy.extensions.telnet] INFO: Telnet console listening on 127.0.0.1:6023
2021-10-05 13:46:39 [scrapy.core.engine] DEBUG: Crawled (200) <GET https://www.tennisexplorer.com/robots.txt> (referer: None)
2021-10-05 13:46:39 [protego] DEBUG: Rule at line 1 without any user agent to enforce it on.
2021-10-05 13:46:40 [scrapy.core.engine] DEBUG: Crawled (200) <GET https://www.tennisexplorer.com/ranking/atp-men/> (referer: None)
2021-10-05 13:46:41 [scrapy.core.engine] DEBUG: Crawled (200) <GET https://www.tennisexplorer.com/ranking/atp-men/?page=4> (referer: None)
2021-10-05 13:46:41 [scrapy.core.engine] DEBUG: Crawled (200) <GET https://www.tennisexplorer.com/ranking/atp-men/?page=3> (referer: None)
2021-10-05 13:46:41 [scrapy.core.engine] DEBUG: Crawled (200) <GET https://www.tennisexplorer.com/ranking/atp-men/?page=2> (referer: None)
2021-10-05 13:46:41 [scrapy.core.engine] DEBUG: Crawled (200) <GET https://www.tennisexplorer.com/player/hurkacz/> (referer: https://www.tennisexplorer.com/ranking/atp-men/)
2021-10-05 13:46:41 [scrapy.core.engine] DEBUG: Crawled (200) <GET https://www.tennisexplorer.com/player/berrettini-707ad/> (referer: https://www.tennisexplorer.com/ranking/atp-men/)
2021-10-05 13:46:41 [scrapy.core.engine] DEBUG: Crawled (200) <GET https://www.tennisexplorer.com/player/nadal/> (referer: https://www.tennisexplorer.com/ranking/atp-men/)
2021-10-05 13:46:42 [scrapy.core.engine] DEBUG: Crawled (200) <GET https://www.tennisexplorer.com/player/auger-aliassime/> (referer: https://www.tennisexplorer.com/ranking/atp-men/)
2021-10-05 13:46:42 [scrapy.core.engine] DEBUG: Crawled (200) <GET https://www.tennisexplorer.com/player/rublev/> (referer: https://www.tennisexplorer.com/ranking/atp-men/)
2021-10-05 13:46:42 [scrapy.core.engine] DEBUG: Crawled (200) <GET https://www.tennisexplorer.com/player/ruud-dfb38/> (referer: https://www.tennisexplorer.com/ranking/atp-men/)
2021-10-05 13:46:42 [scrapy.core.engine] DEBUG: Crawled (200) <GET https://www.tennisexplorer.com/player/zverev-6f768/> (referer: https://www.tennisexplorer.com/ranking/atp-men/)
2021-10-05 13:46:42 [scrapy.core.engine] DEBUG: Crawled (200) <GET https://www.tennisexplorer.com/player/thiem-cd8bc/> (referer: https://www.tennisexplorer.com/ranking/atp-men/)
2021-10-05 13:46:42 [scrapy.core.engine] DEBUG: Crawled (200) <GET https://www.tennisexplorer.com/player/federer/> (referer: https://www.tennisexplorer.com/ranking/atp-men/)
2021-10-05 13:46:42 [scrapy.core.engine] DEBUG: Crawled (200) <GET https://www.tennisexplorer.com/player/djokovic/> (referer: https://www.tennisexplorer.com/ranking/atp-men/)
2021-10-05 13:46:42 [scrapy.core.engine] DEBUG: Crawled (200) <GET https://www.tennisexplorer.com/player/coric/> (referer: https://www.tennisexplorer.com/ranking/atp-men/)
2021-10-05 13:46:42 [scrapy.core.engine] DEBUG: Crawled (200) <GET https://www.tennisexplorer.com/player/paire-4a33b/> (referer: https://www.tennisexplorer.com/ranking/atp-men/)
2021-10-05 13:46:42 [scrapy.core.engine] DEBUG: Crawled (200) <GET https://www.tennisexplorer.com/player/ramos-vinolas/> (referer: https://www.tennisexplorer.com/ranking/atp-men/)
2021-10-05 13:46:42 [scrapy.core.engine] DEBUG: Crawled (200) <GET https://www.tennisexplorer.com/player/djere/> (referer: https://www.tennisexplorer.com/ranking/atp-men/)
2021-10-05 13:46:42 [scrapy.core.engine] DEBUG: Crawled (200) <GET https://www.tennisexplorer.com/player/pouille/> (referer: https://www.tennisexplorer.com/ranking/atp-men/?page=3)
2021-10-05 13:46:42 [scrapy.core.engine] DEBUG: Crawled (200) <GET https://www.tennisexplorer.com/player/tsitsipas-b526f/> (referer: https://www.tennisexplorer.com/ranking/atp-men/)
2021-10-05 13:46:42 [scrapy.core.engine] DEBUG: Crawled (200) <GET https://www.tennisexplorer.com/player/medvedev-e0d2d/> (referer: https://www.tennisexplorer.com/ranking/atp-men/)
2021-10-05 13:46:43 [scrapy.core.engine] DEBUG: Crawled (200) <GET https://www.tennisexplorer.com/player/herbert-fa5ad/> (referer: https://www.tennisexplorer.com/ranking/atp-men/?page=2)
2021-10-05 13:46:43 [scrapy.core.engine] DEBUG: Crawled (200) <GET https://www.tennisexplorer.com/player/laaksonen/> (referer: https://www.tennisexplorer.com/ranking/atp-men/?page=2)
2021-10-05 13:46:43 [scrapy.core.engine] DEBUG: Crawled (200) <GET https://www.tennisexplorer.com/player/kyrgios/> (referer: https://www.tennisexplorer.com/ranking/atp-men/?page=2)
2021-10-05 13:46:43 [scrapy.core.engine] DEBUG: Crawled (200) <GET https://www.tennisexplorer.com/player/andujar/> (referer: https://www.tennisexplorer.com/ranking/atp-men/?page=2)
2021-10-05 13:46:43 [scrapy.core.engine] DEBUG: Crawled (200) <GET https://www.tennisexplorer.com/player/kudla/> (referer: https://www.tennisexplorer.com/ranking/atp-men/?page=2)
2021-10-05 13:46:43 [scrapy.core.engine] DEBUG: Crawled (200) <GET https://www.tennisexplorer.com/player/cuevas-fe9b3/> (referer: https://www.tennisexplorer.com/ranking/atp-men/?page=2)
2021-10-05 13:46:46 [scrapy.core.engine] DEBUG: Crawled (200) <GET https://www.tennisexplorer.com/player/bedene/> (referer: https://www.tennisexplorer.com/ranking/atp-men/?page=2)
2021-10-05 13:46:46 [scrapy.core.engine] DEBUG: Crawled (200) <GET https://www.tennisexplorer.com/player/seppi/> (referer: https://www.tennisexplorer.com/ranking/atp-men/?page=2)
2021-10-05 13:46:46 [scrapy.core.engine] DEBUG: Crawled (200) <GET https://www.tennisexplorer.com/player/querrey/> (referer: https://www.tennisexplorer.com/ranking/atp-men/?page=2)
2021-10-05 13:46:47 [scrapy.core.engine] DEBUG: Crawled (200) <GET https://www.tennisexplorer.com/player/ruusuvuori/> (referer: https://www.tennisexplorer.com/ranking/atp-men/?page=2)
2021-10-05 13:46:47 [scrapy.core.engine] DEBUG: Crawled (200) <GET https://www.tennisexplorer.com/player/ymer-0a35a/> (referer: https://www.tennisexplorer.com/ranking/atp-men/?page=2)
2021-10-05 13:46:47 [scrapy.core.engine] DEBUG: Crawled (200) <GET https://www.tennisexplorer.com/player/travaglia/> (referer: https://www.tennisexplorer.com/ranking/atp-men/?page=2)
2021-10-05 13:46:47 [scrapy.core.engine] DEBUG: Crawled (200) <GET https://www.tennisexplorer.com/player/moutet/> (referer: https://www.tennisexplorer.com/ranking/atp-men/?page=2)
2021-10-05 13:46:47 [scrapy.core.engine] DEBUG: Crawled (200) <GET https://www.tennisexplorer.com/player/johnson-61d6e/> (referer: https://www.tennisexplorer.com/ranking/atp-men/?page=2)
2021-10-05 13:46:47 [scrapy.core.engine] DEBUG: Crawled (200) <GET https://www.tennisexplorer.com/player/pospisil-9e7de/> (referer: https://www.tennisexplorer.com/ranking/atp-men/?page=2)
2021-10-05 13:46:48 [scrapy.core.engine] DEBUG: Crawled (200) <GET https://www.tennisexplorer.com/player/vesely/> (referer: https://www.tennisexplorer.com/ranking/atp-men/?page=2)
2021-10-05 13:46:48 [scrapy.core.engine] DEBUG: Crawled (200) <GET https://www.tennisexplorer.com/player/nakashima-68876/> (referer: https://www.tennisexplorer.com/ranking/atp-men/?page=2)
2021-10-05 13:46:48 [scrapy.core.engine] DEBUG: Crawled (200) <GET https://www.tennisexplorer.com/player/monteiro-f1500/> (referer: https://www.tennisexplorer.com/ranking/atp-men/?page=2)
2021-10-05 13:46:48 [scrapy.core.engine] DEBUG: Crawled (200) <GET https://www.tennisexplorer.com/player/pella/> (referer: https://www.tennisexplorer.com/ranking/atp-men/?page=2)
2021-10-05 13:46:48 [scrapy.core.engine] DEBUG: Crawled (200) <GET https://www.tennisexplorer.com/player/brooksby/> (referer: https://www.tennisexplorer.com/ranking/atp-men/?page=2)
2021-10-05 13:46:49 [scrapy.core.engine] DEBUG: Crawled (200) <GET https://www.tennisexplorer.com/player/chardy/> (referer: https://www.tennisexplorer.com/ranking/atp-men/?page=2)
2021-10-05 13:46:49 [scrapy.core.engine] DEBUG: Crawled (200) <GET https://www.tennisexplorer.com/player/gojowczyk/> (referer: https://www.tennisexplorer.com/ranking/atp-men/?page=2)
2021-10-05 13:46:49 [scrapy.core.engine] DEBUG: Crawled (200) <GET https://www.tennisexplorer.com/player/millman/> (referer: https://www.tennisexplorer.com/ranking/atp-men/?page=2)
2021-10-05 13:46:49 [scrapy.core.engine] DEBUG: Crawled (200) <GET https://www.tennisexplorer.com/player/gasquet/> (referer: https://www.tennisexplorer.com/ranking/atp-men/?page=2)
2021-10-05 13:46:49 [scrapy.core.engine] DEBUG: Crawled (200) <GET https://www.tennisexplorer.com/player/cecchinato/> (referer: https://www.tennisexplorer.com/ranking/atp-men/?page=2)
2021-10-05 13:46:49 [scrapy.core.engine] DEBUG: Crawled (200) <GET https://www.tennisexplorer.com/player/thompson-46e89/> (referer: https://www.tennisexplorer.com/ranking/atp-men/?page=2)
2021-10-05 13:46:49 [scrapy.core.engine] DEBUG: Crawled (200) <GET https://www.tennisexplorer.com/player/nishioka/> (referer: https://www.tennisexplorer.com/ranking/atp-men/?page=2)
2021-10-05 13:46:49 [scrapy.core.engine] DEBUG: Crawled (200) <GET https://www.tennisexplorer.com/player/bagnis/> (referer: https://www.tennisexplorer.com/ranking/atp-men/?page=2)
2021-10-05 13:46:49 [scrapy.core.engine] DEBUG: Crawled (200) <GET https://www.tennisexplorer.com/player/mager/> (referer: https://www.tennisexplorer.com/ranking/atp-men/?page=2)
2021-10-05 13:46:49 [scrapy.core.engine] DEBUG: Crawled (200) <GET https://www.tennisexplorer.com/player/rinderknech/> (referer: https://www.tennisexplorer.com/ranking/atp-men/?page=2)
2021-10-05 13:46:49 [scrapy.core.engine] DEBUG: Crawled (200) <GET https://www.tennisexplorer.com/player/popyrin/> (referer: https://www.tennisexplorer.com/ranking/atp-men/?page=2)
2021-10-05 13:46:50 [scrapy.core.engine] DEBUG: Crawled (200) <GET https://www.tennisexplorer.com/player/carballes-baena/> (referer: https://www.tennisexplorer.com/ranking/atp-men/?page=2)
2021-10-05 13:46:50 [scrapy.core.engine] DEBUG: Crawled (200) <GET https://www.tennisexplorer.com/player/anderson-af8c3/> (referer: https://www.tennisexplorer.com/ranking/atp-men/?page=2)
2021-10-05 13:46:50 [scrapy.core.engine] DEBUG: Crawled (200) <GET https://www.tennisexplorer.com/player/coria-df292/> (referer: https://www.tennisexplorer.com/ranking/atp-men/?page=2)
2021-10-05 13:46:50 [scrapy.core.engine] DEBUG: Crawled (200) <GET https://www.tennisexplorer.com/player/munar-d1298/> (referer: https://www.tennisexplorer.com/ranking/atp-men/?page=2)
2021-10-05 13:46:50 [scrapy.core.engine] DEBUG: Crawled (200) <GET https://www.tennisexplorer.com/player/van-de-zandschulp/> (referer: https://www.tennisexplorer.com/ranking/atp-men/?page=2)
2021-10-05 13:46:50 [scrapy.core.engine] DEBUG: Crawled (200) <GET https://www.tennisexplorer.com/player/koepfer/> (referer: https://www.tennisexplorer.com/ranking/atp-men/?page=2)
2021-10-05 13:46:50 [scrapy.core.engine] DEBUG: Crawled (200) <GET https://www.tennisexplorer.com/player/bonzi-a38fa/> (referer: https://www.tennisexplorer.com/ranking/atp-men/?page=2)
2021-10-05 13:46:50 [scrapy.core.engine] DEBUG: Crawled (200) <GET https://www.tennisexplorer.com/player/kecmanovic/> (referer: https://www.tennisexplorer.com/ranking/atp-men/?page=2)
2021-10-05 13:46:51 [scrapy.core.engine] DEBUG: Crawled (200) <GET https://www.tennisexplorer.com/player/paul-324c3/> (referer: https://www.tennisexplorer.com/ranking/atp-men/?page=2)
2021-10-05 13:46:51 [scrapy.core.engine] DEBUG: Crawled (200) <GET https://www.tennisexplorer.com/player/mannarino-a7108/> (referer: https://www.tennisexplorer.com/ranking/atp-men/?page=2)
2021-10-05 13:46:51 [scrapy.core.engine] DEBUG: Crawled (200) <GET https://www.tennisexplorer.com/player/martinez-c0caf/> (referer: https://www.tennisexplorer.com/ranking/atp-men/?page=2)
2021-10-05 13:46:51 [scrapy.core.engine] DEBUG: Crawled (200) <GET https://www.tennisexplorer.com/player/mcdonald-4d935/> (referer: https://www.tennisexplorer.com/ranking/atp-men/?page=2)
2021-10-05 13:46:51 [scrapy.core.engine] DEBUG: Crawled (200) <GET https://www.tennisexplorer.com/player/giron-49e97/> (referer: https://www.tennisexplorer.com/ranking/atp-men/?page=2)
2021-10-05 13:46:51 [scrapy.core.engine] DEBUG: Crawled (200) <GET https://www.tennisexplorer.com/player/kwon-b3d34/> (referer: https://www.tennisexplorer.com/ranking/atp-men/?page=2)
2021-10-05 13:46:51 [scrapy.core.engine] DEBUG: Crawled (200) <GET https://www.tennisexplorer.com/player/duckworth/> (referer: https://www.tennisexplorer.com/ranking/atp-men/?page=2)
2021-10-05 13:46:52 [scrapy.core.engine] DEBUG: Crawled (200) <GET https://www.tennisexplorer.com/player/struff/> (referer: https://www.tennisexplorer.com/ranking/atp-men/?page=2)
2021-10-05 13:46:52 [scrapy.core.engine] DEBUG: Crawled (200) <GET https://www.tennisexplorer.com/player/nishikori/> (referer: https://www.tennisexplorer.com/ranking/atp-men/?page=2)
2021-10-05 13:46:52 [scrapy.core.engine] DEBUG: Crawled (200) <GET https://www.tennisexplorer.com/player/tiafoe/> (referer: https://www.tennisexplorer.com/ranking/atp-men/?page=2)
2021-10-05 13:46:52 [scrapy.core.engine] DEBUG: Crawled (200) <GET https://www.tennisexplorer.com/player/kukushkin/> (referer: https://www.tennisexplorer.com/ranking/atp-men/?page=3)
2021-10-05 13:46:52 [scrapy.core.engine] DEBUG: Crawled (200) <GET https://www.tennisexplorer.com/player/donskoy/> (referer: https://www.tennisexplorer.com/ranking/atp-men/?page=3)
2021-10-05 13:46:52 [scrapy.core.engine] DEBUG: Crawled (200) <GET https://www.tennisexplorer.com/player/kolar-d6d52/> (referer: https://www.tennisexplorer.com/ranking/atp-men/?page=3)
2021-10-05 13:46:52 [scrapy.core.engine] DEBUG: Crawled (200) <GET https://www.tennisexplorer.com/player/uchiyama/> (referer: https://www.tennisexplorer.com/ranking/atp-men/?page=3)
2021-10-05 13:46:53 [scrapy.core.engine] DEBUG: Crawled (200) <GET https://www.tennisexplorer.com/player/musetti/> (referer: https://www.tennisexplorer.com/ranking/atp-men/?page=2)
2021-10-05 13:46:53 [scrapy.core.engine] DEBUG: Crawled (200) <GET https://www.tennisexplorer.com/player/caruso-7cfdb/> (referer: https://www.tennisexplorer.com/ranking/atp-men/?page=3)
2021-10-05 13:46:53 [scrapy.core.engine] DEBUG: Crawled (200) <GET https://www.tennisexplorer.com/player/cressy/> (referer: https://www.tennisexplorer.com/ranking/atp-men/?page=3)
2021-10-05 13:46:53 [scrapy.core.engine] DEBUG: Crawled (200) <GET https://www.tennisexplorer.com/player/etcheverry-7101a/> (referer: https://www.tennisexplorer.com/ranking/atp-men/?page=3)
2021-10-05 13:46:53 [scrapy.core.engine] DEBUG: Crawled (200) <GET https://www.tennisexplorer.com/player/kovalik/> (referer: https://www.tennisexplorer.com/ranking/atp-men/?page=3)
2021-10-05 13:46:53 [scrapy.core.engine] DEBUG: Crawled (200) <GET https://www.tennisexplorer.com/player/rodionov-f5e38/> (referer: https://www.tennisexplorer.com/ranking/atp-men/?page=3)
2021-10-05 13:46:53 [scrapy.core.engine] DEBUG: Crawled (200) <GET https://www.tennisexplorer.com/player/verdasco/> (referer: https://www.tennisexplorer.com/ranking/atp-men/?page=3)
2021-10-05 13:46:53 [scrapy.core.engine] DEBUG: Crawled (200) <GET https://www.tennisexplorer.com/player/machac/> (referer: https://www.tennisexplorer.com/ranking/atp-men/?page=3)
2021-10-05 13:46:54 [scrapy.core.engine] DEBUG: Crawled (200) <GET https://www.tennisexplorer.com/player/bolt-fa7eb/> (referer: https://www.tennisexplorer.com/ranking/atp-men/?page=3)
2021-10-05 13:46:54 [scrapy.core.engine] DEBUG: Crawled (200) <GET https://www.tennisexplorer.com/player/dzumhur/> (referer: https://www.tennisexplorer.com/ranking/atp-men/?page=3)
2021-10-05 13:46:54 [scrapy.core.engine] DEBUG: Crawled (200) <GET https://www.tennisexplorer.com/player/otte/> (referer: https://www.tennisexplorer.com/ranking/atp-men/?page=3)
2021-10-05 13:46:54 [scrapy.core.engine] DEBUG: Crawled (200) <GET https://www.tennisexplorer.com/player/balazs-a0908/> (referer: https://www.tennisexplorer.com/ranking/atp-men/?page=3)
2021-10-05 13:46:54 [scrapy.core.engine] DEBUG: Crawled (200) <GET https://www.tennisexplorer.com/player/baez-a8fb1/> (referer: https://www.tennisexplorer.com/ranking/atp-men/?page=3)
2021-10-05 13:46:54 [scrapy.core.engine] DEBUG: Crawled (200) <GET https://www.tennisexplorer.com/player/sousa-41f7b/> (referer: https://www.tennisexplorer.com/ranking/atp-men/?page=3)
2021-10-05 13:46:54 [scrapy.core.engine] DEBUG: Crawled (200) <GET https://www.tennisexplorer.com/player/milojevic-adb7d/> (referer: https://www.tennisexplorer.com/ranking/atp-men/?page=3)
2021-10-05 13:46:55 [scrapy.core.engine] DEBUG: Crawled (200) <GET https://www.tennisexplorer.com/player/sugita/> (referer: https://www.tennisexplorer.com/ranking/atp-men/?page=3)
2021-10-05 13:46:56 [scrapy.core.engine] DEBUG: Crawled (200) <GET https://www.tennisexplorer.com/player/hanfmann/> (referer: https://www.tennisexplorer.com/ranking/atp-men/?page=3)
2021-10-05 13:46:56 [scrapy.core.engine] DEBUG: Crawled (200) <GET https://www.tennisexplorer.com/player/varillas/> (referer: https://www.tennisexplorer.com/ranking/atp-men/?page=3)
2021-10-05 13:46:56 [scrapy.core.engine] DEBUG: Crawled (200) <GET https://www.tennisexplorer.com/player/broady-9ff27/> (referer: https://www.tennisexplorer.com/ranking/atp-men/?page=3)
2021-10-05 13:46:56 [scrapy.core.engine] DEBUG: Crawled (200) <GET https://www.tennisexplorer.com/player/o-connell-020b8/> (referer: https://www.tennisexplorer.com/ranking/atp-men/?page=3)
2021-10-05 13:46:56 [scrapy.core.engine] DEBUG: Crawled (200) <GET https://www.tennisexplorer.com/player/dellien/> (referer: https://www.tennisexplorer.com/ranking/atp-men/?page=3)
2021-10-05 13:46:56 [scrapy.core.engine] DEBUG: Crawled (200) <GET https://www.tennisexplorer.com/player/rune/> (referer: https://www.tennisexplorer.com/ranking/atp-men/?page=3)
2021-10-05 13:46:56 [scrapy.core.engine] DEBUG: Crawled (200) <GET https://www.tennisexplorer.com/player/seyboth-wild/> (referer: https://www.tennisexplorer.com/ranking/atp-men/?page=3)
2021-10-05 13:46:57 [scrapy.core.engine] DEBUG: Crawled (200) <GET https://www.tennisexplorer.com/player/zapata-miralles/> (referer: https://www.tennisexplorer.com/ranking/atp-men/?page=3)
2021-10-05 13:46:57 [scrapy.core.engine] DEBUG: Crawled (200) <GET https://www.tennisexplorer.com/player/daniel-2dd17/> (referer: https://www.tennisexplorer.com/ranking/atp-men/?page=3)
2021-10-05 13:46:57 [scrapy.core.engine] DEBUG: Crawled (200) <GET https://www.tennisexplorer.com/player/murray/> (referer: https://www.tennisexplorer.com/ranking/atp-men/?page=3)
2021-10-05 13:46:57 [scrapy.core.engine] DEBUG: Crawled (200) <GET https://www.tennisexplorer.com/player/griekspoor-d58ed/> (referer: https://www.tennisexplorer.com/ranking/atp-men/?page=3)
2021-10-05 13:46:57 [scrapy.core.engine] DEBUG: Crawled (200) <GET https://www.tennisexplorer.com/player/martin-3dfa5/> (referer: https://www.tennisexplorer.com/ranking/atp-men/?page=3)
2021-10-05 13:46:57 [scrapy.core.engine] DEBUG: Crawled (200) <GET https://www.tennisexplorer.com/player/albot/> (referer: https://www.tennisexplorer.com/ranking/atp-men/?page=3)
2021-10-05 13:46:57 [scrapy.core.engine] DEBUG: Crawled (200) <GET https://www.tennisexplorer.com/player/majchrzak-905d8/> (referer: https://www.tennisexplorer.com/ranking/atp-men/?page=3)
2021-10-05 13:46:57 [scrapy.core.engine] DEBUG: Crawled (200) <GET https://www.tennisexplorer.com/player/molcan/> (referer: https://www.tennisexplorer.com/ranking/atp-men/?page=3)
2021-10-05 13:46:58 [scrapy.core.engine] DEBUG: Crawled (200) <GET https://www.tennisexplorer.com/player/taberner/> (referer: https://www.tennisexplorer.com/ranking/atp-men/?page=3)
2021-10-05 13:46:58 [scrapy.core.engine] DEBUG: Crawled (200) <GET https://www.tennisexplorer.com/player/altmaier/> (referer: https://www.tennisexplorer.com/ranking/atp-men/?page=3)
2021-10-05 13:46:58 [scrapy.core.engine] DEBUG: Crawled (200) <GET https://www.tennisexplorer.com/player/simon-04c62/> (referer: https://www.tennisexplorer.com/ranking/atp-men/?page=3)
2021-10-05 13:46:58 [scrapy.core.engine] DEBUG: Crawled (200) <GET https://www.tennisexplorer.com/player/gaston-e1fa4/> (referer: https://www.tennisexplorer.com/ranking/atp-men/?page=3)
2021-10-05 13:46:58 [scrapy.core.engine] DEBUG: Crawled (200) <GET https://www.tennisexplorer.com/player/novak-77d05/> (referer: https://www.tennisexplorer.com/ranking/atp-men/?page=3)
2021-10-05 13:46:58 [scrapy.core.engine] DEBUG: Crawled (200) <GET https://www.tennisexplorer.com/player/cerundolo/> (referer: https://www.tennisexplorer.com/ranking/atp-men/?page=3)
2021-10-05 13:46:58 [scrapy.core.engine] DEBUG: Crawled (200) <GET https://www.tennisexplorer.com/player/gerasimov/> (referer: https://www.tennisexplorer.com/ranking/atp-men/?page=3)
2021-10-05 13:46:59 [scrapy.core.engine] DEBUG: Crawled (200) <GET https://www.tennisexplorer.com/player/sandgren-fb235/> (referer: https://www.tennisexplorer.com/ranking/atp-men/?page=3)
2021-10-05 13:46:59 [scrapy.core.engine] DEBUG: Crawled (200) <GET https://www.tennisexplorer.com/player/karlovic/> (referer: https://www.tennisexplorer.com/ranking/atp-men/?page=4)
2021-10-05 13:47:00 [scrapy.core.engine] DEBUG: Crawled (200) <GET https://www.tennisexplorer.com/player/gombos/> (referer: https://www.tennisexplorer.com/ranking/atp-men/?page=3)
2021-10-05 13:47:00 [scrapy.core.engine] DEBUG: Crawled (200) <GET https://www.tennisexplorer.com/player/cerundolo-08df6/> (referer: https://www.tennisexplorer.com/ranking/atp-men/?page=3)
2021-10-05 13:47:00 [scrapy.core.engine] DEBUG: Crawled (200) <GET https://www.tennisexplorer.com/player/lopez/> (referer: https://www.tennisexplorer.com/ranking/atp-men/?page=3)
2021-10-05 13:47:00 [scrapy.core.engine] DEBUG: Crawled (200) <GET https://www.tennisexplorer.com/player/edmund/> (referer: https://www.tennisexplorer.com/ranking/atp-men/?page=3)
2021-10-05 13:47:00 [scrapy.core.engine] DEBUG: Crawled (200) <GET https://www.tennisexplorer.com/player/galan-e4b30/> (referer: https://www.tennisexplorer.com/ranking/atp-men/?page=3)
2021-10-05 13:47:01 [scrapy.core.scraper] ERROR: Spider error processing <GET https://www.tennisexplorer.com/player/edmund/> (referer: https://www.tennisexplorer.com/ranking/atp-men/?page=3)
Traceback (most recent call last):
  File "/usr/local/lib/python3.8/site-packages/twisted/internet/defer.py", line 858, in _runCallbacks
    current.result = callback(  # type: ignore[misc]
  File "/app/tennis_explorer/spiders/players.py", line 39, in parse_player_profile
    roi = self.calc_roi(
  File "/app/tennis_explorer/spiders/players.py", line 54, in calc_roi
    for tr in table.find_all('tr'):
AttributeError: 'NoneType' object has no attribute 'find_all'
2021-10-05 13:47:01 [scrapy.core.engine] DEBUG: Crawled (200) <GET https://www.tennisexplorer.com/player/kopriva/> (referer: https://www.tennisexplorer.com/ranking/atp-men/?page=4)
2021-10-05 13:47:01 [scrapy.core.engine] DEBUG: Crawled (200) <GET https://www.tennisexplorer.com/player/olivo/> (referer: https://www.tennisexplorer.com/ranking/atp-men/?page=4)
2021-10-05 13:47:01 [scrapy.core.engine] DEBUG: Crawled (200) <GET https://www.tennisexplorer.com/player/trungelliti/> (referer: https://www.tennisexplorer.com/ranking/atp-men/?page=4)
2021-10-05 13:47:01 [scrapy.core.engine] DEBUG: Crawled (200) <GET https://www.tennisexplorer.com/player/gulbis/> (referer: https://www.tennisexplorer.com/ranking/atp-men/?page=4)
2021-10-05 13:47:01 [scrapy.core.engine] DEBUG: Crawled (200) <GET https://www.tennisexplorer.com/player/clarke-60a59/> (referer: https://www.tennisexplorer.com/ranking/atp-men/?page=4)
2021-10-05 13:47:01 [scrapy.core.engine] DEBUG: Crawled (200) <GET https://www.tennisexplorer.com/player/kohlschreiber/> (referer: https://www.tennisexplorer.com/ranking/atp-men/?page=3)
2021-10-05 13:47:01 [scrapy.core.engine] DEBUG: Crawled (200) <GET https://www.tennisexplorer.com/player/berankis/> (referer: https://www.tennisexplorer.com/ranking/atp-men/?page=3)
2021-10-05 13:47:02 [scrapy.core.engine] DEBUG: Crawled (200) <GET https://www.tennisexplorer.com/player/bergs/> (referer: https://www.tennisexplorer.com/ranking/atp-men/?page=4)
2021-10-05 13:47:02 [scrapy.core.engine] DEBUG: Crawled (200) <GET https://www.tennisexplorer.com/player/silva-cb43c/> (referer: https://www.tennisexplorer.com/ranking/atp-men/?page=4)
2021-10-05 13:47:02 [scrapy.core.engine] DEBUG: Crawled (200) <GET https://www.tennisexplorer.com/player/couacaud/> (referer: https://www.tennisexplorer.com/ranking/atp-men/?page=4)
2021-10-05 13:47:02 [scrapy.core.engine] DEBUG: Crawled (200) <GET https://www.tennisexplorer.com/player/eubanks-b3a89/> (referer: https://www.tennisexplorer.com/ranking/atp-men/?page=4)
2021-10-05 13:47:02 [scrapy.core.engine] DEBUG: Crawled (200) <GET https://www.tennisexplorer.com/player/wolf-e839f/> (referer: https://www.tennisexplorer.com/ranking/atp-men/?page=4)
2021-10-05 13:47:03 [scrapy.core.engine] DEBUG: Crawled (200) <GET https://www.tennisexplorer.com/player/ramanathan-8ace3/> (referer: https://www.tennisexplorer.com/ranking/atp-men/?page=4)
2021-10-05 13:47:03 [scrapy.core.engine] DEBUG: Crawled (200) <GET https://www.tennisexplorer.com/player/horansky/> (referer: https://www.tennisexplorer.com/ranking/atp-men/?page=4)
2021-10-05 13:47:04 [scrapy.core.engine] DEBUG: Crawled (200) <GET https://www.tennisexplorer.com/player/marterer/> (referer: https://www.tennisexplorer.com/ranking/atp-men/?page=4)
2021-10-05 13:47:04 [scrapy.core.engine] DEBUG: Crawled (200) <GET https://www.tennisexplorer.com/player/safwat/> (referer: https://www.tennisexplorer.com/ranking/atp-men/?page=4)
2021-10-05 13:47:04 [scrapy.core.engine] DEBUG: Crawled (200) <GET https://www.tennisexplorer.com/player/tabilo/> (referer: https://www.tennisexplorer.com/ranking/atp-men/?page=4)
2021-10-05 13:47:04 [scrapy.core.engine] DEBUG: Crawled (200) <GET https://www.tennisexplorer.com/player/giannessi/> (referer: https://www.tennisexplorer.com/ranking/atp-men/?page=4)
2021-10-05 13:47:05 [scrapy.core.engine] DEBUG: Crawled (200) <GET https://www.tennisexplorer.com/player/ilkel/> (referer: https://www.tennisexplorer.com/ranking/atp-men/?page=4)
2021-10-05 13:47:05 [scrapy.core.engine] DEBUG: Crawled (200) <GET https://www.tennisexplorer.com/player/lacko/> (referer: https://www.tennisexplorer.com/ranking/atp-men/?page=4)
2021-10-05 13:47:05 [scrapy.core.engine] DEBUG: Crawled (200) <GET https://www.tennisexplorer.com/player/purcell-e05cf/> (referer: https://www.tennisexplorer.com/ranking/atp-men/?page=4)
2021-10-05 13:47:05 [scrapy.core.engine] DEBUG: Crawled (200) <GET https://www.tennisexplorer.com/player/escobedo-2bf83/> (referer: https://www.tennisexplorer.com/ranking/atp-men/?page=4)
2021-10-05 13:47:05 [scrapy.core.engine] DEBUG: Crawled (200) <GET https://www.tennisexplorer.com/player/sousa-16efd/> (referer: https://www.tennisexplorer.com/ranking/atp-men/?page=4)
2021-10-05 13:47:05 [scrapy.core.engine] DEBUG: Crawled (200) <GET https://www.tennisexplorer.com/player/kokkinakis-7b2e6/> (referer: https://www.tennisexplorer.com/ranking/atp-men/?page=4)
2021-10-05 13:47:05 [scrapy.core.engine] DEBUG: Crawled (200) <GET https://www.tennisexplorer.com/player/lehecka/> (referer: https://www.tennisexplorer.com/ranking/atp-men/?page=4)
2021-10-05 13:47:05 [scrapy.core.engine] DEBUG: Crawled (200) <GET https://www.tennisexplorer.com/player/zuk/> (referer: https://www.tennisexplorer.com/ranking/atp-men/?page=4)
2021-10-05 13:47:05 [scrapy.core.engine] DEBUG: Crawled (200) <GET https://www.tennisexplorer.com/player/huesler/> (referer: https://www.tennisexplorer.com/ranking/atp-men/?page=4)
2021-10-05 13:47:05 [scrapy.core.engine] DEBUG: Crawled (200) <GET https://www.tennisexplorer.com/player/rola/> (referer: https://www.tennisexplorer.com/ranking/atp-men/?page=4)
2021-10-05 13:47:06 [scrapy.core.engine] DEBUG: Crawled (200) <GET https://www.tennisexplorer.com/player/celikbilek/> (referer: https://www.tennisexplorer.com/ranking/atp-men/?page=4)
2021-10-05 13:47:06 [scrapy.core.engine] DEBUG: Crawled (200) <GET https://www.tennisexplorer.com/player/barrere-ea847/> (referer: https://www.tennisexplorer.com/ranking/atp-men/?page=4)
2021-10-05 13:47:06 [scrapy.core.engine] DEBUG: Crawled (200) <GET https://www.tennisexplorer.com/player/marchenko/> (referer: https://www.tennisexplorer.com/ranking/atp-men/?page=4)
2021-10-05 13:47:06 [scrapy.core.engine] DEBUG: Crawled (200) <GET https://www.tennisexplorer.com/player/tsonga/> (referer: https://www.tennisexplorer.com/ranking/atp-men/?page=4)
2021-10-05 13:47:07 [scrapy.core.engine] DEBUG: Crawled (200) <GET https://www.tennisexplorer.com/player/jung-270ad/> (referer: https://www.tennisexplorer.com/ranking/atp-men/?page=4)
2021-10-05 13:47:07 [scrapy.core.engine] DEBUG: Crawled (200) <GET https://www.tennisexplorer.com/player/gunneswaran/> (referer: https://www.tennisexplorer.com/ranking/atp-men/?page=4)
2021-10-05 13:47:07 [scrapy.core.engine] DEBUG: Crawled (200) <GET https://www.tennisexplorer.com/player/ymer/> (referer: https://www.tennisexplorer.com/ranking/atp-men/?page=4)
2021-10-05 13:47:07 [scrapy.core.engine] DEBUG: Crawled (200) <GET https://www.tennisexplorer.com/player/popko/> (referer: https://www.tennisexplorer.com/ranking/atp-men/?page=4)
2021-10-05 13:47:07 [scrapy.core.engine] DEBUG: Crawled (200) <GET https://www.tennisexplorer.com/player/moraing/> (referer: https://www.tennisexplorer.com/ranking/atp-men/?page=4)
2021-10-05 13:47:07 [scrapy.core.engine] DEBUG: Crawled (200) <GET https://www.tennisexplorer.com/player/fratangelo/> (referer: https://www.tennisexplorer.com/ranking/atp-men/?page=4)
2021-10-05 13:47:07 [scrapy.core.engine] DEBUG: Crawled (200) <GET https://www.tennisexplorer.com/player/vilella-martinez/> (referer: https://www.tennisexplorer.com/ranking/atp-men/?page=4)
2021-10-05 13:47:07 [scrapy.core.engine] DEBUG: Crawled (200) <GET https://www.tennisexplorer.com/player/sock/> (referer: https://www.tennisexplorer.com/ranking/atp-men/?page=4)
2021-10-05 13:47:07 [scrapy.core.engine] DEBUG: Crawled (200) <GET https://www.tennisexplorer.com/player/ofner-44428/> (referer: https://www.tennisexplorer.com/ranking/atp-men/?page=4)
2021-10-05 13:47:07 [scrapy.core.engine] DEBUG: Crawled (200) <GET https://www.tennisexplorer.com/player/polmans/> (referer: https://www.tennisexplorer.com/ranking/atp-men/?page=4)
2021-10-05 13:47:07 [scrapy.core.engine] DEBUG: Crawled (200) <GET https://www.tennisexplorer.com/player/halys/> (referer: https://www.tennisexplorer.com/ranking/atp-men/?page=4)
2021-10-05 13:47:08 [scrapy.core.engine] DEBUG: Crawled (200) <GET https://www.tennisexplorer.com/player/gomez-eb573/> (referer: https://www.tennisexplorer.com/ranking/atp-men/?page=4)
2021-10-05 13:47:08 [scrapy.core.engine] DEBUG: Crawled (200) <GET https://www.tennisexplorer.com/player/safiullin/> (referer: https://www.tennisexplorer.com/ranking/atp-men/?page=4)
2021-10-05 13:47:08 [scrapy.core.engine] DEBUG: Crawled (200) <GET https://www.tennisexplorer.com/player/londero/> (referer: https://www.tennisexplorer.com/ranking/atp-men/?page=4)
2021-10-05 13:47:08 [scrapy.core.engine] DEBUG: Crawled (200) <GET https://www.tennisexplorer.com/player/krueger-d6035/> (referer: https://www.tennisexplorer.com/ranking/atp-men/?page=4)
2021-10-05 13:47:08 [scrapy.core.engine] DEBUG: Crawled (200) <GET https://www.tennisexplorer.com/player/hoang-545b3/> (referer: https://www.tennisexplorer.com/ranking/atp-men/?page=4)
2021-10-05 13:47:08 [scrapy.core.engine] DEBUG: Crawled (200) <GET https://www.tennisexplorer.com/player/gaio/> (referer: https://www.tennisexplorer.com/ranking/atp-men/?page=4)
2021-10-05 13:47:08 [scrapy.core.engine] DEBUG: Crawled (200) <GET https://www.tennisexplorer.com/player/stebe/> (referer: https://www.tennisexplorer.com/ranking/atp-men/?page=4)
2021-10-05 13:47:08 [scrapy.core.engine] DEBUG: Crawled (200) <GET https://www.tennisexplorer.com/player/barrios-vera/> (referer: https://www.tennisexplorer.com/ranking/atp-men/?page=4)
2021-10-05 13:47:10 [scrapy.core.engine] DEBUG: Crawled (200) <GET https://www.tennisexplorer.com/player/cilic/> (referer: https://www.tennisexplorer.com/ranking/atp-men/)
2021-10-05 13:47:10 [scrapy.core.engine] DEBUG: Crawled (200) <GET https://www.tennisexplorer.com/player/del-bonis/> (referer: https://www.tennisexplorer.com/ranking/atp-men/)
2021-10-05 13:47:10 [scrapy.core.engine] DEBUG: Crawled (200) <GET https://www.tennisexplorer.com/player/wawrinka-ffdb9/> (referer: https://www.tennisexplorer.com/ranking/atp-men/)
2021-10-05 13:47:10 [scrapy.core.engine] DEBUG: Crawled (200) <GET https://www.tennisexplorer.com/player/davidovich-fokina/> (referer: https://www.tennisexplorer.com/ranking/atp-men/)
2021-10-05 13:47:10 [scrapy.core.engine] DEBUG: Crawled (200) <GET https://www.tennisexplorer.com/player/fritz-f1aa7/> (referer: https://www.tennisexplorer.com/ranking/atp-men/)
2021-10-05 13:47:10 [scrapy.core.engine] DEBUG: Crawled (200) <GET https://www.tennisexplorer.com/player/fucsovics/> (referer: https://www.tennisexplorer.com/ranking/atp-men/)
2021-10-05 13:47:11 [scrapy.core.engine] DEBUG: Crawled (200) <GET https://www.tennisexplorer.com/player/ivashka/> (referer: https://www.tennisexplorer.com/ranking/atp-men/)
2021-10-05 13:47:11 [scrapy.core.engine] DEBUG: Crawled (200) <GET https://www.tennisexplorer.com/player/korda-2529f/> (referer: https://www.tennisexplorer.com/ranking/atp-men/)
2021-10-05 13:47:11 [scrapy.core.engine] DEBUG: Crawled (200) <GET https://www.tennisexplorer.com/player/raonic-f147b/> (referer: https://www.tennisexplorer.com/ranking/atp-men/)
2021-10-05 13:47:11 [scrapy.core.engine] DEBUG: Crawled (200) <GET https://www.tennisexplorer.com/player/basilashvili/> (referer: https://www.tennisexplorer.com/ranking/atp-men/)
2021-10-05 13:47:11 [scrapy.core.engine] DEBUG: Crawled (200) <GET https://www.tennisexplorer.com/player/lajovic/> (referer: https://www.tennisexplorer.com/ranking/atp-men/)
2021-10-05 13:47:11 [scrapy.core.engine] DEBUG: Crawled (200) <GET https://www.tennisexplorer.com/player/krajinovic-96172/> (referer: https://www.tennisexplorer.com/ranking/atp-men/)
2021-10-05 13:47:11 [scrapy.core.engine] DEBUG: Crawled (200) <GET https://www.tennisexplorer.com/player/goffin/> (referer: https://www.tennisexplorer.com/ranking/atp-men/)
2021-10-05 13:47:11 [scrapy.core.engine] DEBUG: Crawled (200) <GET https://www.tennisexplorer.com/player/alcaraz-5ab70/> (referer: https://www.tennisexplorer.com/ranking/atp-men/)
2021-10-05 13:47:11 [scrapy.core.engine] DEBUG: Crawled (200) <GET https://www.tennisexplorer.com/player/bublik-43f80/> (referer: https://www.tennisexplorer.com/ranking/atp-men/)
2021-10-05 13:47:12 [scrapy.core.engine] DEBUG: Crawled (200) <GET https://www.tennisexplorer.com/player/karatsev/> (referer: https://www.tennisexplorer.com/ranking/atp-men/)
2021-10-05 13:47:12 [scrapy.core.engine] DEBUG: Crawled (200) <GET https://www.tennisexplorer.com/player/khachanov/> (referer: https://www.tennisexplorer.com/ranking/atp-men/)
2021-10-05 13:47:12 [scrapy.core.engine] DEBUG: Crawled (200) <GET https://www.tennisexplorer.com/player/dimitrov-779bc/> (referer: https://www.tennisexplorer.com/ranking/atp-men/)
2021-10-05 13:47:12 [scrapy.core.engine] DEBUG: Crawled (200) <GET https://www.tennisexplorer.com/player/de-minaur/> (referer: https://www.tennisexplorer.com/ranking/atp-men/)
2021-10-05 13:47:12 [scrapy.core.engine] DEBUG: Crawled (200) <GET https://www.tennisexplorer.com/player/fognini/> (referer: https://www.tennisexplorer.com/ranking/atp-men/)
2021-10-05 13:47:12 [scrapy.core.engine] DEBUG: Crawled (200) <GET https://www.tennisexplorer.com/player/humbert-e2553/> (referer: https://www.tennisexplorer.com/ranking/atp-men/)
2021-10-05 13:47:12 [scrapy.core.engine] DEBUG: Crawled (200) <GET https://www.tennisexplorer.com/player/norrie/> (referer: https://www.tennisexplorer.com/ranking/atp-men/)
2021-10-05 13:47:13 [scrapy.core.engine] DEBUG: Crawled (200) <GET https://www.tennisexplorer.com/player/isner/> (referer: https://www.tennisexplorer.com/ranking/atp-men/)
2021-10-05 13:47:13 [scrapy.core.engine] DEBUG: Crawled (200) <GET https://www.tennisexplorer.com/player/evans-cf2af/> (referer: https://www.tennisexplorer.com/ranking/atp-men/)
2021-10-05 13:47:13 [scrapy.core.engine] DEBUG: Crawled (200) <GET https://www.tennisexplorer.com/player/monfils/> (referer: https://www.tennisexplorer.com/ranking/atp-men/)
2021-10-05 13:47:13 [scrapy.core.engine] DEBUG: Crawled (200) <GET https://www.tennisexplorer.com/player/opelka/> (referer: https://www.tennisexplorer.com/ranking/atp-men/)
2021-10-05 13:47:13 [scrapy.core.engine] DEBUG: Crawled (200) <GET https://www.tennisexplorer.com/player/garin/> (referer: https://www.tennisexplorer.com/ranking/atp-men/)
2021-10-05 13:47:13 [scrapy.core.engine] DEBUG: Crawled (200) <GET https://www.tennisexplorer.com/player/sonego/> (referer: https://www.tennisexplorer.com/ranking/atp-men/)
2021-10-05 13:47:13 [scrapy.core.engine] DEBUG: Crawled (200) <GET https://www.tennisexplorer.com/player/bautista-agut/> (referer: https://www.tennisexplorer.com/ranking/atp-men/)
2021-10-05 13:47:14 [scrapy.core.engine] DEBUG: Crawled (200) <GET https://www.tennisexplorer.com/player/sinner-8b8e8/> (referer: https://www.tennisexplorer.com/ranking/atp-men/)
2021-10-05 13:47:14 [scrapy.core.engine] DEBUG: Crawled (200) <GET https://www.tennisexplorer.com/player/carreno-busta/> (referer: https://www.tennisexplorer.com/ranking/atp-men/)
2021-10-05 13:47:14 [scrapy.core.engine] DEBUG: Crawled (200) <GET https://www.tennisexplorer.com/player/schwartzman/> (referer: https://www.tennisexplorer.com/ranking/atp-men/)
2021-10-05 13:47:14 [scrapy.core.engine] DEBUG: Crawled (200) <GET https://www.tennisexplorer.com/player/shapovalov/> (referer: https://www.tennisexplorer.com/ranking/atp-men/)
2021-10-05 13:47:14 [scrapy.core.engine] DEBUG: Crawled (200) <GET https://www.tennisexplorer.com/player/harris-9f62b/> (referer: https://www.tennisexplorer.com/ranking/atp-men/)
2021-10-05 13:47:15 [scrapy.core.engine] INFO: Closing spider (finished)
2021-10-05 13:47:15 [scrapy.statscollectors] INFO: Dumping Scrapy stats:
{'downloader/request_bytes': 117585,
 'downloader/request_count': 205,
 'downloader/request_method_count/GET': 205,
 'downloader/response_bytes': 4837091,
 'downloader/response_count': 205,
 'downloader/response_status_count/200': 205,
 'elapsed_time_seconds': 35.871578,
 'finish_reason': 'finished',
 'finish_time': datetime.datetime(2021, 10, 5, 13, 47, 15, 12152),
 'httpcompression/response_bytes': 32981851,
 'httpcompression/response_count': 205,
 'log_count/DEBUG': 206,
 'log_count/ERROR': 1,
 'log_count/INFO': 10,
 'memusage/max': 185565184,
 'memusage/startup': 185565184,
 'request_depth_max': 1,
 'response_received_count': 205,
 'robotstxt/request_count': 1,
 'robotstxt/response_count': 1,
 'robotstxt/response_status_count/200': 1,
 'scheduler/dequeued': 204,
 'scheduler/dequeued/memory': 204,
 'scheduler/enqueued': 204,
 'scheduler/enqueued/memory': 204,
 'spider_exceptions/AttributeError': 1,
 'start_time': datetime.datetime(2021, 10, 5, 13, 46, 39, 140574)}
2021-10-05 13:47:15 [scrapy.core.engine] INFO: Spider closed (finished)
2021-10-10 14:58:51 [scrapy.utils.log] INFO: Scrapy 2.5.0 started (bot: tennis_explorer)
2021-10-10 14:58:51 [scrapy.utils.log] INFO: Versions: lxml 4.6.3.0, libxml2 2.9.10, cssselect 1.1.0, parsel 1.6.0, w3lib 1.22.0, Twisted 21.7.0, Python 3.8.12 (default, Sep  3 2021, 02:35:42) - [GCC 8.3.0], pyOpenSSL 20.0.1 (OpenSSL 1.1.1l  24 Aug 2021), cryptography 3.4.8, Platform Linux-5.10.47-linuxkit-x86_64-with-glibc2.2.5
2021-10-10 14:58:51 [scrapy.utils.log] DEBUG: Using reactor: twisted.internet.epollreactor.EPollReactor
2021-10-10 14:58:51 [scrapy.crawler] INFO: Overridden settings:
{'BOT_NAME': 'tennis_explorer',
 'LOG_FILE': 'temp.log',
 'NEWSPIDER_MODULE': 'tennis_explorer.spiders',
 'ROBOTSTXT_OBEY': True,
 'SPIDER_MODULES': ['tennis_explorer.spiders'],
 'USER_AGENT': 'Mozilla/5.0 (Macintosh; Intel Mac OS X 10_15_7) '
               'AppleWebKit/537.36 (KHTML, like Gecko) Chrome/92.0.4515.159 '
               'Safari/537.36'}
2021-10-10 14:58:51 [scrapy.extensions.telnet] INFO: Telnet Password: 852a4b343921cd7b
2021-10-10 14:58:52 [scrapy.middleware] INFO: Enabled extensions:
['scrapy.extensions.corestats.CoreStats',
 'scrapy.extensions.telnet.TelnetConsole',
 'scrapy.extensions.memusage.MemoryUsage',
 'scrapy.extensions.logstats.LogStats']
2021-10-10 14:58:52 [scrapy.middleware] INFO: Enabled downloader middlewares:
['scrapy.downloadermiddlewares.robotstxt.RobotsTxtMiddleware',
 'scrapy.downloadermiddlewares.httpauth.HttpAuthMiddleware',
 'scrapy.downloadermiddlewares.downloadtimeout.DownloadTimeoutMiddleware',
 'scrapy.downloadermiddlewares.defaultheaders.DefaultHeadersMiddleware',
 'scrapy.downloadermiddlewares.useragent.UserAgentMiddleware',
 'scrapy.downloadermiddlewares.retry.RetryMiddleware',
 'scrapy.downloadermiddlewares.redirect.MetaRefreshMiddleware',
 'scrapy.downloadermiddlewares.httpcompression.HttpCompressionMiddleware',
 'scrapy.downloadermiddlewares.redirect.RedirectMiddleware',
 'scrapy.downloadermiddlewares.cookies.CookiesMiddleware',
 'scrapy.downloadermiddlewares.httpproxy.HttpProxyMiddleware',
 'scrapy.downloadermiddlewares.stats.DownloaderStats']
2021-10-10 14:58:52 [scrapy.middleware] INFO: Enabled spider middlewares:
['scrapy.spidermiddlewares.httperror.HttpErrorMiddleware',
 'scrapy.spidermiddlewares.offsite.OffsiteMiddleware',
 'scrapy.spidermiddlewares.referer.RefererMiddleware',
 'scrapy.spidermiddlewares.urllength.UrlLengthMiddleware',
 'scrapy.spidermiddlewares.depth.DepthMiddleware']
2021-10-10 14:58:52 [scrapy.middleware] INFO: Enabled item pipelines:
[]
2021-10-10 14:58:52 [scrapy.core.engine] INFO: Spider opened
2021-10-10 14:58:52 [scrapy.extensions.logstats] INFO: Crawled 0 pages (at 0 pages/min), scraped 0 items (at 0 items/min)
2021-10-10 14:58:52 [scrapy.extensions.telnet] INFO: Telnet console listening on 127.0.0.1:6023
2021-10-10 14:58:53 [scrapy.core.engine] DEBUG: Crawled (200) <GET https://www.tennisexplorer.com/robots.txt> (referer: None)
2021-10-10 14:58:53 [protego] DEBUG: Rule at line 1 without any user agent to enforce it on.
2021-10-10 14:58:53 [scrapy.core.engine] DEBUG: Crawled (200) <GET https://www.tennisexplorer.com/match-detail/?id=1988653> (referer: None)
2021-10-10 14:58:54 [scrapy.core.engine] DEBUG: Crawled (200) <GET https://www.tennisexplorer.com/match-detail/?id=1988681> (referer: None)
2021-10-10 14:58:54 [scrapy.core.engine] DEBUG: Crawled (200) <GET https://www.tennisexplorer.com/match-detail/?id=1988693> (referer: None)
2021-10-10 14:58:54 [scrapy.core.engine] DEBUG: Crawled (200) <GET https://www.tennisexplorer.com/match-detail/?id=1988686> (referer: None)
2021-10-10 14:58:54 [scrapy.core.engine] DEBUG: Crawled (200) <GET https://www.tennisexplorer.com/match-detail/?id=1988652> (referer: None)
2021-10-10 14:58:54 [scrapy.core.engine] DEBUG: Crawled (200) <GET https://www.tennisexplorer.com/match-detail/?id=1988687> (referer: None)
2021-10-10 14:58:54 [scrapy.core.engine] DEBUG: Crawled (200) <GET https://www.tennisexplorer.com/match-detail/?id=1988716> (referer: None)
2021-10-10 14:58:54 [scrapy.core.engine] DEBUG: Crawled (200) <GET https://www.tennisexplorer.com/match-detail/?id=1988694> (referer: None)
2021-10-10 14:58:54 [scrapy.core.engine] DEBUG: Crawled (200) <GET https://www.tennisexplorer.com/match-detail/?id=1988659> (referer: None)
2021-10-10 14:58:54 [scrapy.core.engine] INFO: Closing spider (finished)
2021-10-10 14:58:54 [scrapy.statscollectors] INFO: Dumping Scrapy stats:
{'downloader/request_bytes': 3316,
 'downloader/request_count': 10,
 'downloader/request_method_count/GET': 10,
 'downloader/response_bytes': 320003,
 'downloader/response_count': 10,
 'downloader/response_status_count/200': 10,
 'elapsed_time_seconds': 2.822987,
 'finish_reason': 'finished',
 'finish_time': datetime.datetime(2021, 10, 10, 14, 58, 54, 874632),
 'httpcompression/response_bytes': 3062272,
 'httpcompression/response_count': 10,
 'log_count/DEBUG': 11,
 'log_count/INFO': 10,
 'memusage/max': 184922112,
 'memusage/startup': 184922112,
 'response_received_count': 10,
 'robotstxt/request_count': 1,
 'robotstxt/response_count': 1,
 'robotstxt/response_status_count/200': 1,
 'scheduler/dequeued': 9,
 'scheduler/dequeued/memory': 9,
 'scheduler/enqueued': 9,
 'scheduler/enqueued/memory': 9,
 'start_time': datetime.datetime(2021, 10, 10, 14, 58, 52, 51645)}
2021-10-10 14:58:54 [scrapy.core.engine] INFO: Spider closed (finished)
2021-10-10 14:59:22 [scrapy.utils.log] INFO: Scrapy 2.5.0 started (bot: tennis_explorer)
2021-10-10 14:59:22 [scrapy.utils.log] INFO: Versions: lxml 4.6.3.0, libxml2 2.9.10, cssselect 1.1.0, parsel 1.6.0, w3lib 1.22.0, Twisted 21.7.0, Python 3.8.12 (default, Sep  3 2021, 02:35:42) - [GCC 8.3.0], pyOpenSSL 20.0.1 (OpenSSL 1.1.1l  24 Aug 2021), cryptography 3.4.8, Platform Linux-5.10.47-linuxkit-x86_64-with-glibc2.2.5
2021-10-10 14:59:22 [scrapy.utils.log] DEBUG: Using reactor: twisted.internet.epollreactor.EPollReactor
2021-10-10 14:59:22 [scrapy.crawler] INFO: Overridden settings:
{'BOT_NAME': 'tennis_explorer',
 'LOG_FILE': 'temp.log',
 'NEWSPIDER_MODULE': 'tennis_explorer.spiders',
 'ROBOTSTXT_OBEY': True,
 'SPIDER_MODULES': ['tennis_explorer.spiders'],
 'USER_AGENT': 'Mozilla/5.0 (Macintosh; Intel Mac OS X 10_15_7) '
               'AppleWebKit/537.36 (KHTML, like Gecko) Chrome/92.0.4515.159 '
               'Safari/537.36'}
2021-10-10 14:59:22 [scrapy.extensions.telnet] INFO: Telnet Password: bf5019b9e734cf12
2021-10-10 14:59:22 [scrapy.middleware] INFO: Enabled extensions:
['scrapy.extensions.corestats.CoreStats',
 'scrapy.extensions.telnet.TelnetConsole',
 'scrapy.extensions.memusage.MemoryUsage',
 'scrapy.extensions.logstats.LogStats']
2021-10-10 14:59:22 [scrapy.middleware] INFO: Enabled downloader middlewares:
['scrapy.downloadermiddlewares.robotstxt.RobotsTxtMiddleware',
 'scrapy.downloadermiddlewares.httpauth.HttpAuthMiddleware',
 'scrapy.downloadermiddlewares.downloadtimeout.DownloadTimeoutMiddleware',
 'scrapy.downloadermiddlewares.defaultheaders.DefaultHeadersMiddleware',
 'scrapy.downloadermiddlewares.useragent.UserAgentMiddleware',
 'scrapy.downloadermiddlewares.retry.RetryMiddleware',
 'scrapy.downloadermiddlewares.redirect.MetaRefreshMiddleware',
 'scrapy.downloadermiddlewares.httpcompression.HttpCompressionMiddleware',
 'scrapy.downloadermiddlewares.redirect.RedirectMiddleware',
 'scrapy.downloadermiddlewares.cookies.CookiesMiddleware',
 'scrapy.downloadermiddlewares.httpproxy.HttpProxyMiddleware',
 'scrapy.downloadermiddlewares.stats.DownloaderStats']
2021-10-10 14:59:22 [scrapy.middleware] INFO: Enabled spider middlewares:
['scrapy.spidermiddlewares.httperror.HttpErrorMiddleware',
 'scrapy.spidermiddlewares.offsite.OffsiteMiddleware',
 'scrapy.spidermiddlewares.referer.RefererMiddleware',
 'scrapy.spidermiddlewares.urllength.UrlLengthMiddleware',
 'scrapy.spidermiddlewares.depth.DepthMiddleware']
2021-10-10 14:59:22 [scrapy.middleware] INFO: Enabled item pipelines:
[]
2021-10-10 14:59:22 [scrapy.core.engine] INFO: Spider opened
2021-10-10 14:59:22 [scrapy.extensions.logstats] INFO: Crawled 0 pages (at 0 pages/min), scraped 0 items (at 0 items/min)
2021-10-10 14:59:22 [scrapy.extensions.telnet] INFO: Telnet console listening on 127.0.0.1:6023
2021-10-10 14:59:23 [scrapy.core.engine] DEBUG: Crawled (200) <GET https://www.tennisexplorer.com/robots.txt> (referer: None)
2021-10-10 14:59:23 [protego] DEBUG: Rule at line 1 without any user agent to enforce it on.
2021-10-10 14:59:24 [scrapy.core.engine] DEBUG: Crawled (200) <GET https://www.tennisexplorer.com/match-detail/?id=1988653> (referer: None)
2021-10-10 14:59:24 [scrapy.core.engine] DEBUG: Crawled (200) <GET https://www.tennisexplorer.com/match-detail/?id=1988686> (referer: None)
2021-10-10 14:59:24 [scrapy.core.engine] DEBUG: Crawled (200) <GET https://www.tennisexplorer.com/match-detail/?id=1988687> (referer: None)
2021-10-10 14:59:24 [scrapy.core.engine] DEBUG: Crawled (200) <GET https://www.tennisexplorer.com/match-detail/?id=1988652> (referer: None)
2021-10-10 14:59:24 [scrapy.core.engine] DEBUG: Crawled (200) <GET https://www.tennisexplorer.com/match-detail/?id=1988681> (referer: None)
2021-10-10 14:59:24 [scrapy.core.engine] DEBUG: Crawled (200) <GET https://www.tennisexplorer.com/match-detail/?id=1988693> (referer: None)
2021-10-10 14:59:24 [scrapy.core.engine] DEBUG: Crawled (200) <GET https://www.tennisexplorer.com/match-detail/?id=1988694> (referer: None)
2021-10-10 14:59:24 [scrapy.core.engine] DEBUG: Crawled (200) <GET https://www.tennisexplorer.com/match-detail/?id=1988716> (referer: None)
2021-10-10 14:59:24 [scrapy.core.engine] DEBUG: Crawled (200) <GET https://www.tennisexplorer.com/match-detail/?id=1988659> (referer: None)
2021-10-10 14:59:25 [scrapy.core.engine] INFO: Closing spider (finished)
2021-10-10 14:59:25 [scrapy.statscollectors] INFO: Dumping Scrapy stats:
{'downloader/request_bytes': 3316,
 'downloader/request_count': 10,
 'downloader/request_method_count/GET': 10,
 'downloader/response_bytes': 320003,
 'downloader/response_count': 10,
 'downloader/response_status_count/200': 10,
 'elapsed_time_seconds': 2.654549,
 'finish_reason': 'finished',
 'finish_time': datetime.datetime(2021, 10, 10, 14, 59, 25, 15821),
 'httpcompression/response_bytes': 3062272,
 'httpcompression/response_count': 10,
 'log_count/DEBUG': 11,
 'log_count/INFO': 10,
 'memusage/max': 185851904,
 'memusage/startup': 185851904,
 'response_received_count': 10,
 'robotstxt/request_count': 1,
 'robotstxt/response_count': 1,
 'robotstxt/response_status_count/200': 1,
 'scheduler/dequeued': 9,
 'scheduler/dequeued/memory': 9,
 'scheduler/enqueued': 9,
 'scheduler/enqueued/memory': 9,
 'start_time': datetime.datetime(2021, 10, 10, 14, 59, 22, 361272)}
2021-10-10 14:59:25 [scrapy.core.engine] INFO: Spider closed (finished)
2021-10-10 14:59:34 [scrapy.utils.log] INFO: Scrapy 2.5.0 started (bot: tennis_explorer)
2021-10-10 14:59:34 [scrapy.utils.log] INFO: Versions: lxml 4.6.3.0, libxml2 2.9.10, cssselect 1.1.0, parsel 1.6.0, w3lib 1.22.0, Twisted 21.7.0, Python 3.8.12 (default, Sep  3 2021, 02:35:42) - [GCC 8.3.0], pyOpenSSL 20.0.1 (OpenSSL 1.1.1l  24 Aug 2021), cryptography 3.4.8, Platform Linux-5.10.47-linuxkit-x86_64-with-glibc2.2.5
2021-10-10 14:59:34 [scrapy.utils.log] DEBUG: Using reactor: twisted.internet.epollreactor.EPollReactor
2021-10-10 14:59:34 [scrapy.crawler] INFO: Overridden settings:
{'BOT_NAME': 'tennis_explorer',
 'LOG_FILE': 'temp.log',
 'NEWSPIDER_MODULE': 'tennis_explorer.spiders',
 'ROBOTSTXT_OBEY': True,
 'SPIDER_MODULES': ['tennis_explorer.spiders'],
 'USER_AGENT': 'Mozilla/5.0 (Macintosh; Intel Mac OS X 10_15_7) '
               'AppleWebKit/537.36 (KHTML, like Gecko) Chrome/92.0.4515.159 '
               'Safari/537.36'}
2021-10-10 14:59:35 [scrapy.extensions.telnet] INFO: Telnet Password: f77329e7f62c7f9d
2021-10-10 14:59:35 [scrapy.middleware] INFO: Enabled extensions:
['scrapy.extensions.corestats.CoreStats',
 'scrapy.extensions.telnet.TelnetConsole',
 'scrapy.extensions.memusage.MemoryUsage',
 'scrapy.extensions.logstats.LogStats']
2021-10-10 14:59:35 [scrapy.middleware] INFO: Enabled downloader middlewares:
['scrapy.downloadermiddlewares.robotstxt.RobotsTxtMiddleware',
 'scrapy.downloadermiddlewares.httpauth.HttpAuthMiddleware',
 'scrapy.downloadermiddlewares.downloadtimeout.DownloadTimeoutMiddleware',
 'scrapy.downloadermiddlewares.defaultheaders.DefaultHeadersMiddleware',
 'scrapy.downloadermiddlewares.useragent.UserAgentMiddleware',
 'scrapy.downloadermiddlewares.retry.RetryMiddleware',
 'scrapy.downloadermiddlewares.redirect.MetaRefreshMiddleware',
 'scrapy.downloadermiddlewares.httpcompression.HttpCompressionMiddleware',
 'scrapy.downloadermiddlewares.redirect.RedirectMiddleware',
 'scrapy.downloadermiddlewares.cookies.CookiesMiddleware',
 'scrapy.downloadermiddlewares.httpproxy.HttpProxyMiddleware',
 'scrapy.downloadermiddlewares.stats.DownloaderStats']
2021-10-10 14:59:35 [scrapy.middleware] INFO: Enabled spider middlewares:
['scrapy.spidermiddlewares.httperror.HttpErrorMiddleware',
 'scrapy.spidermiddlewares.offsite.OffsiteMiddleware',
 'scrapy.spidermiddlewares.referer.RefererMiddleware',
 'scrapy.spidermiddlewares.urllength.UrlLengthMiddleware',
 'scrapy.spidermiddlewares.depth.DepthMiddleware']
2021-10-10 14:59:35 [scrapy.middleware] INFO: Enabled item pipelines:
[]
2021-10-10 14:59:35 [scrapy.core.engine] INFO: Spider opened
2021-10-10 14:59:35 [scrapy.extensions.logstats] INFO: Crawled 0 pages (at 0 pages/min), scraped 0 items (at 0 items/min)
2021-10-10 14:59:35 [scrapy.extensions.telnet] INFO: Telnet console listening on 127.0.0.1:6023
2021-10-10 14:59:35 [scrapy.core.engine] DEBUG: Crawled (200) <GET https://www.tennisexplorer.com/robots.txt> (referer: None)
2021-10-10 14:59:35 [protego] DEBUG: Rule at line 1 without any user agent to enforce it on.
2021-10-10 14:59:36 [scrapy.core.engine] DEBUG: Crawled (200) <GET https://www.tennisexplorer.com/match-detail/?id=1988653> (referer: None)
2021-10-10 14:59:37 [scrapy.core.engine] DEBUG: Crawled (200) <GET https://www.tennisexplorer.com/match-detail/?id=1988693> (referer: None)
2021-10-10 14:59:37 [scrapy.core.engine] DEBUG: Crawled (200) <GET https://www.tennisexplorer.com/match-detail/?id=1988687> (referer: None)
2021-10-10 14:59:37 [scrapy.core.engine] DEBUG: Crawled (200) <GET https://www.tennisexplorer.com/match-detail/?id=1988686> (referer: None)
2021-10-10 14:59:37 [scrapy.core.engine] DEBUG: Crawled (200) <GET https://www.tennisexplorer.com/match-detail/?id=1988694> (referer: None)
2021-10-10 14:59:37 [scrapy.core.engine] DEBUG: Crawled (200) <GET https://www.tennisexplorer.com/match-detail/?id=1988681> (referer: None)
2021-10-10 14:59:37 [scrapy.core.engine] DEBUG: Crawled (200) <GET https://www.tennisexplorer.com/match-detail/?id=1988652> (referer: None)
2021-10-10 14:59:37 [scrapy.core.engine] DEBUG: Crawled (200) <GET https://www.tennisexplorer.com/match-detail/?id=1988716> (referer: None)
2021-10-10 14:59:37 [scrapy.core.engine] DEBUG: Crawled (200) <GET https://www.tennisexplorer.com/match-detail/?id=1988659> (referer: None)
2021-10-10 14:59:37 [scrapy.core.engine] INFO: Closing spider (finished)
2021-10-10 14:59:37 [scrapy.statscollectors] INFO: Dumping Scrapy stats:
{'downloader/request_bytes': 3316,
 'downloader/request_count': 10,
 'downloader/request_method_count/GET': 10,
 'downloader/response_bytes': 320003,
 'downloader/response_count': 10,
 'downloader/response_status_count/200': 10,
 'elapsed_time_seconds': 2.95202,
 'finish_reason': 'finished',
 'finish_time': datetime.datetime(2021, 10, 10, 14, 59, 37, 996579),
 'httpcompression/response_bytes': 3062272,
 'httpcompression/response_count': 10,
 'log_count/DEBUG': 11,
 'log_count/INFO': 10,
 'memusage/max': 184872960,
 'memusage/startup': 184872960,
 'response_received_count': 10,
 'robotstxt/request_count': 1,
 'robotstxt/response_count': 1,
 'robotstxt/response_status_count/200': 1,
 'scheduler/dequeued': 9,
 'scheduler/dequeued/memory': 9,
 'scheduler/enqueued': 9,
 'scheduler/enqueued/memory': 9,
 'start_time': datetime.datetime(2021, 10, 10, 14, 59, 35, 44559)}
2021-10-10 14:59:37 [scrapy.core.engine] INFO: Spider closed (finished)
2022-01-23 09:03:05 [scrapy.utils.log] INFO: Scrapy 2.5.1 started (bot: tennis_explorer)
2022-01-23 09:03:05 [scrapy.utils.log] INFO: Versions: lxml 4.7.1.0, libxml2 2.9.12, cssselect 1.1.0, parsel 1.6.0, w3lib 1.22.0, Twisted 21.7.0, Python 3.8.12 (default, Dec 21 2021, 11:15:53) - [GCC 8.3.0], pyOpenSSL 21.0.0 (OpenSSL 1.1.1m  14 Dec 2021), cryptography 36.0.1, Platform Linux-5.10.76-linuxkit-x86_64-with-glibc2.2.5
2022-01-23 09:03:05 [scrapy.utils.log] DEBUG: Using reactor: twisted.internet.epollreactor.EPollReactor
2022-01-23 09:03:05 [scrapy.crawler] INFO: Overridden settings:
{'BOT_NAME': 'tennis_explorer',
 'DOWNLOAD_DELAY': 3,
 'LOG_FILE': 'temp.log',
 'NEWSPIDER_MODULE': 'tennis_explorer.spiders',
 'ROBOTSTXT_OBEY': True,
 'SPIDER_MODULES': ['tennis_explorer.spiders'],
 'USER_AGENT': 'Mozilla/5.0 (Macintosh; Intel Mac OS X 10_15_7) '
               'AppleWebKit/537.36 (KHTML, like Gecko) Chrome/92.0.4515.159 '
               'Safari/537.36'}
2022-01-23 09:03:05 [scrapy.extensions.telnet] INFO: Telnet Password: cba2dc321708c6dc
2022-01-23 09:03:05 [scrapy.middleware] INFO: Enabled extensions:
['scrapy.extensions.corestats.CoreStats',
 'scrapy.extensions.telnet.TelnetConsole',
 'scrapy.extensions.memusage.MemoryUsage',
 'scrapy.extensions.logstats.LogStats']
2022-01-23 09:03:05 [scrapy.middleware] INFO: Enabled downloader middlewares:
['scrapy.downloadermiddlewares.robotstxt.RobotsTxtMiddleware',
 'scrapy.downloadermiddlewares.httpauth.HttpAuthMiddleware',
 'scrapy.downloadermiddlewares.downloadtimeout.DownloadTimeoutMiddleware',
 'scrapy.downloadermiddlewares.defaultheaders.DefaultHeadersMiddleware',
 'scrapy.downloadermiddlewares.useragent.UserAgentMiddleware',
 'scrapy.downloadermiddlewares.retry.RetryMiddleware',
 'scrapy.downloadermiddlewares.redirect.MetaRefreshMiddleware',
 'scrapy.downloadermiddlewares.httpcompression.HttpCompressionMiddleware',
 'scrapy.downloadermiddlewares.redirect.RedirectMiddleware',
 'scrapy.downloadermiddlewares.cookies.CookiesMiddleware',
 'scrapy.downloadermiddlewares.httpproxy.HttpProxyMiddleware',
 'scrapy.downloadermiddlewares.stats.DownloaderStats']
2022-01-23 09:03:05 [scrapy.middleware] INFO: Enabled spider middlewares:
['scrapy.spidermiddlewares.httperror.HttpErrorMiddleware',
 'scrapy.spidermiddlewares.offsite.OffsiteMiddleware',
 'scrapy.spidermiddlewares.referer.RefererMiddleware',
 'scrapy.spidermiddlewares.urllength.UrlLengthMiddleware',
 'scrapy.spidermiddlewares.depth.DepthMiddleware']
2022-01-23 09:03:05 [scrapy.middleware] INFO: Enabled item pipelines:
[]
2022-01-23 09:03:05 [scrapy.core.engine] INFO: Spider opened
2022-01-23 09:03:05 [scrapy.extensions.logstats] INFO: Crawled 0 pages (at 0 pages/min), scraped 0 items (at 0 items/min)
2022-01-23 09:03:05 [scrapy.extensions.telnet] INFO: Telnet console listening on 127.0.0.1:6023
2022-01-23 09:03:06 [scrapy.core.engine] DEBUG: Crawled (200) <GET https://www.tennisexplorer.com/robots.txt> (referer: None)
2022-01-23 09:03:06 [protego] DEBUG: Rule at line 1 without any user agent to enforce it on.
2022-01-23 09:03:11 [scrapy.core.engine] DEBUG: Crawled (200) <GET https://www.tennisexplorer.com/> (referer: None)
2022-01-23 09:03:14 [scrapy.core.engine] DEBUG: Crawled (200) <GET https://www.tennisexplorer.com/matches/?type=atp-single&timezone=+9> (referer: https://www.tennisexplorer.com/)
2022-01-23 09:03:18 [scrapy.core.engine] DEBUG: Crawled (200) <GET https://www.tennisexplorer.com/next/?type=wta-single&year=2022&month=01&day=24&timezone=+9> (referer: https://www.tennisexplorer.com/)
2022-01-23 09:03:22 [scrapy.core.engine] DEBUG: Crawled (200) <GET https://www.tennisexplorer.com/next/?type=atp-single&year=2022&month=01&day=24&timezone=+9> (referer: https://www.tennisexplorer.com/)
2022-01-23 09:03:26 [scrapy.core.engine] DEBUG: Crawled (200) <GET https://www.tennisexplorer.com/matches/?type=wta-single&timezone=+9> (referer: https://www.tennisexplorer.com/)
2022-01-23 09:03:33 [scrapy.core.engine] DEBUG: Crawled (200) <GET https://www.tennisexplorer.com/match-detail/?id=2024160> (referer: https://www.tennisexplorer.com/matches/?type=atp-single&timezone=+9)
2022-01-23 09:03:33 [urllib3.connectionpool] DEBUG: Starting new HTTPS connection (1): www.tennisexplorer.com:443
2022-01-23 09:03:34 [urllib3.connectionpool] DEBUG: https://www.tennisexplorer.com:443 "GET /player/kecmanovic HTTP/1.1" 301 212
2022-01-23 09:03:35 [urllib3.connectionpool] DEBUG: Starting new HTTP connection (1): www.tennisexplorer.com:80
2022-01-23 09:03:35 [urllib3.connectionpool] DEBUG: http://www.tennisexplorer.com:80 "GET /player/kecmanovic/ HTTP/1.1" 301 162
2022-01-23 09:03:35 [scrapy.core.scraper] ERROR: Spider error processing <GET https://www.tennisexplorer.com/match-detail/?id=2024160> (referer: https://www.tennisexplorer.com/matches/?type=atp-single&timezone=+9)
Traceback (most recent call last):
  File "/usr/local/lib/python3.8/site-packages/urllib3/connectionpool.py", line 703, in urlopen
    httplib_response = self._make_request(
  File "/usr/local/lib/python3.8/site-packages/urllib3/connectionpool.py", line 449, in _make_request
    six.raise_from(e, None)
  File "<string>", line 3, in raise_from
  File "/usr/local/lib/python3.8/site-packages/urllib3/connectionpool.py", line 444, in _make_request
    httplib_response = conn.getresponse()
  File "/usr/local/lib/python3.8/http/client.py", line 1348, in getresponse
    response.begin()
  File "/usr/local/lib/python3.8/http/client.py", line 316, in begin
    version, status, reason = self._read_status()
  File "/usr/local/lib/python3.8/http/client.py", line 285, in _read_status
    raise RemoteDisconnected("Remote end closed connection without"
http.client.RemoteDisconnected: Remote end closed connection without response

During handling of the above exception, another exception occurred:

Traceback (most recent call last):
  File "/usr/local/lib/python3.8/site-packages/requests/adapters.py", line 440, in send
    resp = conn.urlopen(
  File "/usr/local/lib/python3.8/site-packages/urllib3/connectionpool.py", line 785, in urlopen
    retries = retries.increment(
  File "/usr/local/lib/python3.8/site-packages/urllib3/util/retry.py", line 550, in increment
    raise six.reraise(type(error), error, _stacktrace)
  File "/usr/local/lib/python3.8/site-packages/urllib3/packages/six.py", line 769, in reraise
    raise value.with_traceback(tb)
  File "/usr/local/lib/python3.8/site-packages/urllib3/connectionpool.py", line 703, in urlopen
    httplib_response = self._make_request(
  File "/usr/local/lib/python3.8/site-packages/urllib3/connectionpool.py", line 449, in _make_request
    six.raise_from(e, None)
  File "<string>", line 3, in raise_from
  File "/usr/local/lib/python3.8/site-packages/urllib3/connectionpool.py", line 444, in _make_request
    httplib_response = conn.getresponse()
  File "/usr/local/lib/python3.8/http/client.py", line 1348, in getresponse
    response.begin()
  File "/usr/local/lib/python3.8/http/client.py", line 316, in begin
    version, status, reason = self._read_status()
  File "/usr/local/lib/python3.8/http/client.py", line 285, in _read_status
    raise RemoteDisconnected("Remote end closed connection without"
urllib3.exceptions.ProtocolError: ('Connection aborted.', RemoteDisconnected('Remote end closed connection without response'))

During handling of the above exception, another exception occurred:

Traceback (most recent call last):
  File "/usr/local/lib/python3.8/site-packages/twisted/internet/defer.py", line 858, in _runCallbacks
    current.result = callback(  # type: ignore[misc]
  File "/app/tennis_explorer/spiders/matches.py", line 104, in parse_detail
    player1 = self.parse_player_profile(
  File "/app/tennis_explorer/spiders/matches.py", line 212, in parse_player_profile
    soup = BeautifulSoup(requests.get(url).content, "lxml")
  File "/usr/local/lib/python3.8/site-packages/requests/api.py", line 75, in get
    return request('get', url, params=params, **kwargs)
  File "/usr/local/lib/python3.8/site-packages/requests/api.py", line 61, in request
    return session.request(method=method, url=url, **kwargs)
  File "/usr/local/lib/python3.8/site-packages/requests/sessions.py", line 529, in request
    resp = self.send(prep, **send_kwargs)
  File "/usr/local/lib/python3.8/site-packages/requests/sessions.py", line 667, in send
    history = [resp for resp in gen]
  File "/usr/local/lib/python3.8/site-packages/requests/sessions.py", line 667, in <listcomp>
    history = [resp for resp in gen]
  File "/usr/local/lib/python3.8/site-packages/requests/sessions.py", line 237, in resolve_redirects
    resp = self.send(
  File "/usr/local/lib/python3.8/site-packages/requests/sessions.py", line 645, in send
    r = adapter.send(request, **kwargs)
  File "/usr/local/lib/python3.8/site-packages/requests/adapters.py", line 501, in send
    raise ConnectionError(err, request=request)
requests.exceptions.ConnectionError: ('Connection aborted.', RemoteDisconnected('Remote end closed connection without response'))
2022-01-23 09:03:37 [scrapy.core.engine] DEBUG: Crawled (200) <GET https://www.tennisexplorer.com/match-detail/?id=2024174> (referer: https://www.tennisexplorer.com/matches/?type=atp-single&timezone=+9)
2022-01-23 09:03:37 [urllib3.connectionpool] DEBUG: Starting new HTTPS connection (1): www.tennisexplorer.com:443
2022-01-23 09:03:38 [urllib3.connectionpool] DEBUG: https://www.tennisexplorer.com:443 "GET /player/carreno-busta HTTP/1.1" 301 213
2022-01-23 09:03:38 [urllib3.connectionpool] DEBUG: Starting new HTTP connection (1): www.tennisexplorer.com:80
2022-01-23 09:03:39 [urllib3.connectionpool] DEBUG: http://www.tennisexplorer.com:80 "GET /player/carreno-busta/ HTTP/1.1" 301 162
2022-01-23 09:03:41 [urllib3.connectionpool] DEBUG: https://www.tennisexplorer.com:443 "GET /player/carreno-busta/ HTTP/1.1" 200 22711
2022-01-23 09:03:41 [urllib3.connectionpool] DEBUG: Starting new HTTPS connection (1): raw.githubusercontent.com:443
2022-01-23 09:03:41 [urllib3.connectionpool] DEBUG: https://raw.githubusercontent.com:443 "GET /ebijun1007/tennis_elo_scraper/main/latest/atp.csv HTTP/1.1" 200 18181
2022-01-23 09:03:41 [urllib3.connectionpool] DEBUG: Starting new HTTPS connection (1): raw.githubusercontent.com:443
2022-01-23 09:03:42 [urllib3.connectionpool] DEBUG: https://raw.githubusercontent.com:443 "GET /ebijun1007/tennis_elo_scraper/main/latest/wta.csv HTTP/1.1" 200 15504
2022-01-23 09:03:42 [urllib3.connectionpool] DEBUG: Starting new HTTPS connection (1): www.tennisexplorer.com:443
2022-01-23 09:03:43 [urllib3.connectionpool] DEBUG: https://www.tennisexplorer.com:443 "GET /player/berrettini-707ad HTTP/1.1" 301 217
2022-01-23 09:03:43 [urllib3.connectionpool] DEBUG: Starting new HTTP connection (1): www.tennisexplorer.com:80
2022-01-23 09:03:44 [urllib3.connectionpool] DEBUG: http://www.tennisexplorer.com:80 "GET /player/berrettini-707ad/ HTTP/1.1" 301 162
2022-01-23 09:03:44 [scrapy.core.scraper] ERROR: Spider error processing <GET https://www.tennisexplorer.com/match-detail/?id=2024174> (referer: https://www.tennisexplorer.com/matches/?type=atp-single&timezone=+9)
Traceback (most recent call last):
  File "/usr/local/lib/python3.8/site-packages/urllib3/connectionpool.py", line 703, in urlopen
    httplib_response = self._make_request(
  File "/usr/local/lib/python3.8/site-packages/urllib3/connectionpool.py", line 449, in _make_request
    six.raise_from(e, None)
  File "<string>", line 3, in raise_from
  File "/usr/local/lib/python3.8/site-packages/urllib3/connectionpool.py", line 444, in _make_request
    httplib_response = conn.getresponse()
  File "/usr/local/lib/python3.8/http/client.py", line 1348, in getresponse
    response.begin()
  File "/usr/local/lib/python3.8/http/client.py", line 316, in begin
    version, status, reason = self._read_status()
  File "/usr/local/lib/python3.8/http/client.py", line 285, in _read_status
    raise RemoteDisconnected("Remote end closed connection without"
http.client.RemoteDisconnected: Remote end closed connection without response

During handling of the above exception, another exception occurred:

Traceback (most recent call last):
  File "/usr/local/lib/python3.8/site-packages/requests/adapters.py", line 440, in send
    resp = conn.urlopen(
  File "/usr/local/lib/python3.8/site-packages/urllib3/connectionpool.py", line 785, in urlopen
    retries = retries.increment(
  File "/usr/local/lib/python3.8/site-packages/urllib3/util/retry.py", line 550, in increment
    raise six.reraise(type(error), error, _stacktrace)
  File "/usr/local/lib/python3.8/site-packages/urllib3/packages/six.py", line 769, in reraise
    raise value.with_traceback(tb)
  File "/usr/local/lib/python3.8/site-packages/urllib3/connectionpool.py", line 703, in urlopen
    httplib_response = self._make_request(
  File "/usr/local/lib/python3.8/site-packages/urllib3/connectionpool.py", line 449, in _make_request
    six.raise_from(e, None)
  File "<string>", line 3, in raise_from
  File "/usr/local/lib/python3.8/site-packages/urllib3/connectionpool.py", line 444, in _make_request
    httplib_response = conn.getresponse()
  File "/usr/local/lib/python3.8/http/client.py", line 1348, in getresponse
    response.begin()
  File "/usr/local/lib/python3.8/http/client.py", line 316, in begin
    version, status, reason = self._read_status()
  File "/usr/local/lib/python3.8/http/client.py", line 285, in _read_status
    raise RemoteDisconnected("Remote end closed connection without"
urllib3.exceptions.ProtocolError: ('Connection aborted.', RemoteDisconnected('Remote end closed connection without response'))

During handling of the above exception, another exception occurred:

Traceback (most recent call last):
  File "/usr/local/lib/python3.8/site-packages/twisted/internet/defer.py", line 858, in _runCallbacks
    current.result = callback(  # type: ignore[misc]
  File "/app/tennis_explorer/spiders/matches.py", line 113, in parse_detail
    player2 = self.parse_player_profile(
  File "/app/tennis_explorer/spiders/matches.py", line 212, in parse_player_profile
    soup = BeautifulSoup(requests.get(url).content, "lxml")
  File "/usr/local/lib/python3.8/site-packages/requests/api.py", line 75, in get
    return request('get', url, params=params, **kwargs)
  File "/usr/local/lib/python3.8/site-packages/requests/api.py", line 61, in request
    return session.request(method=method, url=url, **kwargs)
  File "/usr/local/lib/python3.8/site-packages/requests/sessions.py", line 529, in request
    resp = self.send(prep, **send_kwargs)
  File "/usr/local/lib/python3.8/site-packages/requests/sessions.py", line 667, in send
    history = [resp for resp in gen]
  File "/usr/local/lib/python3.8/site-packages/requests/sessions.py", line 667, in <listcomp>
    history = [resp for resp in gen]
  File "/usr/local/lib/python3.8/site-packages/requests/sessions.py", line 237, in resolve_redirects
    resp = self.send(
  File "/usr/local/lib/python3.8/site-packages/requests/sessions.py", line 645, in send
    r = adapter.send(request, **kwargs)
  File "/usr/local/lib/python3.8/site-packages/requests/adapters.py", line 501, in send
    raise ConnectionError(err, request=request)
requests.exceptions.ConnectionError: ('Connection aborted.', RemoteDisconnected('Remote end closed connection without response'))
2022-01-23 09:03:44 [scrapy.core.engine] DEBUG: Crawled (200) <GET https://www.tennisexplorer.com/match-detail/?id=2024312> (referer: https://www.tennisexplorer.com/next/?type=wta-single&year=2022&month=01&day=24&timezone=+9)
2022-01-23 09:03:44 [urllib3.connectionpool] DEBUG: Starting new HTTPS connection (1): www.tennisexplorer.com:443
2022-01-23 09:03:46 [urllib3.connectionpool] DEBUG: https://www.tennisexplorer.com:443 "GET /player/kanepi HTTP/1.1" 301 209
2022-01-23 09:03:46 [urllib3.connectionpool] DEBUG: Starting new HTTP connection (1): www.tennisexplorer.com:80
2022-01-23 09:03:47 [urllib3.connectionpool] DEBUG: http://www.tennisexplorer.com:80 "GET /player/kanepi/ HTTP/1.1" 301 162
2022-01-23 09:03:48 [scrapy.core.scraper] ERROR: Spider error processing <GET https://www.tennisexplorer.com/match-detail/?id=2024312> (referer: https://www.tennisexplorer.com/next/?type=wta-single&year=2022&month=01&day=24&timezone=+9)
Traceback (most recent call last):
  File "/usr/local/lib/python3.8/site-packages/urllib3/connectionpool.py", line 703, in urlopen
    httplib_response = self._make_request(
  File "/usr/local/lib/python3.8/site-packages/urllib3/connectionpool.py", line 449, in _make_request
    six.raise_from(e, None)
  File "<string>", line 3, in raise_from
  File "/usr/local/lib/python3.8/site-packages/urllib3/connectionpool.py", line 444, in _make_request
    httplib_response = conn.getresponse()
  File "/usr/local/lib/python3.8/http/client.py", line 1348, in getresponse
    response.begin()
  File "/usr/local/lib/python3.8/http/client.py", line 316, in begin
    version, status, reason = self._read_status()
  File "/usr/local/lib/python3.8/http/client.py", line 285, in _read_status
    raise RemoteDisconnected("Remote end closed connection without"
http.client.RemoteDisconnected: Remote end closed connection without response

During handling of the above exception, another exception occurred:

Traceback (most recent call last):
  File "/usr/local/lib/python3.8/site-packages/requests/adapters.py", line 440, in send
    resp = conn.urlopen(
  File "/usr/local/lib/python3.8/site-packages/urllib3/connectionpool.py", line 785, in urlopen
    retries = retries.increment(
  File "/usr/local/lib/python3.8/site-packages/urllib3/util/retry.py", line 550, in increment
    raise six.reraise(type(error), error, _stacktrace)
  File "/usr/local/lib/python3.8/site-packages/urllib3/packages/six.py", line 769, in reraise
    raise value.with_traceback(tb)
  File "/usr/local/lib/python3.8/site-packages/urllib3/connectionpool.py", line 703, in urlopen
    httplib_response = self._make_request(
  File "/usr/local/lib/python3.8/site-packages/urllib3/connectionpool.py", line 449, in _make_request
    six.raise_from(e, None)
  File "<string>", line 3, in raise_from
  File "/usr/local/lib/python3.8/site-packages/urllib3/connectionpool.py", line 444, in _make_request
    httplib_response = conn.getresponse()
  File "/usr/local/lib/python3.8/http/client.py", line 1348, in getresponse
    response.begin()
  File "/usr/local/lib/python3.8/http/client.py", line 316, in begin
    version, status, reason = self._read_status()
  File "/usr/local/lib/python3.8/http/client.py", line 285, in _read_status
    raise RemoteDisconnected("Remote end closed connection without"
urllib3.exceptions.ProtocolError: ('Connection aborted.', RemoteDisconnected('Remote end closed connection without response'))

During handling of the above exception, another exception occurred:

Traceback (most recent call last):
  File "/usr/local/lib/python3.8/site-packages/twisted/internet/defer.py", line 858, in _runCallbacks
    current.result = callback(  # type: ignore[misc]
  File "/app/tennis_explorer/spiders/matches.py", line 104, in parse_detail
    player1 = self.parse_player_profile(
  File "/app/tennis_explorer/spiders/matches.py", line 212, in parse_player_profile
    soup = BeautifulSoup(requests.get(url).content, "lxml")
  File "/usr/local/lib/python3.8/site-packages/requests/api.py", line 75, in get
    return request('get', url, params=params, **kwargs)
  File "/usr/local/lib/python3.8/site-packages/requests/api.py", line 61, in request
    return session.request(method=method, url=url, **kwargs)
  File "/usr/local/lib/python3.8/site-packages/requests/sessions.py", line 529, in request
    resp = self.send(prep, **send_kwargs)
  File "/usr/local/lib/python3.8/site-packages/requests/sessions.py", line 667, in send
    history = [resp for resp in gen]
  File "/usr/local/lib/python3.8/site-packages/requests/sessions.py", line 667, in <listcomp>
    history = [resp for resp in gen]
  File "/usr/local/lib/python3.8/site-packages/requests/sessions.py", line 237, in resolve_redirects
    resp = self.send(
  File "/usr/local/lib/python3.8/site-packages/requests/sessions.py", line 645, in send
    r = adapter.send(request, **kwargs)
  File "/usr/local/lib/python3.8/site-packages/requests/adapters.py", line 501, in send
    raise ConnectionError(err, request=request)
requests.exceptions.ConnectionError: ('Connection aborted.', RemoteDisconnected('Remote end closed connection without response'))
2022-01-23 09:03:49 [scrapy.core.engine] DEBUG: Crawled (200) <GET https://www.tennisexplorer.com/match-detail/?id=2024390> (referer: https://www.tennisexplorer.com/next/?type=wta-single&year=2022&month=01&day=24&timezone=+9)
2022-01-23 09:03:49 [urllib3.connectionpool] DEBUG: Starting new HTTPS connection (1): www.tennisexplorer.com:443
2022-01-23 09:03:51 [urllib3.connectionpool] DEBUG: https://www.tennisexplorer.com:443 "GET /player/swiatek HTTP/1.1" 301 209
2022-01-23 09:03:51 [urllib3.connectionpool] DEBUG: Starting new HTTP connection (1): www.tennisexplorer.com:80
2022-01-23 09:03:51 [urllib3.connectionpool] DEBUG: http://www.tennisexplorer.com:80 "GET /player/swiatek/ HTTP/1.1" 301 162
2022-01-23 09:03:53 [scrapy.core.scraper] ERROR: Spider error processing <GET https://www.tennisexplorer.com/match-detail/?id=2024390> (referer: https://www.tennisexplorer.com/next/?type=wta-single&year=2022&month=01&day=24&timezone=+9)
Traceback (most recent call last):
  File "/usr/local/lib/python3.8/site-packages/urllib3/connectionpool.py", line 703, in urlopen
    httplib_response = self._make_request(
  File "/usr/local/lib/python3.8/site-packages/urllib3/connectionpool.py", line 449, in _make_request
    six.raise_from(e, None)
  File "<string>", line 3, in raise_from
  File "/usr/local/lib/python3.8/site-packages/urllib3/connectionpool.py", line 444, in _make_request
    httplib_response = conn.getresponse()
  File "/usr/local/lib/python3.8/http/client.py", line 1348, in getresponse
    response.begin()
  File "/usr/local/lib/python3.8/http/client.py", line 316, in begin
    version, status, reason = self._read_status()
  File "/usr/local/lib/python3.8/http/client.py", line 285, in _read_status
    raise RemoteDisconnected("Remote end closed connection without"
http.client.RemoteDisconnected: Remote end closed connection without response

During handling of the above exception, another exception occurred:

Traceback (most recent call last):
  File "/usr/local/lib/python3.8/site-packages/requests/adapters.py", line 440, in send
    resp = conn.urlopen(
  File "/usr/local/lib/python3.8/site-packages/urllib3/connectionpool.py", line 785, in urlopen
    retries = retries.increment(
  File "/usr/local/lib/python3.8/site-packages/urllib3/util/retry.py", line 550, in increment
    raise six.reraise(type(error), error, _stacktrace)
  File "/usr/local/lib/python3.8/site-packages/urllib3/packages/six.py", line 769, in reraise
    raise value.with_traceback(tb)
  File "/usr/local/lib/python3.8/site-packages/urllib3/connectionpool.py", line 703, in urlopen
    httplib_response = self._make_request(
  File "/usr/local/lib/python3.8/site-packages/urllib3/connectionpool.py", line 449, in _make_request
    six.raise_from(e, None)
  File "<string>", line 3, in raise_from
  File "/usr/local/lib/python3.8/site-packages/urllib3/connectionpool.py", line 444, in _make_request
    httplib_response = conn.getresponse()
  File "/usr/local/lib/python3.8/http/client.py", line 1348, in getresponse
    response.begin()
  File "/usr/local/lib/python3.8/http/client.py", line 316, in begin
    version, status, reason = self._read_status()
  File "/usr/local/lib/python3.8/http/client.py", line 285, in _read_status
    raise RemoteDisconnected("Remote end closed connection without"
urllib3.exceptions.ProtocolError: ('Connection aborted.', RemoteDisconnected('Remote end closed connection without response'))

During handling of the above exception, another exception occurred:

Traceback (most recent call last):
  File "/usr/local/lib/python3.8/site-packages/twisted/internet/defer.py", line 858, in _runCallbacks
    current.result = callback(  # type: ignore[misc]
  File "/app/tennis_explorer/spiders/matches.py", line 104, in parse_detail
    player1 = self.parse_player_profile(
  File "/app/tennis_explorer/spiders/matches.py", line 212, in parse_player_profile
    soup = BeautifulSoup(requests.get(url).content, "lxml")
  File "/usr/local/lib/python3.8/site-packages/requests/api.py", line 75, in get
    return request('get', url, params=params, **kwargs)
  File "/usr/local/lib/python3.8/site-packages/requests/api.py", line 61, in request
    return session.request(method=method, url=url, **kwargs)
  File "/usr/local/lib/python3.8/site-packages/requests/sessions.py", line 529, in request
    resp = self.send(prep, **send_kwargs)
  File "/usr/local/lib/python3.8/site-packages/requests/sessions.py", line 667, in send
    history = [resp for resp in gen]
  File "/usr/local/lib/python3.8/site-packages/requests/sessions.py", line 667, in <listcomp>
    history = [resp for resp in gen]
  File "/usr/local/lib/python3.8/site-packages/requests/sessions.py", line 237, in resolve_redirects
    resp = self.send(
  File "/usr/local/lib/python3.8/site-packages/requests/sessions.py", line 645, in send
    r = adapter.send(request, **kwargs)
  File "/usr/local/lib/python3.8/site-packages/requests/adapters.py", line 501, in send
    raise ConnectionError(err, request=request)
requests.exceptions.ConnectionError: ('Connection aborted.', RemoteDisconnected('Remote end closed connection without response'))
2022-01-23 09:03:53 [scrapy.core.engine] DEBUG: Crawled (200) <GET https://www.tennisexplorer.com/match-detail/?id=2024300> (referer: https://www.tennisexplorer.com/next/?type=wta-single&year=2022&month=01&day=24&timezone=+9)
2022-01-23 09:03:53 [urllib3.connectionpool] DEBUG: Starting new HTTPS connection (1): www.tennisexplorer.com:443
2022-01-23 09:03:54 [urllib3.connectionpool] DEBUG: https://www.tennisexplorer.com:443 "GET /player/halep HTTP/1.1" 301 205
2022-01-23 09:03:54 [urllib3.connectionpool] DEBUG: Starting new HTTP connection (1): www.tennisexplorer.com:80
2022-01-23 09:03:55 [urllib3.connectionpool] DEBUG: http://www.tennisexplorer.com:80 "GET /player/halep/ HTTP/1.1" 301 162
2022-01-23 09:03:55 [scrapy.core.scraper] ERROR: Spider error processing <GET https://www.tennisexplorer.com/match-detail/?id=2024300> (referer: https://www.tennisexplorer.com/next/?type=wta-single&year=2022&month=01&day=24&timezone=+9)
Traceback (most recent call last):
  File "/usr/local/lib/python3.8/site-packages/urllib3/connectionpool.py", line 703, in urlopen
    httplib_response = self._make_request(
  File "/usr/local/lib/python3.8/site-packages/urllib3/connectionpool.py", line 449, in _make_request
    six.raise_from(e, None)
  File "<string>", line 3, in raise_from
  File "/usr/local/lib/python3.8/site-packages/urllib3/connectionpool.py", line 444, in _make_request
    httplib_response = conn.getresponse()
  File "/usr/local/lib/python3.8/http/client.py", line 1348, in getresponse
    response.begin()
  File "/usr/local/lib/python3.8/http/client.py", line 316, in begin
    version, status, reason = self._read_status()
  File "/usr/local/lib/python3.8/http/client.py", line 285, in _read_status
    raise RemoteDisconnected("Remote end closed connection without"
http.client.RemoteDisconnected: Remote end closed connection without response

During handling of the above exception, another exception occurred:

Traceback (most recent call last):
  File "/usr/local/lib/python3.8/site-packages/requests/adapters.py", line 440, in send
    resp = conn.urlopen(
  File "/usr/local/lib/python3.8/site-packages/urllib3/connectionpool.py", line 785, in urlopen
    retries = retries.increment(
  File "/usr/local/lib/python3.8/site-packages/urllib3/util/retry.py", line 550, in increment
    raise six.reraise(type(error), error, _stacktrace)
  File "/usr/local/lib/python3.8/site-packages/urllib3/packages/six.py", line 769, in reraise
    raise value.with_traceback(tb)
  File "/usr/local/lib/python3.8/site-packages/urllib3/connectionpool.py", line 703, in urlopen
    httplib_response = self._make_request(
  File "/usr/local/lib/python3.8/site-packages/urllib3/connectionpool.py", line 449, in _make_request
    six.raise_from(e, None)
  File "<string>", line 3, in raise_from
  File "/usr/local/lib/python3.8/site-packages/urllib3/connectionpool.py", line 444, in _make_request
    httplib_response = conn.getresponse()
  File "/usr/local/lib/python3.8/http/client.py", line 1348, in getresponse
    response.begin()
  File "/usr/local/lib/python3.8/http/client.py", line 316, in begin
    version, status, reason = self._read_status()
  File "/usr/local/lib/python3.8/http/client.py", line 285, in _read_status
    raise RemoteDisconnected("Remote end closed connection without"
urllib3.exceptions.ProtocolError: ('Connection aborted.', RemoteDisconnected('Remote end closed connection without response'))

During handling of the above exception, another exception occurred:

Traceback (most recent call last):
  File "/usr/local/lib/python3.8/site-packages/twisted/internet/defer.py", line 858, in _runCallbacks
    current.result = callback(  # type: ignore[misc]
  File "/app/tennis_explorer/spiders/matches.py", line 104, in parse_detail
    player1 = self.parse_player_profile(
  File "/app/tennis_explorer/spiders/matches.py", line 212, in parse_player_profile
    soup = BeautifulSoup(requests.get(url).content, "lxml")
  File "/usr/local/lib/python3.8/site-packages/requests/api.py", line 75, in get
    return request('get', url, params=params, **kwargs)
  File "/usr/local/lib/python3.8/site-packages/requests/api.py", line 61, in request
    return session.request(method=method, url=url, **kwargs)
  File "/usr/local/lib/python3.8/site-packages/requests/sessions.py", line 529, in request
    resp = self.send(prep, **send_kwargs)
  File "/usr/local/lib/python3.8/site-packages/requests/sessions.py", line 667, in send
    history = [resp for resp in gen]
  File "/usr/local/lib/python3.8/site-packages/requests/sessions.py", line 667, in <listcomp>
    history = [resp for resp in gen]
  File "/usr/local/lib/python3.8/site-packages/requests/sessions.py", line 237, in resolve_redirects
    resp = self.send(
  File "/usr/local/lib/python3.8/site-packages/requests/sessions.py", line 645, in send
    r = adapter.send(request, **kwargs)
  File "/usr/local/lib/python3.8/site-packages/requests/adapters.py", line 501, in send
    raise ConnectionError(err, request=request)
requests.exceptions.ConnectionError: ('Connection aborted.', RemoteDisconnected('Remote end closed connection without response'))
2022-01-23 09:03:57 [scrapy.core.engine] DEBUG: Crawled (200) <GET https://www.tennisexplorer.com/match-detail/?id=2024308> (referer: https://www.tennisexplorer.com/next/?type=wta-single&year=2022&month=01&day=24&timezone=+9)
2022-01-23 09:03:57 [urllib3.connectionpool] DEBUG: Starting new HTTPS connection (1): www.tennisexplorer.com:443
2022-01-23 09:04:00 [urllib3.connectionpool] DEBUG: https://www.tennisexplorer.com:443 "GET /player/collins-f1bd8 HTTP/1.1" 301 215
2022-01-23 09:04:00 [urllib3.connectionpool] DEBUG: Starting new HTTP connection (1): www.tennisexplorer.com:80
2022-01-23 09:04:01 [urllib3.connectionpool] DEBUG: http://www.tennisexplorer.com:80 "GET /player/collins-f1bd8/ HTTP/1.1" 301 162
2022-01-23 09:04:01 [urllib3.connectionpool] DEBUG: Resetting dropped connection: www.tennisexplorer.com
2022-01-23 09:04:03 [urllib3.connectionpool] DEBUG: https://www.tennisexplorer.com:443 "GET /player/collins-f1bd8/ HTTP/1.1" 200 21003
2022-01-23 09:04:04 [urllib3.connectionpool] DEBUG: Starting new HTTPS connection (1): raw.githubusercontent.com:443
2022-01-23 09:04:04 [urllib3.connectionpool] DEBUG: https://raw.githubusercontent.com:443 "GET /ebijun1007/tennis_elo_scraper/main/latest/atp.csv HTTP/1.1" 200 18181
2022-01-23 09:04:04 [urllib3.connectionpool] DEBUG: Starting new HTTPS connection (1): raw.githubusercontent.com:443
2022-01-23 09:04:04 [urllib3.connectionpool] DEBUG: https://raw.githubusercontent.com:443 "GET /ebijun1007/tennis_elo_scraper/main/latest/wta.csv HTTP/1.1" 200 15504
2022-01-23 09:04:04 [urllib3.connectionpool] DEBUG: Starting new HTTPS connection (1): www.tennisexplorer.com:443
2022-01-23 09:04:05 [urllib3.connectionpool] DEBUG: https://www.tennisexplorer.com:443 "GET /player/mertens-f8826 HTTP/1.1" 301 215
2022-01-23 09:04:05 [urllib3.connectionpool] DEBUG: Starting new HTTP connection (1): www.tennisexplorer.com:80
2022-01-23 09:04:06 [urllib3.connectionpool] DEBUG: http://www.tennisexplorer.com:80 "GET /player/mertens-f8826/ HTTP/1.1" 301 162
2022-01-23 09:04:07 [scrapy.core.scraper] ERROR: Spider error processing <GET https://www.tennisexplorer.com/match-detail/?id=2024308> (referer: https://www.tennisexplorer.com/next/?type=wta-single&year=2022&month=01&day=24&timezone=+9)
Traceback (most recent call last):
  File "/usr/local/lib/python3.8/site-packages/urllib3/connectionpool.py", line 703, in urlopen
    httplib_response = self._make_request(
  File "/usr/local/lib/python3.8/site-packages/urllib3/connectionpool.py", line 449, in _make_request
    six.raise_from(e, None)
  File "<string>", line 3, in raise_from
  File "/usr/local/lib/python3.8/site-packages/urllib3/connectionpool.py", line 444, in _make_request
    httplib_response = conn.getresponse()
  File "/usr/local/lib/python3.8/http/client.py", line 1348, in getresponse
    response.begin()
  File "/usr/local/lib/python3.8/http/client.py", line 316, in begin
    version, status, reason = self._read_status()
  File "/usr/local/lib/python3.8/http/client.py", line 285, in _read_status
    raise RemoteDisconnected("Remote end closed connection without"
http.client.RemoteDisconnected: Remote end closed connection without response

During handling of the above exception, another exception occurred:

Traceback (most recent call last):
  File "/usr/local/lib/python3.8/site-packages/requests/adapters.py", line 440, in send
    resp = conn.urlopen(
  File "/usr/local/lib/python3.8/site-packages/urllib3/connectionpool.py", line 785, in urlopen
    retries = retries.increment(
  File "/usr/local/lib/python3.8/site-packages/urllib3/util/retry.py", line 550, in increment
    raise six.reraise(type(error), error, _stacktrace)
  File "/usr/local/lib/python3.8/site-packages/urllib3/packages/six.py", line 769, in reraise
    raise value.with_traceback(tb)
  File "/usr/local/lib/python3.8/site-packages/urllib3/connectionpool.py", line 703, in urlopen
    httplib_response = self._make_request(
  File "/usr/local/lib/python3.8/site-packages/urllib3/connectionpool.py", line 449, in _make_request
    six.raise_from(e, None)
  File "<string>", line 3, in raise_from
  File "/usr/local/lib/python3.8/site-packages/urllib3/connectionpool.py", line 444, in _make_request
    httplib_response = conn.getresponse()
  File "/usr/local/lib/python3.8/http/client.py", line 1348, in getresponse
    response.begin()
  File "/usr/local/lib/python3.8/http/client.py", line 316, in begin
    version, status, reason = self._read_status()
  File "/usr/local/lib/python3.8/http/client.py", line 285, in _read_status
    raise RemoteDisconnected("Remote end closed connection without"
urllib3.exceptions.ProtocolError: ('Connection aborted.', RemoteDisconnected('Remote end closed connection without response'))

During handling of the above exception, another exception occurred:

Traceback (most recent call last):
  File "/usr/local/lib/python3.8/site-packages/twisted/internet/defer.py", line 858, in _runCallbacks
    current.result = callback(  # type: ignore[misc]
  File "/app/tennis_explorer/spiders/matches.py", line 113, in parse_detail
    player2 = self.parse_player_profile(
  File "/app/tennis_explorer/spiders/matches.py", line 212, in parse_player_profile
    soup = BeautifulSoup(requests.get(url).content, "lxml")
  File "/usr/local/lib/python3.8/site-packages/requests/api.py", line 75, in get
    return request('get', url, params=params, **kwargs)
  File "/usr/local/lib/python3.8/site-packages/requests/api.py", line 61, in request
    return session.request(method=method, url=url, **kwargs)
  File "/usr/local/lib/python3.8/site-packages/requests/sessions.py", line 529, in request
    resp = self.send(prep, **send_kwargs)
  File "/usr/local/lib/python3.8/site-packages/requests/sessions.py", line 667, in send
    history = [resp for resp in gen]
  File "/usr/local/lib/python3.8/site-packages/requests/sessions.py", line 667, in <listcomp>
    history = [resp for resp in gen]
  File "/usr/local/lib/python3.8/site-packages/requests/sessions.py", line 237, in resolve_redirects
    resp = self.send(
  File "/usr/local/lib/python3.8/site-packages/requests/sessions.py", line 645, in send
    r = adapter.send(request, **kwargs)
  File "/usr/local/lib/python3.8/site-packages/requests/adapters.py", line 501, in send
    raise ConnectionError(err, request=request)
requests.exceptions.ConnectionError: ('Connection aborted.', RemoteDisconnected('Remote end closed connection without response'))
2022-01-23 09:04:07 [scrapy.core.engine] DEBUG: Crawled (200) <GET https://www.tennisexplorer.com/match-detail/?id=2024362> (referer: https://www.tennisexplorer.com/next/?type=atp-single&year=2022&month=01&day=24&timezone=+9)
2022-01-23 09:04:07 [scrapy.extensions.logstats] INFO: Crawled 13 pages (at 13 pages/min), scraped 0 items (at 0 items/min)
2022-01-23 09:04:07 [urllib3.connectionpool] DEBUG: Starting new HTTPS connection (1): www.tennisexplorer.com:443
2022-01-23 09:04:08 [urllib3.connectionpool] DEBUG: https://www.tennisexplorer.com:443 "GET /player/cressy HTTP/1.1" 301 209
2022-01-23 09:04:08 [urllib3.connectionpool] DEBUG: Starting new HTTP connection (1): www.tennisexplorer.com:80
2022-01-23 09:04:09 [urllib3.connectionpool] DEBUG: http://www.tennisexplorer.com:80 "GET /player/cressy/ HTTP/1.1" 301 162
2022-01-23 09:04:09 [urllib3.connectionpool] DEBUG: https://www.tennisexplorer.com:443 "GET /player/cressy/ HTTP/1.1" 200 20320
2022-01-23 09:04:09 [urllib3.connectionpool] DEBUG: Starting new HTTPS connection (1): raw.githubusercontent.com:443
2022-01-23 09:04:10 [urllib3.connectionpool] DEBUG: https://raw.githubusercontent.com:443 "GET /ebijun1007/tennis_elo_scraper/main/latest/atp.csv HTTP/1.1" 200 18181
2022-01-23 09:04:10 [urllib3.connectionpool] DEBUG: Starting new HTTPS connection (1): raw.githubusercontent.com:443
2022-01-23 09:04:10 [urllib3.connectionpool] DEBUG: https://raw.githubusercontent.com:443 "GET /ebijun1007/tennis_elo_scraper/main/latest/wta.csv HTTP/1.1" 200 15504
2022-01-23 09:04:10 [urllib3.connectionpool] DEBUG: Starting new HTTPS connection (1): www.tennisexplorer.com:443
2022-01-23 09:04:10 [urllib3.connectionpool] DEBUG: https://www.tennisexplorer.com:443 "GET /player/medvedev-e0d2d HTTP/1.1" 301 213
2022-01-23 09:04:10 [urllib3.connectionpool] DEBUG: Starting new HTTP connection (1): www.tennisexplorer.com:80
2022-01-23 09:04:11 [urllib3.connectionpool] DEBUG: http://www.tennisexplorer.com:80 "GET /player/medvedev-e0d2d/ HTTP/1.1" 301 162
2022-01-23 09:04:11 [urllib3.connectionpool] DEBUG: https://www.tennisexplorer.com:443 "GET /player/medvedev-e0d2d/ HTTP/1.1" 200 22012
2022-01-23 09:04:12 [urllib3.connectionpool] DEBUG: Starting new HTTPS connection (1): raw.githubusercontent.com:443
2022-01-23 09:04:12 [urllib3.connectionpool] DEBUG: https://raw.githubusercontent.com:443 "GET /ebijun1007/tennis_elo_scraper/main/latest/atp.csv HTTP/1.1" 200 18181
2022-01-23 09:04:12 [urllib3.connectionpool] DEBUG: Starting new HTTPS connection (1): raw.githubusercontent.com:443
2022-01-23 09:04:12 [urllib3.connectionpool] DEBUG: https://raw.githubusercontent.com:443 "GET /ebijun1007/tennis_elo_scraper/main/latest/wta.csv HTTP/1.1" 200 15504
2022-01-23 09:04:13 [scrapy.core.engine] DEBUG: Crawled (200) <GET https://www.tennisexplorer.com/match-detail/?id=2024360> (referer: https://www.tennisexplorer.com/next/?type=atp-single&year=2022&month=01&day=24&timezone=+9)
2022-01-23 09:04:13 [urllib3.connectionpool] DEBUG: Starting new HTTPS connection (1): www.tennisexplorer.com:443
2022-01-23 09:04:15 [urllib3.connectionpool] DEBUG: https://www.tennisexplorer.com:443 "GET /player/fritz-f1aa7 HTTP/1.1" 301 215
2022-01-23 09:04:15 [urllib3.connectionpool] DEBUG: Starting new HTTP connection (1): www.tennisexplorer.com:80
2022-01-23 09:04:15 [urllib3.connectionpool] DEBUG: http://www.tennisexplorer.com:80 "GET /player/fritz-f1aa7/ HTTP/1.1" 301 162
2022-01-23 09:04:15 [urllib3.connectionpool] DEBUG: https://www.tennisexplorer.com:443 "GET /player/fritz-f1aa7/ HTTP/1.1" 200 20893
2022-01-23 09:04:16 [urllib3.connectionpool] DEBUG: Starting new HTTPS connection (1): raw.githubusercontent.com:443
2022-01-23 09:04:16 [urllib3.connectionpool] DEBUG: https://raw.githubusercontent.com:443 "GET /ebijun1007/tennis_elo_scraper/main/latest/atp.csv HTTP/1.1" 200 18181
2022-01-23 09:04:16 [urllib3.connectionpool] DEBUG: Starting new HTTPS connection (1): raw.githubusercontent.com:443
2022-01-23 09:04:16 [urllib3.connectionpool] DEBUG: https://raw.githubusercontent.com:443 "GET /ebijun1007/tennis_elo_scraper/main/latest/wta.csv HTTP/1.1" 200 15504
2022-01-23 09:04:16 [urllib3.connectionpool] DEBUG: Starting new HTTPS connection (1): www.tennisexplorer.com:443
2022-01-23 09:04:17 [urllib3.connectionpool] DEBUG: https://www.tennisexplorer.com:443 "GET /player/tsitsipas-b526f HTTP/1.1" 301 218
2022-01-23 09:04:17 [urllib3.connectionpool] DEBUG: Starting new HTTP connection (1): www.tennisexplorer.com:80
2022-01-23 09:04:18 [urllib3.connectionpool] DEBUG: http://www.tennisexplorer.com:80 "GET /player/tsitsipas-b526f/ HTTP/1.1" 301 162
2022-01-23 09:04:18 [urllib3.connectionpool] DEBUG: https://www.tennisexplorer.com:443 "GET /player/tsitsipas-b526f/ HTTP/1.1" 200 21340
2022-01-23 09:04:18 [urllib3.connectionpool] DEBUG: Starting new HTTPS connection (1): raw.githubusercontent.com:443
2022-01-23 09:04:19 [urllib3.connectionpool] DEBUG: https://raw.githubusercontent.com:443 "GET /ebijun1007/tennis_elo_scraper/main/latest/atp.csv HTTP/1.1" 200 18181
2022-01-23 09:04:19 [urllib3.connectionpool] DEBUG: Starting new HTTPS connection (1): raw.githubusercontent.com:443
2022-01-23 09:04:20 [urllib3.connectionpool] DEBUG: https://raw.githubusercontent.com:443 "GET /ebijun1007/tennis_elo_scraper/main/latest/wta.csv HTTP/1.1" 200 15504
2022-01-23 09:04:20 [scrapy.core.engine] DEBUG: Crawled (200) <GET https://www.tennisexplorer.com/match-detail/?id=2024380> (referer: https://www.tennisexplorer.com/next/?type=atp-single&year=2022&month=01&day=24&timezone=+9)
2022-01-23 09:04:20 [urllib3.connectionpool] DEBUG: Starting new HTTPS connection (1): www.tennisexplorer.com:443
2022-01-23 09:04:21 [urllib3.connectionpool] DEBUG: https://www.tennisexplorer.com:443 "GET /player/de-minaur HTTP/1.1" 301 211
2022-01-23 09:04:21 [urllib3.connectionpool] DEBUG: Starting new HTTP connection (1): www.tennisexplorer.com:80
2022-01-23 09:04:21 [urllib3.connectionpool] DEBUG: http://www.tennisexplorer.com:80 "GET /player/de-minaur/ HTTP/1.1" 301 162
2022-01-23 09:04:22 [urllib3.connectionpool] DEBUG: https://www.tennisexplorer.com:443 "GET /player/de-minaur/ HTTP/1.1" 200 20460
2022-01-23 09:04:22 [urllib3.connectionpool] DEBUG: Starting new HTTPS connection (1): raw.githubusercontent.com:443
2022-01-23 09:04:22 [urllib3.connectionpool] DEBUG: https://raw.githubusercontent.com:443 "GET /ebijun1007/tennis_elo_scraper/main/latest/atp.csv HTTP/1.1" 200 18181
2022-01-23 09:04:22 [urllib3.connectionpool] DEBUG: Starting new HTTPS connection (1): raw.githubusercontent.com:443
2022-01-23 09:04:22 [urllib3.connectionpool] DEBUG: https://raw.githubusercontent.com:443 "GET /ebijun1007/tennis_elo_scraper/main/latest/wta.csv HTTP/1.1" 200 15504
2022-01-23 09:04:22 [urllib3.connectionpool] DEBUG: Starting new HTTPS connection (1): www.tennisexplorer.com:443
2022-01-23 09:04:23 [urllib3.connectionpool] DEBUG: https://www.tennisexplorer.com:443 "GET /player/sinner-8b8e8 HTTP/1.1" 301 214
2022-01-23 09:04:23 [urllib3.connectionpool] DEBUG: Starting new HTTP connection (1): www.tennisexplorer.com:80
2022-01-23 09:04:23 [urllib3.connectionpool] DEBUG: http://www.tennisexplorer.com:80 "GET /player/sinner-8b8e8/ HTTP/1.1" 301 162
2022-01-23 09:04:24 [urllib3.connectionpool] DEBUG: https://www.tennisexplorer.com:443 "GET /player/sinner-8b8e8/ HTTP/1.1" 200 20061
2022-01-23 09:04:24 [urllib3.connectionpool] DEBUG: Starting new HTTPS connection (1): raw.githubusercontent.com:443
2022-01-23 09:04:24 [urllib3.connectionpool] DEBUG: https://raw.githubusercontent.com:443 "GET /ebijun1007/tennis_elo_scraper/main/latest/atp.csv HTTP/1.1" 200 18181
2022-01-23 09:04:24 [urllib3.connectionpool] DEBUG: Starting new HTTPS connection (1): raw.githubusercontent.com:443
2022-01-23 09:04:24 [urllib3.connectionpool] DEBUG: https://raw.githubusercontent.com:443 "GET /ebijun1007/tennis_elo_scraper/main/latest/wta.csv HTTP/1.1" 200 15504
2022-01-23 09:04:25 [scrapy.core.engine] DEBUG: Crawled (200) <GET https://www.tennisexplorer.com/match-detail/?id=2024388> (referer: https://www.tennisexplorer.com/next/?type=atp-single&year=2022&month=01&day=24&timezone=+9)
2022-01-23 09:04:25 [urllib3.connectionpool] DEBUG: Starting new HTTPS connection (1): www.tennisexplorer.com:443
2022-01-23 09:04:27 [urllib3.connectionpool] DEBUG: https://www.tennisexplorer.com:443 "GET /player/cilic HTTP/1.1" 301 208
2022-01-23 09:04:27 [urllib3.connectionpool] DEBUG: Starting new HTTP connection (1): www.tennisexplorer.com:80
2022-01-23 09:04:28 [urllib3.connectionpool] DEBUG: http://www.tennisexplorer.com:80 "GET /player/cilic/ HTTP/1.1" 301 162
2022-01-23 09:04:28 [urllib3.connectionpool] DEBUG: Resetting dropped connection: www.tennisexplorer.com
2022-01-23 09:04:29 [urllib3.connectionpool] DEBUG: https://www.tennisexplorer.com:443 "GET /player/cilic/ HTTP/1.1" 200 24153
2022-01-23 09:04:29 [urllib3.connectionpool] DEBUG: Starting new HTTPS connection (1): raw.githubusercontent.com:443
2022-01-23 09:04:29 [urllib3.connectionpool] DEBUG: https://raw.githubusercontent.com:443 "GET /ebijun1007/tennis_elo_scraper/main/latest/atp.csv HTTP/1.1" 200 18181
2022-01-23 09:04:29 [urllib3.connectionpool] DEBUG: Starting new HTTPS connection (1): raw.githubusercontent.com:443
2022-01-23 09:04:29 [urllib3.connectionpool] DEBUG: https://raw.githubusercontent.com:443 "GET /ebijun1007/tennis_elo_scraper/main/latest/wta.csv HTTP/1.1" 200 15504
2022-01-23 09:04:29 [urllib3.connectionpool] DEBUG: Starting new HTTPS connection (1): www.tennisexplorer.com:443
2022-01-23 09:04:30 [urllib3.connectionpool] DEBUG: https://www.tennisexplorer.com:443 "GET /player/auger-aliassime HTTP/1.1" 301 216
2022-01-23 09:04:30 [urllib3.connectionpool] DEBUG: Starting new HTTP connection (1): www.tennisexplorer.com:80
2022-01-23 09:04:32 [urllib3.connectionpool] DEBUG: http://www.tennisexplorer.com:80 "GET /player/auger-aliassime/ HTTP/1.1" 301 162
2022-01-23 09:04:32 [urllib3.connectionpool] DEBUG: Resetting dropped connection: www.tennisexplorer.com
2022-01-23 09:04:33 [urllib3.connectionpool] DEBUG: https://www.tennisexplorer.com:443 "GET /player/auger-aliassime/ HTTP/1.1" 200 20699
2022-01-23 09:04:33 [urllib3.connectionpool] DEBUG: Starting new HTTPS connection (1): raw.githubusercontent.com:443
2022-01-23 09:04:33 [urllib3.connectionpool] DEBUG: https://raw.githubusercontent.com:443 "GET /ebijun1007/tennis_elo_scraper/main/latest/atp.csv HTTP/1.1" 200 18181
2022-01-23 09:04:33 [urllib3.connectionpool] DEBUG: Starting new HTTPS connection (1): raw.githubusercontent.com:443
2022-01-23 09:04:33 [urllib3.connectionpool] DEBUG: https://raw.githubusercontent.com:443 "GET /ebijun1007/tennis_elo_scraper/main/latest/wta.csv HTTP/1.1" 200 15504
2022-01-23 09:04:33 [scrapy.core.engine] DEBUG: Crawled (200) <GET https://www.tennisexplorer.com/match-detail/?id=2024196> (referer: https://www.tennisexplorer.com/matches/?type=wta-single&timezone=+9)
2022-01-23 09:04:33 [urllib3.connectionpool] DEBUG: Starting new HTTPS connection (1): www.tennisexplorer.com:443
2022-01-23 09:04:36 [urllib3.connectionpool] DEBUG: https://www.tennisexplorer.com:443 "GET /player/barty HTTP/1.1" 301 205
2022-01-23 09:04:36 [urllib3.connectionpool] DEBUG: Starting new HTTP connection (1): www.tennisexplorer.com:80
2022-01-23 09:04:36 [urllib3.connectionpool] DEBUG: http://www.tennisexplorer.com:80 "GET /player/barty/ HTTP/1.1" 301 162
2022-01-23 09:04:36 [urllib3.connectionpool] DEBUG: Resetting dropped connection: www.tennisexplorer.com
2022-01-23 09:04:37 [urllib3.connectionpool] DEBUG: https://www.tennisexplorer.com:443 "GET /player/barty/ HTTP/1.1" 200 23059
2022-01-23 09:04:37 [urllib3.connectionpool] DEBUG: Starting new HTTPS connection (1): raw.githubusercontent.com:443
2022-01-23 09:04:38 [urllib3.connectionpool] DEBUG: https://raw.githubusercontent.com:443 "GET /ebijun1007/tennis_elo_scraper/main/latest/atp.csv HTTP/1.1" 200 18181
2022-01-23 09:04:38 [urllib3.connectionpool] DEBUG: Starting new HTTPS connection (1): raw.githubusercontent.com:443
2022-01-23 09:04:38 [urllib3.connectionpool] DEBUG: https://raw.githubusercontent.com:443 "GET /ebijun1007/tennis_elo_scraper/main/latest/wta.csv HTTP/1.1" 200 15504
2022-01-23 09:04:38 [urllib3.connectionpool] DEBUG: Starting new HTTPS connection (1): www.tennisexplorer.com:443
2022-01-23 09:04:40 [urllib3.connectionpool] DEBUG: https://www.tennisexplorer.com:443 "GET /player/anisimova-3be62 HTTP/1.1" 301 216
2022-01-23 09:04:40 [urllib3.connectionpool] DEBUG: Starting new HTTP connection (1): www.tennisexplorer.com:80
2022-01-23 09:04:40 [urllib3.connectionpool] DEBUG: http://www.tennisexplorer.com:80 "GET /player/anisimova-3be62/ HTTP/1.1" 301 162
2022-01-23 09:04:41 [urllib3.connectionpool] DEBUG: https://www.tennisexplorer.com:443 "GET /player/anisimova-3be62/ HTTP/1.1" 200 19641
2022-01-23 09:04:41 [urllib3.connectionpool] DEBUG: Starting new HTTPS connection (1): raw.githubusercontent.com:443
2022-01-23 09:04:41 [urllib3.connectionpool] DEBUG: https://raw.githubusercontent.com:443 "GET /ebijun1007/tennis_elo_scraper/main/latest/atp.csv HTTP/1.1" 200 18181
2022-01-23 09:04:41 [urllib3.connectionpool] DEBUG: Starting new HTTPS connection (1): raw.githubusercontent.com:443
2022-01-23 09:04:41 [urllib3.connectionpool] DEBUG: https://raw.githubusercontent.com:443 "GET /ebijun1007/tennis_elo_scraper/main/latest/wta.csv HTTP/1.1" 200 15504
2022-01-23 09:04:41 [scrapy.core.engine] INFO: Closing spider (finished)
2022-01-23 09:04:41 [scrapy.statscollectors] INFO: Dumping Scrapy stats:
{'count_load_parse_detail': 11,
 'count_write_parse_detail': 5,
 'downloader/request_bytes': 9777,
 'downloader/request_count': 17,
 'downloader/request_method_count/GET': 17,
 'downloader/response_bytes': 590559,
 'downloader/response_count': 17,
 'downloader/response_status_count/200': 17,
 'elapsed_time_seconds': 95.851428,
 'finish_reason': 'finished',
 'finish_time': datetime.datetime(2022, 1, 23, 9, 4, 41, 695494),
 'httpcompression/response_bytes': 6014327,
 'httpcompression/response_count': 17,
 'log_count/DEBUG': 154,
 'log_count/ERROR': 6,
 'log_count/INFO': 11,
 'match_list': ['Australian Open'],
 'memusage/max': 238366720,
 'memusage/startup': 191275008,
 'request_depth_max': 2,
 'response_received_count': 17,
 'robotstxt/request_count': 1,
 'robotstxt/response_count': 1,
 'robotstxt/response_status_count/200': 1,
 'scheduler/dequeued': 16,
 'scheduler/dequeued/memory': 16,
 'scheduler/enqueued': 16,
 'scheduler/enqueued/memory': 16,
 'spider_exceptions/ConnectionError': 6,
 'start_time': datetime.datetime(2022, 1, 23, 9, 3, 5, 844066)}
2022-01-23 09:04:41 [scrapy.core.engine] INFO: Spider closed (finished)
